[ 2017-11-30T15:02:17+08:00 ] ::1 /waimai/Home/Index/index.html
INFO: [ app_init ] --START--
INFO: Run Behavior\BuildLiteBehavior [ RunTime:0.000009s ]
INFO: [ app_init ] --END-- [ RunTime:0.000281s ]
INFO: [ app_begin ] --START--
INFO: Run Behavior\ReadHtmlCacheBehavior [ RunTime:0.000482s ]
INFO: [ app_begin ] --END-- [ RunTime:0.000528s ]
SQL: SHOW COLUMNS FROM `type` [ RunTime:0.0035s ]
SQL: SELECT * FROM `type`  [ RunTime:0.0003s ]
SQL: SHOW COLUMNS FROM `product` [ RunTime:0.0036s ]
SQL: SELECT * FROM `product` WHERE ( up_down=1 AND type_id='74' )  [ RunTime:0.0003s ]
SQL: SELECT * FROM `product` WHERE ( up_down=1 AND type_id='13' )  [ RunTime:0.0003s ]
SQL: SELECT * FROM `product` WHERE ( up_down=1 AND type_id='61' )  [ RunTime:0.0002s ]
SQL: SELECT * FROM `product` WHERE ( up_down=1 AND type_id='60' )  [ RunTime:0.0002s ]
SQL: SELECT * FROM `product` WHERE ( up_down=1 AND type_id='59' )  [ RunTime:0.0002s ]
INFO: [ view_parse ] --START--
INFO: [ template_filter ] --START--
INFO: Run Behavior\ContentReplaceBehavior [ RunTime:0.000121s ]
INFO: [ template_filter ] --END-- [ RunTime:0.000174s ]
INFO: Run Behavior\ParseTemplateBehavior [ RunTime:0.008698s ]
INFO: [ view_parse ] --END-- [ RunTime:0.008733s ]
INFO: [ view_filter ] --START--
INFO: Run Behavior\WriteHtmlCacheBehavior [ RunTime:0.000197s ]
INFO: [ view_filter ] --END-- [ RunTime:0.000218s ]
INFO: [ app_end ] --START--
INFO: Run Behavior\ShowPageTraceBehavior [ RunTime:0.000503s ]
INFO: [ app_end ] --END-- [ RunTime:0.000549s ]

[ 2017-11-30T15:02:24+08:00 ] ::1 /waimai/Home/Order/add_order_detail.html
INFO: [ app_init ] --START--
INFO: Run Behavior\BuildLiteBehavior [ RunTime:0.000011s ]
INFO: [ app_init ] --END-- [ RunTime:0.000497s ]
INFO: [ app_begin ] --START--
INFO: Run Behavior\ReadHtmlCacheBehavior [ RunTime:0.000578s ]
INFO: [ app_begin ] --END-- [ RunTime:0.000633s ]
SQL: SHOW COLUMNS FROM `order` [ RunTime:0.0038s ]
SQL: INSERT INTO `order` (`total`,`users_id`) VALUES ('4890.00','4') [ RunTime:0.0002s ]
SQL: SHOW COLUMNS FROM `order_detail` [ RunTime:0.0048s ]
SQL: INSERT INTO `order_detail` (`product_id`,`name`,`nums`,`price`,`subtotal`,`users_id`,`order_id`) VALUES ('152','麻辣披萨','1','559.00','559.00','4','7') [ RunTime:0.0003s ]
SQL: INSERT INTO `order_detail` (`product_id`,`name`,`nums`,`price`,`subtotal`,`users_id`,`order_id`) VALUES ('151','三文鱼','1','998.00','998.00','4','7') [ RunTime:0.0003s ]
SQL: INSERT INTO `order_detail` (`product_id`,`name`,`nums`,`price`,`subtotal`,`users_id`,`order_id`) VALUES ('167','麻辣香虾','1','3333.00','3333.00','4','7') [ RunTime:0.0003s ]

[ 2017-11-30T15:02:25+08:00 ] ::1 /waimai/Home/Order/index.html
INFO: [ app_init ] --START--
INFO: Run Behavior\BuildLiteBehavior [ RunTime:0.000011s ]
INFO: [ app_init ] --END-- [ RunTime:0.000401s ]
INFO: [ app_begin ] --START--
INFO: Run Behavior\ReadHtmlCacheBehavior [ RunTime:0.000566s ]
INFO: [ app_begin ] --END-- [ RunTime:0.000644s ]
SQL: SHOW COLUMNS FROM `order_detail` [ RunTime:0.0068s ]
SQL: SELECT * FROM `order_detail` WHERE `order_id` = 7 AND `users_id` = 4  [ RunTime:0.0003s ]
SQL: SHOW COLUMNS FROM `order` [ RunTime:0.0051s ]
SQL: SELECT * FROM `order` WHERE `id` = 7 LIMIT 1   [ RunTime:0.0003s ]
SQL: SHOW COLUMNS FROM `deliveryaddress` [ RunTime:0.0047s ]
SQL: SELECT * FROM `deliveryaddress` WHERE `users_id` = 4  [ RunTime:0.0003s ]
INFO: [ view_parse ] --START--
INFO: [ template_filter ] --START--
INFO: Run Behavior\ContentReplaceBehavior [ RunTime:0.000156s ]
INFO: [ template_filter ] --END-- [ RunTime:0.000204s ]
INFO: Run Behavior\ParseTemplateBehavior [ RunTime:0.010846s ]
INFO: [ view_parse ] --END-- [ RunTime:0.010893s ]
INFO: [ view_filter ] --START--
INFO: Run Behavior\WriteHtmlCacheBehavior [ RunTime:0.000509s ]
INFO: [ view_filter ] --END-- [ RunTime:0.000548s ]
INFO: [ app_end ] --START--
INFO: Run Behavior\ShowPageTraceBehavior [ RunTime:0.000596s ]
INFO: [ app_end ] --END-- [ RunTime:0.000640s ]

[ 2017-11-30T15:13:11+08:00 ] ::1 /waimai/Home/Order/index.html
INFO: [ app_init ] --START--
INFO: Run Behavior\BuildLiteBehavior [ RunTime:0.000009s ]
INFO: [ app_init ] --END-- [ RunTime:0.000369s ]
INFO: [ app_begin ] --START--
INFO: Run Behavior\ReadHtmlCacheBehavior [ RunTime:0.000391s ]
INFO: [ app_begin ] --END-- [ RunTime:0.000422s ]
SQL: SHOW COLUMNS FROM `order_detail` [ RunTime:0.0064s ]
SQL: SELECT * FROM `order_detail` WHERE `order_id` = 7 AND `users_id` = 4  [ RunTime:0.0008s ]
SQL: SHOW COLUMNS FROM `order` [ RunTime:0.0062s ]
SQL: SELECT * FROM `order` WHERE `id` = 7 LIMIT 1   [ RunTime:0.0003s ]
SQL: SHOW COLUMNS FROM `deliveryaddress` [ RunTime:0.0048s ]
SQL: SELECT * FROM `deliveryaddress` WHERE `users_id` = 4  [ RunTime:0.0003s ]
INFO: [ view_parse ] --START--
INFO: [ template_filter ] --START--
INFO: Run Behavior\ContentReplaceBehavior [ RunTime:0.000206s ]
INFO: [ template_filter ] --END-- [ RunTime:0.000252s ]
INFO: Run Behavior\ParseTemplateBehavior [ RunTime:0.013871s ]
INFO: [ view_parse ] --END-- [ RunTime:0.013915s ]
INFO: [ view_filter ] --START--
INFO: Run Behavior\WriteHtmlCacheBehavior [ RunTime:0.000356s ]
INFO: [ view_filter ] --END-- [ RunTime:0.000388s ]
INFO: [ app_end ] --START--
INFO: Run Behavior\ShowPageTraceBehavior [ RunTime:0.000806s ]
INFO: [ app_end ] --END-- [ RunTime:0.000871s ]

[ 2017-11-30T15:13:14+08:00 ] ::1 /waimai/Home/Index/index.html
INFO: [ app_init ] --START--
INFO: Run Behavior\BuildLiteBehavior [ RunTime:0.000012s ]
INFO: [ app_init ] --END-- [ RunTime:0.000618s ]
INFO: [ app_begin ] --START--
INFO: Run Behavior\ReadHtmlCacheBehavior [ RunTime:0.000508s ]
INFO: [ app_begin ] --END-- [ RunTime:0.000559s ]
SQL: SHOW COLUMNS FROM `type` [ RunTime:0.0037s ]
SQL: SELECT * FROM `type`  [ RunTime:0.0003s ]
SQL: SHOW COLUMNS FROM `product` [ RunTime:0.0049s ]
SQL: SELECT * FROM `product` WHERE ( up_down=1 AND type_id='74' )  [ RunTime:0.0004s ]
SQL: SELECT * FROM `product` WHERE ( up_down=1 AND type_id='13' )  [ RunTime:0.0004s ]
SQL: SELECT * FROM `product` WHERE ( up_down=1 AND type_id='61' )  [ RunTime:0.0002s ]
SQL: SELECT * FROM `product` WHERE ( up_down=1 AND type_id='60' )  [ RunTime:0.0003s ]
SQL: SELECT * FROM `product` WHERE ( up_down=1 AND type_id='59' )  [ RunTime:0.0002s ]
INFO: [ view_parse ] --START--
INFO: [ template_filter ] --START--
INFO: Run Behavior\ContentReplaceBehavior [ RunTime:0.000112s ]
INFO: [ template_filter ] --END-- [ RunTime:0.000157s ]
INFO: Run Behavior\ParseTemplateBehavior [ RunTime:0.010221s ]
INFO: [ view_parse ] --END-- [ RunTime:0.010267s ]
INFO: [ view_filter ] --START--
INFO: Run Behavior\WriteHtmlCacheBehavior [ RunTime:0.000222s ]
INFO: [ view_filter ] --END-- [ RunTime:0.000242s ]
INFO: [ app_end ] --START--
INFO: Run Behavior\ShowPageTraceBehavior [ RunTime:0.000645s ]
INFO: [ app_end ] --END-- [ RunTime:0.000711s ]

[ 2017-11-30T15:16:39+08:00 ] ::1 /waimai/Home/Order/add_order_detail.html
INFO: [ app_init ] --START--
INFO: Run Behavior\BuildLiteBehavior [ RunTime:0.000012s ]
INFO: [ app_init ] --END-- [ RunTime:0.000617s ]
INFO: [ app_begin ] --START--
INFO: Run Behavior\ReadHtmlCacheBehavior [ RunTime:0.000582s ]
INFO: [ app_begin ] --END-- [ RunTime:0.000640s ]
SQL: SHOW COLUMNS FROM `order` [ RunTime:0.0038s ]
SQL: INSERT INTO `order` (`total`,`users_id`) VALUES ('2236.00','4') [ RunTime:0.0003s ]
SQL: SHOW COLUMNS FROM `order_detail` [ RunTime:0.0036s ]
SQL: INSERT INTO `order_detail` (`product_id`,`name`,`nums`,`price`,`subtotal`,`users_id`,`order_id`) VALUES ('152','麻辣披萨','4','559.00','2236.00','4','8') [ RunTime:0.0002s ]

[ 2017-11-30T15:16:40+08:00 ] ::1 /waimai/Home/Order/index.html
INFO: [ app_init ] --START--
INFO: Run Behavior\BuildLiteBehavior [ RunTime:0.000011s ]
INFO: [ app_init ] --END-- [ RunTime:0.000370s ]
INFO: [ app_begin ] --START--
INFO: Run Behavior\ReadHtmlCacheBehavior [ RunTime:0.000456s ]
INFO: [ app_begin ] --END-- [ RunTime:0.000505s ]
SQL: SHOW COLUMNS FROM `order_detail` [ RunTime:0.0042s ]
SQL: SELECT * FROM `order_detail` WHERE `order_id` = 8 AND `users_id` = 4  [ RunTime:0.0003s ]
SQL: SHOW COLUMNS FROM `order` [ RunTime:0.0048s ]
SQL: SELECT * FROM `order` WHERE `id` = 8 LIMIT 1   [ RunTime:0.0003s ]
SQL: SHOW COLUMNS FROM `deliveryaddress` [ RunTime:0.0042s ]
SQL: SELECT * FROM `deliveryaddress` WHERE `users_id` = 4  [ RunTime:0.0002s ]
INFO: [ view_parse ] --START--
INFO: [ template_filter ] --START--
INFO: Run Behavior\ContentReplaceBehavior [ RunTime:0.000139s ]
INFO: [ template_filter ] --END-- [ RunTime:0.000189s ]
INFO: Run Behavior\ParseTemplateBehavior [ RunTime:0.008737s ]
INFO: [ view_parse ] --END-- [ RunTime:0.008795s ]
INFO: [ view_filter ] --START--
INFO: Run Behavior\WriteHtmlCacheBehavior [ RunTime:0.000393s ]
INFO: [ view_filter ] --END-- [ RunTime:0.000427s ]
INFO: [ app_end ] --START--
INFO: Run Behavior\ShowPageTraceBehavior [ RunTime:0.000629s ]
INFO: [ app_end ] --END-- [ RunTime:0.000673s ]

[ 2017-11-30T15:17:50+08:00 ] ::1 /waimai/Home/Order/index.html
INFO: [ app_init ] --START--
INFO: Run Behavior\BuildLiteBehavior [ RunTime:0.000007s ]
INFO: [ app_init ] --END-- [ RunTime:0.000259s ]
INFO: [ app_begin ] --START--
INFO: Run Behavior\ReadHtmlCacheBehavior [ RunTime:0.000543s ]
INFO: [ app_begin ] --END-- [ RunTime:0.000597s ]
SQL: SHOW COLUMNS FROM `order_detail` [ RunTime:0.0069s ]
SQL: SELECT * FROM `order_detail` WHERE `order_id` = 8 AND `users_id` = 4  [ RunTime:0.0004s ]
SQL: SHOW COLUMNS FROM `order` [ RunTime:0.0060s ]
SQL: SELECT * FROM `order` WHERE `id` = 8 LIMIT 1   [ RunTime:0.0004s ]
SQL: SHOW COLUMNS FROM `deliveryaddress` [ RunTime:0.0051s ]
SQL: SELECT * FROM `deliveryaddress` WHERE `users_id` = 4  [ RunTime:0.0003s ]
INFO: [ view_parse ] --START--
INFO: [ template_filter ] --START--
INFO: Run Behavior\ContentReplaceBehavior [ RunTime:0.000148s ]
INFO: [ template_filter ] --END-- [ RunTime:0.000218s ]
INFO: Run Behavior\ParseTemplateBehavior [ RunTime:0.008170s ]
INFO: [ view_parse ] --END-- [ RunTime:0.008210s ]
INFO: [ view_filter ] --START--
INFO: Run Behavior\WriteHtmlCacheBehavior [ RunTime:0.000277s ]
INFO: [ view_filter ] --END-- [ RunTime:0.000306s ]
INFO: [ app_end ] --START--
INFO: Run Behavior\ShowPageTraceBehavior [ RunTime:0.000549s ]
INFO: [ app_end ] --END-- [ RunTime:0.000599s ]

[ 2017-11-30T15:18:24+08:00 ] ::1 /waimai/Home/Order/index.html
INFO: [ app_init ] --START--
INFO: Run Behavior\BuildLiteBehavior [ RunTime:0.000007s ]
INFO: [ app_init ] --END-- [ RunTime:0.000246s ]
INFO: [ app_begin ] --START--
INFO: Run Behavior\ReadHtmlCacheBehavior [ RunTime:0.000293s ]
INFO: [ app_begin ] --END-- [ RunTime:0.000327s ]
SQL: SHOW COLUMNS FROM `order_detail` [ RunTime:0.0046s ]
SQL: SELECT * FROM `order_detail` WHERE `order_id` = 8 AND `users_id` = 4  [ RunTime:0.0003s ]
SQL: SHOW COLUMNS FROM `order` [ RunTime:0.0046s ]
SQL: SELECT * FROM `order` WHERE `id` = 8 LIMIT 1   [ RunTime:0.0003s ]
SQL: SHOW COLUMNS FROM `deliveryaddress` [ RunTime:0.0045s ]
SQL: SELECT * FROM `deliveryaddress` WHERE `users_id` = 4  [ RunTime:0.0003s ]
INFO: [ view_parse ] --START--
INFO: [ template_filter ] --START--
INFO: Run Behavior\ContentReplaceBehavior [ RunTime:0.000169s ]
INFO: [ template_filter ] --END-- [ RunTime:0.000208s ]
INFO: Run Behavior\ParseTemplateBehavior [ RunTime:0.009246s ]
INFO: [ view_parse ] --END-- [ RunTime:0.009297s ]
INFO: [ view_filter ] --START--
INFO: Run Behavior\WriteHtmlCacheBehavior [ RunTime:0.000242s ]
INFO: [ view_filter ] --END-- [ RunTime:0.000273s ]
INFO: [ app_end ] --START--
INFO: Run Behavior\ShowPageTraceBehavior [ RunTime:0.000661s ]
INFO: [ app_end ] --END-- [ RunTime:0.000710s ]

[ 2017-11-30T15:19:05+08:00 ] ::1 /waimai/Home/Order/index.html
INFO: [ app_init ] --START--
INFO: Run Behavior\BuildLiteBehavior [ RunTime:0.000008s ]
INFO: [ app_init ] --END-- [ RunTime:0.000289s ]
INFO: [ app_begin ] --START--
INFO: Run Behavior\ReadHtmlCacheBehavior [ RunTime:0.000349s ]
INFO: [ app_begin ] --END-- [ RunTime:0.000383s ]
SQL: SHOW COLUMNS FROM `order_detail` [ RunTime:0.0052s ]
SQL: SELECT * FROM `order_detail` WHERE `order_id` = 8 AND `users_id` = 4  [ RunTime:0.0005s ]
SQL: SHOW COLUMNS FROM `order` [ RunTime:0.0054s ]
SQL: SELECT * FROM `order` WHERE `id` = 8 LIMIT 1   [ RunTime:0.0003s ]
SQL: SHOW COLUMNS FROM `deliveryaddress` [ RunTime:0.0050s ]
SQL: SELECT * FROM `deliveryaddress` WHERE `users_id` = 4  [ RunTime:0.0003s ]
INFO: [ view_parse ] --START--
INFO: [ template_filter ] --START--
INFO: Run Behavior\ContentReplaceBehavior [ RunTime:0.000144s ]
INFO: [ template_filter ] --END-- [ RunTime:0.000198s ]
INFO: Run Behavior\ParseTemplateBehavior [ RunTime:0.009063s ]
INFO: [ view_parse ] --END-- [ RunTime:0.009100s ]
INFO: [ view_filter ] --START--
INFO: Run Behavior\WriteHtmlCacheBehavior [ RunTime:0.000231s ]
INFO: [ view_filter ] --END-- [ RunTime:0.000252s ]
INFO: [ app_end ] --START--
INFO: Run Behavior\ShowPageTraceBehavior [ RunTime:0.000585s ]
INFO: [ app_end ] --END-- [ RunTime:0.000635s ]

[ 2017-11-30T15:20:30+08:00 ] ::1 /waimai/Home/Order/index.html
INFO: [ app_init ] --START--
INFO: Run Behavior\BuildLiteBehavior [ RunTime:0.000009s ]
INFO: [ app_init ] --END-- [ RunTime:0.000344s ]
INFO: [ app_begin ] --START--
INFO: Run Behavior\ReadHtmlCacheBehavior [ RunTime:0.000371s ]
INFO: [ app_begin ] --END-- [ RunTime:0.000399s ]
SQL: SHOW COLUMNS FROM `order_detail` [ RunTime:0.0041s ]
SQL: SELECT * FROM `order_detail` WHERE `order_id` = 8 AND `users_id` = 4  [ RunTime:0.0003s ]
SQL: SHOW COLUMNS FROM `order` [ RunTime:0.0034s ]
SQL: SELECT * FROM `order` WHERE `id` = 8 LIMIT 1   [ RunTime:0.0002s ]
SQL: SHOW COLUMNS FROM `deliveryaddress` [ RunTime:0.0041s ]
SQL: SELECT * FROM `deliveryaddress` WHERE `users_id` = 4  [ RunTime:0.0003s ]
INFO: [ view_parse ] --START--
INFO: [ template_filter ] --START--
INFO: Run Behavior\ContentReplaceBehavior [ RunTime:0.000126s ]
INFO: [ template_filter ] --END-- [ RunTime:0.000154s ]
INFO: Run Behavior\ParseTemplateBehavior [ RunTime:0.008603s ]
INFO: [ view_parse ] --END-- [ RunTime:0.008648s ]
INFO: [ view_filter ] --START--
INFO: Run Behavior\WriteHtmlCacheBehavior [ RunTime:0.000377s ]
INFO: [ view_filter ] --END-- [ RunTime:0.000412s ]
INFO: [ app_end ] --START--
INFO: Run Behavior\ShowPageTraceBehavior [ RunTime:0.000771s ]
INFO: [ app_end ] --END-- [ RunTime:0.000830s ]

[ 2017-11-30T15:22:11+08:00 ] ::1 /waimai/Home/Order/index.html
INFO: [ app_init ] --START--
INFO: Run Behavior\BuildLiteBehavior [ RunTime:0.000013s ]
INFO: [ app_init ] --END-- [ RunTime:0.000557s ]
INFO: [ app_begin ] --START--
INFO: Run Behavior\ReadHtmlCacheBehavior [ RunTime:0.000697s ]
INFO: [ app_begin ] --END-- [ RunTime:0.000765s ]
SQL: SHOW COLUMNS FROM `order_detail` [ RunTime:0.0051s ]
SQL: SELECT * FROM `order_detail` WHERE `order_id` = 8 AND `users_id` = 4  [ RunTime:0.0004s ]
SQL: SHOW COLUMNS FROM `order` [ RunTime:0.0057s ]
SQL: SELECT * FROM `order` WHERE `id` = 8 LIMIT 1   [ RunTime:0.0004s ]
SQL: SHOW COLUMNS FROM `deliveryaddress` [ RunTime:0.0060s ]
SQL: SELECT * FROM `deliveryaddress` WHERE `users_id` = 4  [ RunTime:0.0003s ]
INFO: [ view_parse ] --START--
INFO: [ template_filter ] --START--
INFO: Run Behavior\ContentReplaceBehavior [ RunTime:0.000179s ]
INFO: [ template_filter ] --END-- [ RunTime:0.000220s ]
INFO: Run Behavior\ParseTemplateBehavior [ RunTime:0.009553s ]
INFO: [ view_parse ] --END-- [ RunTime:0.009608s ]
INFO: [ view_filter ] --START--
INFO: Run Behavior\WriteHtmlCacheBehavior [ RunTime:0.000248s ]
INFO: [ view_filter ] --END-- [ RunTime:0.000277s ]
INFO: [ app_end ] --START--
INFO: Run Behavior\ShowPageTraceBehavior [ RunTime:0.000496s ]
INFO: [ app_end ] --END-- [ RunTime:0.000533s ]

[ 2017-11-30T15:32:50+08:00 ] ::1 /waimai/Home/Order/index.html
INFO: [ app_init ] --START--
INFO: Run Behavior\BuildLiteBehavior [ RunTime:0.000010s ]
INFO: [ app_init ] --END-- [ RunTime:0.000340s ]
INFO: [ app_begin ] --START--
INFO: Run Behavior\ReadHtmlCacheBehavior [ RunTime:0.000374s ]
INFO: [ app_begin ] --END-- [ RunTime:0.000405s ]
SQL: SHOW COLUMNS FROM `order_detail` [ RunTime:0.0050s ]
SQL: SELECT * FROM `order_detail` WHERE `order_id` = 8 AND `users_id` = 4  [ RunTime:0.0003s ]
SQL: SHOW COLUMNS FROM `order` [ RunTime:0.0039s ]
SQL: SELECT * FROM `order` WHERE `id` = 8 LIMIT 1   [ RunTime:0.0003s ]
SQL: SHOW COLUMNS FROM `deliveryaddress` [ RunTime:0.0038s ]
SQL: SELECT * FROM `deliveryaddress` WHERE `users_id` = 4  [ RunTime:0.0003s ]
INFO: [ view_parse ] --START--
INFO: [ template_filter ] --START--
INFO: Run Behavior\ContentReplaceBehavior [ RunTime:0.000139s ]
INFO: [ template_filter ] --END-- [ RunTime:0.000181s ]
INFO: Run Behavior\ParseTemplateBehavior [ RunTime:0.008637s ]
INFO: [ view_parse ] --END-- [ RunTime:0.008672s ]
INFO: [ view_filter ] --START--
INFO: Run Behavior\WriteHtmlCacheBehavior [ RunTime:0.000276s ]
INFO: [ view_filter ] --END-- [ RunTime:0.000297s ]
INFO: [ app_end ] --START--
INFO: Run Behavior\ShowPageTraceBehavior [ RunTime:0.000554s ]
INFO: [ app_end ] --END-- [ RunTime:0.000585s ]

[ 2017-11-30T15:32:54+08:00 ] ::1 /waimai/Home/Order/de_or
INFO: [ app_init ] --START--
INFO: Run Behavior\BuildLiteBehavior [ RunTime:0.000010s ]
INFO: [ app_init ] --END-- [ RunTime:0.000400s ]
INFO: [ app_begin ] --START--
INFO: Run Behavior\ReadHtmlCacheBehavior [ RunTime:0.000481s ]
INFO: [ app_begin ] --END-- [ RunTime:0.000525s ]
SQL: SHOW COLUMNS FROM `order` [ RunTime:0.0039s ]
SQL: SELECT * FROM `order` WHERE `id` = 8  [ RunTime:0.0002s ]
SQL: SHOW COLUMNS FROM `order_detail` [ RunTime:0.0043s ]
SQL: SELECT * FROM `order_detail` WHERE ( 1=1 AND order_id='8' )  [ RunTime:0.0002s ]

[ 2017-11-30T15:32:56+08:00 ] ::1 /waimai/Home/Order/de_or
INFO: [ app_init ] --START--
INFO: Run Behavior\BuildLiteBehavior [ RunTime:0.000012s ]
INFO: [ app_init ] --END-- [ RunTime:0.000434s ]
INFO: [ app_begin ] --START--
INFO: Run Behavior\ReadHtmlCacheBehavior [ RunTime:0.000743s ]
INFO: [ app_begin ] --END-- [ RunTime:0.000813s ]
SQL: SHOW COLUMNS FROM `order` [ RunTime:0.0045s ]
SQL: SELECT * FROM `order` WHERE `id` = 8  [ RunTime:0.0003s ]
SQL: SHOW COLUMNS FROM `order_detail` [ RunTime:0.0043s ]
SQL: SELECT * FROM `order_detail` WHERE ( 1=1 AND order_id='8' )  [ RunTime:0.0003s ]

[ 2017-11-30T15:33:00+08:00 ] ::1 /waimai/Home/Order/de_or
INFO: [ app_init ] --START--
INFO: Run Behavior\BuildLiteBehavior [ RunTime:0.000010s ]
INFO: [ app_init ] --END-- [ RunTime:0.000403s ]
INFO: [ app_begin ] --START--
INFO: Run Behavior\ReadHtmlCacheBehavior [ RunTime:0.000491s ]
INFO: [ app_begin ] --END-- [ RunTime:0.000539s ]
SQL: SHOW COLUMNS FROM `order` [ RunTime:0.0060s ]
SQL: SELECT * FROM `order` WHERE `id` = 8  [ RunTime:0.0002s ]
SQL: SHOW COLUMNS FROM `order_detail` [ RunTime:0.0044s ]
SQL: SELECT * FROM `order_detail` WHERE ( 1=1 AND order_id='8' )  [ RunTime:0.0003s ]

[ 2017-11-30T15:33:18+08:00 ] ::1 /waimai/Home/Order/de_or
INFO: [ app_init ] --START--
INFO: Run Behavior\BuildLiteBehavior [ RunTime:0.000011s ]
INFO: [ app_init ] --END-- [ RunTime:0.000382s ]
INFO: [ app_begin ] --START--
INFO: Run Behavior\ReadHtmlCacheBehavior [ RunTime:0.000472s ]
INFO: [ app_begin ] --END-- [ RunTime:0.000516s ]
SQL: SHOW COLUMNS FROM `order` [ RunTime:0.0041s ]
SQL: SELECT * FROM `order` WHERE `id` = 8  [ RunTime:0.0003s ]
SQL: SHOW COLUMNS FROM `order_detail` [ RunTime:0.0042s ]
SQL: SELECT * FROM `order_detail` WHERE ( 1=1 AND order_id='8' )  [ RunTime:0.0002s ]

[ 2017-11-30T15:33:34+08:00 ] ::1 /waimai/Home/Order/index.html
INFO: [ app_init ] --START--
INFO: Run Behavior\BuildLiteBehavior [ RunTime:0.000008s ]
INFO: [ app_init ] --END-- [ RunTime:0.000254s ]
INFO: [ app_begin ] --START--
INFO: Run Behavior\ReadHtmlCacheBehavior [ RunTime:0.000305s ]
INFO: [ app_begin ] --END-- [ RunTime:0.000333s ]
SQL: SHOW COLUMNS FROM `order_detail` [ RunTime:0.0050s ]
SQL: SELECT * FROM `order_detail` WHERE `order_id` = 8 AND `users_id` = 4  [ RunTime:0.0003s ]
SQL: SHOW COLUMNS FROM `order` [ RunTime:0.0048s ]
SQL: SELECT * FROM `order` WHERE `id` = 8 LIMIT 1   [ RunTime:0.0003s ]
SQL: SHOW COLUMNS FROM `deliveryaddress` [ RunTime:0.0057s ]
SQL: SELECT * FROM `deliveryaddress` WHERE `users_id` = 4  [ RunTime:0.0003s ]
INFO: [ view_parse ] --START--
INFO: [ template_filter ] --START--
INFO: Run Behavior\ContentReplaceBehavior [ RunTime:0.000180s ]
INFO: [ template_filter ] --END-- [ RunTime:0.000227s ]
INFO: Run Behavior\ParseTemplateBehavior [ RunTime:0.012400s ]
INFO: [ view_parse ] --END-- [ RunTime:0.012466s ]
INFO: [ view_filter ] --START--
INFO: Run Behavior\WriteHtmlCacheBehavior [ RunTime:0.000399s ]
INFO: [ view_filter ] --END-- [ RunTime:0.000444s ]
INFO: [ app_end ] --START--
INFO: Run Behavior\ShowPageTraceBehavior [ RunTime:0.000718s ]
INFO: [ app_end ] --END-- [ RunTime:0.000774s ]

[ 2017-11-30T15:33:37+08:00 ] ::1 /waimai/Home/Order/de_or
INFO: [ app_init ] --START--
INFO: Run Behavior\BuildLiteBehavior [ RunTime:0.000007s ]
INFO: [ app_init ] --END-- [ RunTime:0.000274s ]
INFO: [ app_begin ] --START--
INFO: Run Behavior\ReadHtmlCacheBehavior [ RunTime:0.000339s ]
INFO: [ app_begin ] --END-- [ RunTime:0.000366s ]
SQL: SHOW COLUMNS FROM `order` [ RunTime:0.0046s ]
SQL: SELECT * FROM `order` WHERE `id` = 8  [ RunTime:0.0003s ]
SQL: SHOW COLUMNS FROM `order_detail` [ RunTime:0.0045s ]
SQL: SELECT * FROM `order_detail` WHERE ( 1=1 AND order_id='8' )  [ RunTime:0.0003s ]

[ 2017-11-30T15:33:38+08:00 ] ::1 /waimai/Home/Order/de_or
INFO: [ app_init ] --START--
INFO: Run Behavior\BuildLiteBehavior [ RunTime:0.000008s ]
INFO: [ app_init ] --END-- [ RunTime:0.000271s ]
INFO: [ app_begin ] --START--
INFO: Run Behavior\ReadHtmlCacheBehavior [ RunTime:0.000333s ]
INFO: [ app_begin ] --END-- [ RunTime:0.000366s ]
SQL: SHOW COLUMNS FROM `order` [ RunTime:0.0036s ]
SQL: SELECT * FROM `order` WHERE `id` = 8  [ RunTime:0.0003s ]
SQL: SHOW COLUMNS FROM `order_detail` [ RunTime:0.0045s ]
SQL: SELECT * FROM `order_detail` WHERE ( 1=1 AND order_id='8' )  [ RunTime:0.0003s ]

[ 2017-11-30T15:33:39+08:00 ] ::1 /waimai/Home/Order/de_or
INFO: [ app_init ] --START--
INFO: Run Behavior\BuildLiteBehavior [ RunTime:0.000008s ]
INFO: [ app_init ] --END-- [ RunTime:0.000273s ]
INFO: [ app_begin ] --START--
INFO: Run Behavior\ReadHtmlCacheBehavior [ RunTime:0.000328s ]
INFO: [ app_begin ] --END-- [ RunTime:0.000360s ]
SQL: SHOW COLUMNS FROM `order` [ RunTime:0.0044s ]
SQL: SELECT * FROM `order` WHERE `id` = 8  [ RunTime:0.0002s ]
SQL: SHOW COLUMNS FROM `order_detail` [ RunTime:0.0040s ]
SQL: SELECT * FROM `order_detail` WHERE ( 1=1 AND order_id='8' )  [ RunTime:0.0003s ]

[ 2017-11-30T15:33:56+08:00 ] ::1 /waimai/Home/Index/index.html
INFO: [ app_init ] --START--
INFO: Run Behavior\BuildLiteBehavior [ RunTime:0.000011s ]
INFO: [ app_init ] --END-- [ RunTime:0.000427s ]
INFO: [ app_begin ] --START--
INFO: Run Behavior\ReadHtmlCacheBehavior [ RunTime:0.000468s ]
INFO: [ app_begin ] --END-- [ RunTime:0.000515s ]
SQL: SHOW COLUMNS FROM `type` [ RunTime:0.0048s ]
SQL: SELECT * FROM `type`  [ RunTime:0.0003s ]
SQL: SHOW COLUMNS FROM `product` [ RunTime:0.0056s ]
SQL: SELECT * FROM `product` WHERE ( up_down=1 AND type_id='74' )  [ RunTime:0.0003s ]
SQL: SELECT * FROM `product` WHERE ( up_down=1 AND type_id='13' )  [ RunTime:0.0004s ]
SQL: SELECT * FROM `product` WHERE ( up_down=1 AND type_id='61' )  [ RunTime:0.0002s ]
SQL: SELECT * FROM `product` WHERE ( up_down=1 AND type_id='60' )  [ RunTime:0.0002s ]
SQL: SELECT * FROM `product` WHERE ( up_down=1 AND type_id='59' )  [ RunTime:0.0002s ]
INFO: [ view_parse ] --START--
INFO: [ template_filter ] --START--
INFO: Run Behavior\ContentReplaceBehavior [ RunTime:0.000160s ]
INFO: [ template_filter ] --END-- [ RunTime:0.000207s ]
INFO: Run Behavior\ParseTemplateBehavior [ RunTime:0.011334s ]
INFO: [ view_parse ] --END-- [ RunTime:0.011379s ]
INFO: [ view_filter ] --START--
INFO: Run Behavior\WriteHtmlCacheBehavior [ RunTime:0.000276s ]
INFO: [ view_filter ] --END-- [ RunTime:0.000306s ]
INFO: [ app_end ] --START--
INFO: Run Behavior\ShowPageTraceBehavior [ RunTime:0.000657s ]
INFO: [ app_end ] --END-- [ RunTime:0.000721s ]

[ 2017-11-30T15:34:05+08:00 ] ::1 /waimai/Home/Order/add_order_detail.html
INFO: [ app_init ] --START--
INFO: Run Behavior\BuildLiteBehavior [ RunTime:0.000010s ]
INFO: [ app_init ] --END-- [ RunTime:0.000375s ]
INFO: [ app_begin ] --START--
INFO: Run Behavior\ReadHtmlCacheBehavior [ RunTime:0.000499s ]
INFO: [ app_begin ] --END-- [ RunTime:0.000551s ]
SQL: SHOW COLUMNS FROM `order` [ RunTime:0.0037s ]
SQL: INSERT INTO `order` (`total`,`users_id`) VALUES ('16889.00','4') [ RunTime:0.0003s ]
SQL: SHOW COLUMNS FROM `order_detail` [ RunTime:0.0038s ]
SQL: INSERT INTO `order_detail` (`product_id`,`name`,`nums`,`price`,`subtotal`,`users_id`,`order_id`) VALUES ('167','麻辣香虾','1','3333.00','3333.00','4','9') [ RunTime:0.0002s ]
SQL: INSERT INTO `order_detail` (`product_id`,`name`,`nums`,`price`,`subtotal`,`users_id`,`order_id`) VALUES ('152','麻辣披萨','1','559.00','559.00','4','9') [ RunTime:0.0002s ]
SQL: INSERT INTO `order_detail` (`product_id`,`name`,`nums`,`price`,`subtotal`,`users_id`,`order_id`) VALUES ('151','三文鱼','1','998.00','998.00','4','9') [ RunTime:0.0002s ]
SQL: INSERT INTO `order_detail` (`product_id`,`name`,`nums`,`price`,`subtotal`,`users_id`,`order_id`) VALUES ('155','麻辣香虾','2','3333.00','6666.00','4','9') [ RunTime:0.0002s ]
SQL: INSERT INTO `order_detail` (`product_id`,`name`,`nums`,`price`,`subtotal`,`users_id`,`order_id`) VALUES ('154','发财鸡','3','888.00','2664.00','4','9') [ RunTime:0.0002s ]
SQL: INSERT INTO `order_detail` (`product_id`,`name`,`nums`,`price`,`subtotal`,`users_id`,`order_id`) VALUES ('153','辣条抄豆角','1','556.00','556.00','4','9') [ RunTime:0.0002s ]
SQL: INSERT INTO `order_detail` (`product_id`,`name`,`nums`,`price`,`subtotal`,`users_id`,`order_id`) VALUES ('158','麻辣披萨','1','559.00','559.00','4','9') [ RunTime:0.0002s ]
SQL: INSERT INTO `order_detail` (`product_id`,`name`,`nums`,`price`,`subtotal`,`users_id`,`order_id`) VALUES ('159','辣条抄豆角','1','556.00','556.00','4','9') [ RunTime:0.0002s ]
SQL: INSERT INTO `order_detail` (`product_id`,`name`,`nums`,`price`,`subtotal`,`users_id`,`order_id`) VALUES ('157','三文鱼','1','998.00','998.00','4','9') [ RunTime:0.0002s ]

[ 2017-11-30T15:34:06+08:00 ] ::1 /waimai/Home/Order/index.html
INFO: [ app_init ] --START--
INFO: Run Behavior\BuildLiteBehavior [ RunTime:0.000010s ]
INFO: [ app_init ] --END-- [ RunTime:0.000377s ]
INFO: [ app_begin ] --START--
INFO: Run Behavior\ReadHtmlCacheBehavior [ RunTime:0.000490s ]
INFO: [ app_begin ] --END-- [ RunTime:0.000544s ]
SQL: SHOW COLUMNS FROM `order_detail` [ RunTime:0.0044s ]
SQL: SELECT * FROM `order_detail` WHERE `order_id` = 9 AND `users_id` = 4  [ RunTime:0.0003s ]
SQL: SHOW COLUMNS FROM `order` [ RunTime:0.0053s ]
SQL: SELECT * FROM `order` WHERE `id` = 9 LIMIT 1   [ RunTime:0.0004s ]
SQL: SHOW COLUMNS FROM `deliveryaddress` [ RunTime:0.0045s ]
SQL: SELECT * FROM `deliveryaddress` WHERE `users_id` = 4  [ RunTime:0.0003s ]
INFO: [ view_parse ] --START--
INFO: [ template_filter ] --START--
INFO: Run Behavior\ContentReplaceBehavior [ RunTime:0.000165s ]
INFO: [ template_filter ] --END-- [ RunTime:0.000206s ]
INFO: Run Behavior\ParseTemplateBehavior [ RunTime:0.011175s ]
INFO: [ view_parse ] --END-- [ RunTime:0.011221s ]
INFO: [ view_filter ] --START--
INFO: Run Behavior\WriteHtmlCacheBehavior [ RunTime:0.000270s ]
INFO: [ view_filter ] --END-- [ RunTime:0.000299s ]
INFO: [ app_end ] --START--
INFO: Run Behavior\ShowPageTraceBehavior [ RunTime:0.000463s ]
INFO: [ app_end ] --END-- [ RunTime:0.000499s ]

[ 2017-11-30T15:34:10+08:00 ] ::1 /waimai/Home/Order/de_or
INFO: [ app_init ] --START--
INFO: Run Behavior\BuildLiteBehavior [ RunTime:0.000008s ]
INFO: [ app_init ] --END-- [ RunTime:0.000345s ]
INFO: [ app_begin ] --START--
INFO: Run Behavior\ReadHtmlCacheBehavior [ RunTime:0.000472s ]
INFO: [ app_begin ] --END-- [ RunTime:0.000519s ]
SQL: SHOW COLUMNS FROM `order` [ RunTime:0.0041s ]
SQL: SELECT * FROM `order` WHERE `id` = 9  [ RunTime:0.0003s ]
SQL: SHOW COLUMNS FROM `order_detail` [ RunTime:0.0045s ]
SQL: SELECT * FROM `order_detail` WHERE ( 1=1 AND order_id='9' )  [ RunTime:0.0003s ]

[ 2017-11-30T15:34:40+08:00 ] ::1 /waimai/Home/Order/de_or
INFO: [ app_init ] --START--
INFO: Run Behavior\BuildLiteBehavior [ RunTime:0.000006s ]
INFO: [ app_init ] --END-- [ RunTime:0.000235s ]
INFO: [ app_begin ] --START--
INFO: Run Behavior\ReadHtmlCacheBehavior [ RunTime:0.000290s ]
INFO: [ app_begin ] --END-- [ RunTime:0.000312s ]
SQL: SHOW COLUMNS FROM `order` [ RunTime:0.0039s ]
SQL: DELETE FROM `order` WHERE `id` = 9 [ RunTime:0.0725s ]
NOTIC: [8] Undefined index: mapping_name E:\phpStudy\WWW\waimai\ThinkPHP\Library\Think\Model\RelationModel.class.php 第 259 行.
SQL: SHOW COLUMNS FROM `order_detail` [ RunTime:0.0036s ]
SQL: DELETE FROM `order_detail` WHERE `order_id` = 9 [ RunTime:0.0005s ]

[ 2017-11-30T15:34:59+08:00 ] ::1 /waimai/Home/Index/index.html
INFO: [ app_init ] --START--
INFO: Run Behavior\BuildLiteBehavior [ RunTime:0.000011s ]
INFO: [ app_init ] --END-- [ RunTime:0.000454s ]
INFO: [ app_begin ] --START--
INFO: Run Behavior\ReadHtmlCacheBehavior [ RunTime:0.000547s ]
INFO: [ app_begin ] --END-- [ RunTime:0.000600s ]
SQL: SHOW COLUMNS FROM `type` [ RunTime:0.0041s ]
SQL: SELECT * FROM `type`  [ RunTime:0.0002s ]
SQL: SHOW COLUMNS FROM `product` [ RunTime:0.0038s ]
SQL: SELECT * FROM `product` WHERE ( up_down=1 AND type_id='74' )  [ RunTime:0.0003s ]
SQL: SELECT * FROM `product` WHERE ( up_down=1 AND type_id='13' )  [ RunTime:0.0003s ]
SQL: SELECT * FROM `product` WHERE ( up_down=1 AND type_id='61' )  [ RunTime:0.0002s ]
SQL: SELECT * FROM `product` WHERE ( up_down=1 AND type_id='60' )  [ RunTime:0.0003s ]
SQL: SELECT * FROM `product` WHERE ( up_down=1 AND type_id='59' )  [ RunTime:0.0003s ]
INFO: [ view_parse ] --START--
INFO: [ template_filter ] --START--
INFO: Run Behavior\ContentReplaceBehavior [ RunTime:0.000109s ]
INFO: [ template_filter ] --END-- [ RunTime:0.000145s ]
INFO: Run Behavior\ParseTemplateBehavior [ RunTime:0.009054s ]
INFO: [ view_parse ] --END-- [ RunTime:0.009090s ]
INFO: [ view_filter ] --START--
INFO: Run Behavior\WriteHtmlCacheBehavior [ RunTime:0.000254s ]
INFO: [ view_filter ] --END-- [ RunTime:0.000276s ]
INFO: [ app_end ] --START--
INFO: Run Behavior\ShowPageTraceBehavior [ RunTime:0.000806s ]
INFO: [ app_end ] --END-- [ RunTime:0.000876s ]

[ 2017-11-30T15:35:05+08:00 ] ::1 /waimai/Home/Order/add_order_detail.html
INFO: [ app_init ] --START--
INFO: Run Behavior\BuildLiteBehavior [ RunTime:0.000015s ]
INFO: [ app_init ] --END-- [ RunTime:0.000432s ]
INFO: [ app_begin ] --START--
INFO: Run Behavior\ReadHtmlCacheBehavior [ RunTime:0.000438s ]
INFO: [ app_begin ] --END-- [ RunTime:0.000476s ]
SQL: SHOW COLUMNS FROM `order` [ RunTime:0.0062s ]
SQL: INSERT INTO `order` (`total`,`users_id`) VALUES ('9667.00','4') [ RunTime:0.0003s ]
SQL: SHOW COLUMNS FROM `order_detail` [ RunTime:0.0048s ]
SQL: INSERT INTO `order_detail` (`product_id`,`name`,`nums`,`price`,`subtotal`,`users_id`,`order_id`) VALUES ('152','麻辣披萨','1','559.00','559.00','4','1') [ RunTime:0.0002s ]
SQL: INSERT INTO `order_detail` (`product_id`,`name`,`nums`,`price`,`subtotal`,`users_id`,`order_id`) VALUES ('151','三文鱼','1','998.00','998.00','4','1') [ RunTime:0.0002s ]
SQL: INSERT INTO `order_detail` (`product_id`,`name`,`nums`,`price`,`subtotal`,`users_id`,`order_id`) VALUES ('167','麻辣香虾','1','3333.00','3333.00','4','1') [ RunTime:0.0002s ]
SQL: INSERT INTO `order_detail` (`product_id`,`name`,`nums`,`price`,`subtotal`,`users_id`,`order_id`) VALUES ('154','发财鸡','1','888.00','888.00','4','1') [ RunTime:0.0003s ]
SQL: INSERT INTO `order_detail` (`product_id`,`name`,`nums`,`price`,`subtotal`,`users_id`,`order_id`) VALUES ('153','辣条抄豆角','1','556.00','556.00','4','1') [ RunTime:0.0002s ]
SQL: INSERT INTO `order_detail` (`product_id`,`name`,`nums`,`price`,`subtotal`,`users_id`,`order_id`) VALUES ('155','麻辣香虾','1','3333.00','3333.00','4','1') [ RunTime:0.0002s ]

[ 2017-11-30T15:35:06+08:00 ] ::1 /waimai/Home/Order/index.html
INFO: [ app_init ] --START--
INFO: Run Behavior\BuildLiteBehavior [ RunTime:0.000010s ]
INFO: [ app_init ] --END-- [ RunTime:0.000379s ]
INFO: [ app_begin ] --START--
INFO: Run Behavior\ReadHtmlCacheBehavior [ RunTime:0.000813s ]
INFO: [ app_begin ] --END-- [ RunTime:0.000892s ]
SQL: SHOW COLUMNS FROM `order_detail` [ RunTime:0.0047s ]
SQL: SELECT * FROM `order_detail` WHERE `order_id` = 1 AND `users_id` = 4  [ RunTime:0.0003s ]
SQL: SHOW COLUMNS FROM `order` [ RunTime:0.0043s ]
SQL: SELECT * FROM `order` WHERE `id` = 1 LIMIT 1   [ RunTime:0.0003s ]
SQL: SHOW COLUMNS FROM `deliveryaddress` [ RunTime:0.0039s ]
SQL: SELECT * FROM `deliveryaddress` WHERE `users_id` = 4  [ RunTime:0.0002s ]
INFO: [ view_parse ] --START--
INFO: [ template_filter ] --START--
INFO: Run Behavior\ContentReplaceBehavior [ RunTime:0.000139s ]
INFO: [ template_filter ] --END-- [ RunTime:0.000179s ]
INFO: Run Behavior\ParseTemplateBehavior [ RunTime:0.007208s ]
INFO: [ view_parse ] --END-- [ RunTime:0.007239s ]
INFO: [ view_filter ] --START--
INFO: Run Behavior\WriteHtmlCacheBehavior [ RunTime:0.000204s ]
INFO: [ view_filter ] --END-- [ RunTime:0.000225s ]
INFO: [ app_end ] --START--
INFO: Run Behavior\ShowPageTraceBehavior [ RunTime:0.000570s ]
INFO: [ app_end ] --END-- [ RunTime:0.000626s ]

[ 2017-11-30T15:35:22+08:00 ] ::1 /waimai/Home/Order/de_or
INFO: [ app_init ] --START--
INFO: Run Behavior\BuildLiteBehavior [ RunTime:0.000010s ]
INFO: [ app_init ] --END-- [ RunTime:0.000352s ]
INFO: [ app_begin ] --START--
INFO: Run Behavior\ReadHtmlCacheBehavior [ RunTime:0.000451s ]
INFO: [ app_begin ] --END-- [ RunTime:0.000496s ]
SQL: SHOW COLUMNS FROM `order` [ RunTime:0.0041s ]
SQL: DELETE FROM `order` WHERE `id` = 1 [ RunTime:0.0003s ]
NOTIC: [8] Undefined index: mapping_name E:\phpStudy\WWW\waimai\ThinkPHP\Library\Think\Model\RelationModel.class.php 第 259 行.
SQL: SHOW COLUMNS FROM `order_detail` [ RunTime:0.0039s ]
SQL: DELETE FROM `order_detail` WHERE `order_id` = 1 [ RunTime:0.0004s ]

[ 2017-11-30T15:35:39+08:00 ] ::1 /waimai/Home/Order/de_or
INFO: [ app_init ] --START--
INFO: Run Behavior\BuildLiteBehavior [ RunTime:0.000010s ]
INFO: [ app_init ] --END-- [ RunTime:0.000372s ]
INFO: [ app_begin ] --START--
INFO: Run Behavior\ReadHtmlCacheBehavior [ RunTime:0.000457s ]
INFO: [ app_begin ] --END-- [ RunTime:0.000496s ]
SQL: SHOW COLUMNS FROM `order` [ RunTime:0.0072s ]
SQL: DELETE FROM `order` WHERE `id` = 1 [ RunTime:0.0001s ]
NOTIC: [8] Undefined index: mapping_name E:\phpStudy\WWW\waimai\ThinkPHP\Library\Think\Model\RelationModel.class.php 第 259 行.
SQL: SHOW COLUMNS FROM `order_detail` [ RunTime:0.0036s ]
SQL: DELETE FROM `order_detail` WHERE `order_id` = 1 [ RunTime:0.0002s ]

[ 2017-11-30T15:35:42+08:00 ] ::1 /waimai/Home/Order/de_or
INFO: [ app_init ] --START--
INFO: Run Behavior\BuildLiteBehavior [ RunTime:0.000008s ]
INFO: [ app_init ] --END-- [ RunTime:0.000330s ]
INFO: [ app_begin ] --START--
INFO: Run Behavior\ReadHtmlCacheBehavior [ RunTime:0.000654s ]
INFO: [ app_begin ] --END-- [ RunTime:0.000736s ]
SQL: SHOW COLUMNS FROM `order` [ RunTime:0.0053s ]
SQL: DELETE FROM `order` WHERE `id` = 1 [ RunTime:0.0002s ]
NOTIC: [8] Undefined index: mapping_name E:\phpStudy\WWW\waimai\ThinkPHP\Library\Think\Model\RelationModel.class.php 第 259 行.
SQL: SHOW COLUMNS FROM `order_detail` [ RunTime:0.0054s ]
SQL: DELETE FROM `order_detail` WHERE `order_id` = 1 [ RunTime:0.0002s ]

[ 2017-11-30T15:35:44+08:00 ] ::1 /waimai/Home/Order/de_or
INFO: [ app_init ] --START--
INFO: Run Behavior\BuildLiteBehavior [ RunTime:0.000008s ]
INFO: [ app_init ] --END-- [ RunTime:0.000245s ]
INFO: [ app_begin ] --START--
INFO: Run Behavior\ReadHtmlCacheBehavior [ RunTime:0.000549s ]
INFO: [ app_begin ] --END-- [ RunTime:0.000595s ]
SQL: SHOW COLUMNS FROM `order` [ RunTime:0.0051s ]
SQL: DELETE FROM `order` WHERE `id` = 1 [ RunTime:0.0001s ]
NOTIC: [8] Undefined index: mapping_name E:\phpStudy\WWW\waimai\ThinkPHP\Library\Think\Model\RelationModel.class.php 第 259 行.
SQL: SHOW COLUMNS FROM `order_detail` [ RunTime:0.0049s ]
SQL: DELETE FROM `order_detail` WHERE `order_id` = 1 [ RunTime:0.0002s ]

[ 2017-11-30T15:36:02+08:00 ] ::1 /waimai/Home/Order/add_order_detail.html
INFO: [ app_init ] --START--
INFO: Run Behavior\BuildLiteBehavior [ RunTime:0.000015s ]
INFO: [ app_init ] --END-- [ RunTime:0.000462s ]
INFO: [ app_begin ] --START--
INFO: Run Behavior\ReadHtmlCacheBehavior [ RunTime:0.000612s ]
INFO: [ app_begin ] --END-- [ RunTime:0.000675s ]
SQL: SHOW COLUMNS FROM `order` [ RunTime:0.0039s ]
SQL: INSERT INTO `order` (`total`,`users_id`) VALUES ('4890.00','4') [ RunTime:0.0003s ]
SQL: SHOW COLUMNS FROM `order_detail` [ RunTime:0.0035s ]
SQL: INSERT INTO `order_detail` (`product_id`,`name`,`nums`,`price`,`subtotal`,`users_id`,`order_id`) VALUES ('152','麻辣披萨','1','559.00','559.00','4','1') [ RunTime:0.0003s ]
SQL: INSERT INTO `order_detail` (`product_id`,`name`,`nums`,`price`,`subtotal`,`users_id`,`order_id`) VALUES ('151','三文鱼','1','998.00','998.00','4','1') [ RunTime:0.0002s ]
SQL: INSERT INTO `order_detail` (`product_id`,`name`,`nums`,`price`,`subtotal`,`users_id`,`order_id`) VALUES ('167','麻辣香虾','1','3333.00','3333.00','4','1') [ RunTime:0.0004s ]

[ 2017-11-30T15:36:03+08:00 ] ::1 /waimai/Home/Order/index.html
INFO: [ app_init ] --START--
INFO: Run Behavior\BuildLiteBehavior [ RunTime:0.000011s ]
INFO: [ app_init ] --END-- [ RunTime:0.000388s ]
INFO: [ app_begin ] --START--
INFO: Run Behavior\ReadHtmlCacheBehavior [ RunTime:0.000494s ]
INFO: [ app_begin ] --END-- [ RunTime:0.000549s ]
SQL: SHOW COLUMNS FROM `order_detail` [ RunTime:0.0040s ]
SQL: SELECT * FROM `order_detail` WHERE `order_id` = 1 AND `users_id` = 4  [ RunTime:0.0003s ]
SQL: SHOW COLUMNS FROM `order` [ RunTime:0.0040s ]
SQL: SELECT * FROM `order` WHERE `id` = 1 LIMIT 1   [ RunTime:0.0002s ]
SQL: SHOW COLUMNS FROM `deliveryaddress` [ RunTime:0.0036s ]
SQL: SELECT * FROM `deliveryaddress` WHERE `users_id` = 4  [ RunTime:0.0002s ]
INFO: [ view_parse ] --START--
INFO: [ template_filter ] --START--
INFO: Run Behavior\ContentReplaceBehavior [ RunTime:0.000399s ]
INFO: [ template_filter ] --END-- [ RunTime:0.000459s ]
INFO: Run Behavior\ParseTemplateBehavior [ RunTime:0.007754s ]
INFO: [ view_parse ] --END-- [ RunTime:0.007792s ]
INFO: [ view_filter ] --START--
INFO: Run Behavior\WriteHtmlCacheBehavior [ RunTime:0.000182s ]
INFO: [ view_filter ] --END-- [ RunTime:0.000206s ]
INFO: [ app_end ] --START--
INFO: Run Behavior\ShowPageTraceBehavior [ RunTime:0.000504s ]
INFO: [ app_end ] --END-- [ RunTime:0.000551s ]

[ 2017-11-30T15:36:13+08:00 ] ::1 /waimai/Home/Order/de_or
INFO: [ app_init ] --START--
INFO: Run Behavior\BuildLiteBehavior [ RunTime:0.000011s ]
INFO: [ app_init ] --END-- [ RunTime:0.000412s ]
INFO: [ app_begin ] --START--
INFO: Run Behavior\ReadHtmlCacheBehavior [ RunTime:0.000674s ]
INFO: [ app_begin ] --END-- [ RunTime:0.000745s ]
SQL: SHOW COLUMNS FROM `order` [ RunTime:0.0056s ]
SQL: DELETE FROM `order` WHERE `id` = 1 [ RunTime:0.0004s ]
NOTIC: [8] Undefined index: mapping_name E:\phpStudy\WWW\waimai\ThinkPHP\Library\Think\Model\RelationModel.class.php 第 259 行.
SQL: SHOW COLUMNS FROM `order_detail` [ RunTime:0.0051s ]
SQL: DELETE FROM `order_detail` WHERE `order_id` = 1 [ RunTime:0.0003s ]

[ 2017-11-30T15:36:32+08:00 ] ::1 /waimai/Home/Order/add_order_detail.html
INFO: [ app_init ] --START--
INFO: Run Behavior\BuildLiteBehavior [ RunTime:0.000012s ]
INFO: [ app_init ] --END-- [ RunTime:0.000404s ]
INFO: [ app_begin ] --START--
INFO: Run Behavior\ReadHtmlCacheBehavior [ RunTime:0.000481s ]
INFO: [ app_begin ] --END-- [ RunTime:0.000528s ]
SQL: SHOW COLUMNS FROM `order` [ RunTime:0.0050s ]
SQL: INSERT INTO `order` (`total`,`users_id`) VALUES ('26771.00','4') [ RunTime:0.0002s ]
SQL: SHOW COLUMNS FROM `order_detail` [ RunTime:0.0033s ]
SQL: INSERT INTO `order_detail` (`product_id`,`name`,`nums`,`price`,`subtotal`,`users_id`,`order_id`) VALUES ('152','麻辣披萨','2','559.00','1118.00','4','2') [ RunTime:0.0002s ]
SQL: INSERT INTO `order_detail` (`product_id`,`name`,`nums`,`price`,`subtotal`,`users_id`,`order_id`) VALUES ('155','麻辣香虾','2','3333.00','6666.00','4','2') [ RunTime:0.0002s ]
SQL: INSERT INTO `order_detail` (`product_id`,`name`,`nums`,`price`,`subtotal`,`users_id`,`order_id`) VALUES ('153','辣条抄豆角','1','556.00','556.00','4','2') [ RunTime:0.0002s ]
SQL: INSERT INTO `order_detail` (`product_id`,`name`,`nums`,`price`,`subtotal`,`users_id`,`order_id`) VALUES ('151','三文鱼','1','998.00','998.00','4','2') [ RunTime:0.0002s ]
SQL: INSERT INTO `order_detail` (`product_id`,`name`,`nums`,`price`,`subtotal`,`users_id`,`order_id`) VALUES ('167','麻辣香虾','1','3333.00','3333.00','4','2') [ RunTime:0.0002s ]
SQL: INSERT INTO `order_detail` (`product_id`,`name`,`nums`,`price`,`subtotal`,`users_id`,`order_id`) VALUES ('154','发财鸡','4','888.00','3552.00','4','2') [ RunTime:0.0002s ]
SQL: INSERT INTO `order_detail` (`product_id`,`name`,`nums`,`price`,`subtotal`,`users_id`,`order_id`) VALUES ('161','麻辣香虾','2','3333.00','6666.00','4','2') [ RunTime:0.0002s ]
SQL: INSERT INTO `order_detail` (`product_id`,`name`,`nums`,`price`,`subtotal`,`users_id`,`order_id`) VALUES ('163','三文鱼','3','998.00','2994.00','4','2') [ RunTime:0.0002s ]
SQL: INSERT INTO `order_detail` (`product_id`,`name`,`nums`,`price`,`subtotal`,`users_id`,`order_id`) VALUES ('160','发财鸡','1','888.00','888.00','4','2') [ RunTime:0.0002s ]

[ 2017-11-30T15:36:33+08:00 ] ::1 /waimai/Home/Order/index.html
INFO: [ app_init ] --START--
INFO: Run Behavior\BuildLiteBehavior [ RunTime:0.000012s ]
INFO: [ app_init ] --END-- [ RunTime:0.000412s ]
INFO: [ app_begin ] --START--
INFO: Run Behavior\ReadHtmlCacheBehavior [ RunTime:0.000502s ]
INFO: [ app_begin ] --END-- [ RunTime:0.000556s ]
SQL: SHOW COLUMNS FROM `order_detail` [ RunTime:0.0036s ]
SQL: SELECT * FROM `order_detail` WHERE `order_id` = 2 AND `users_id` = 4  [ RunTime:0.0003s ]
SQL: SHOW COLUMNS FROM `order` [ RunTime:0.0045s ]
SQL: SELECT * FROM `order` WHERE `id` = 2 LIMIT 1   [ RunTime:0.0003s ]
SQL: SHOW COLUMNS FROM `deliveryaddress` [ RunTime:0.0037s ]
SQL: SELECT * FROM `deliveryaddress` WHERE `users_id` = 4  [ RunTime:0.0002s ]
INFO: [ view_parse ] --START--
INFO: [ template_filter ] --START--
INFO: Run Behavior\ContentReplaceBehavior [ RunTime:0.000141s ]
INFO: [ template_filter ] --END-- [ RunTime:0.000192s ]
INFO: Run Behavior\ParseTemplateBehavior [ RunTime:0.007801s ]
INFO: [ view_parse ] --END-- [ RunTime:0.007850s ]
INFO: [ view_filter ] --START--
INFO: Run Behavior\WriteHtmlCacheBehavior [ RunTime:0.000305s ]
INFO: [ view_filter ] --END-- [ RunTime:0.000342s ]
INFO: [ app_end ] --START--
INFO: Run Behavior\ShowPageTraceBehavior [ RunTime:0.000517s ]
INFO: [ app_end ] --END-- [ RunTime:0.000562s ]

[ 2017-11-30T15:36:38+08:00 ] ::1 /waimai/Home/Order/de_or
INFO: [ app_init ] --START--
INFO: Run Behavior\BuildLiteBehavior [ RunTime:0.000010s ]
INFO: [ app_init ] --END-- [ RunTime:0.000399s ]
INFO: [ app_begin ] --START--
INFO: Run Behavior\ReadHtmlCacheBehavior [ RunTime:0.000568s ]
INFO: [ app_begin ] --END-- [ RunTime:0.000618s ]
SQL: SHOW COLUMNS FROM `order` [ RunTime:0.0037s ]
SQL: DELETE FROM `order` WHERE `id` = 2 [ RunTime:0.0002s ]
NOTIC: [8] Undefined index: mapping_name E:\phpStudy\WWW\waimai\ThinkPHP\Library\Think\Model\RelationModel.class.php 第 259 行.
SQL: SHOW COLUMNS FROM `order_detail` [ RunTime:0.0040s ]
SQL: DELETE FROM `order_detail` WHERE `order_id` = 2 [ RunTime:0.0004s ]

[ 2017-11-30T15:36:55+08:00 ] ::1 /waimai/Home/Order/add_order_detail.html
INFO: [ app_init ] --START--
INFO: Run Behavior\BuildLiteBehavior [ RunTime:0.000012s ]
INFO: [ app_init ] --END-- [ RunTime:0.000416s ]
INFO: [ app_begin ] --START--
INFO: Run Behavior\ReadHtmlCacheBehavior [ RunTime:0.000496s ]
INFO: [ app_begin ] --END-- [ RunTime:0.000544s ]
SQL: SHOW COLUMNS FROM `order` [ RunTime:0.0035s ]
SQL: INSERT INTO `order` (`total`,`users_id`) VALUES ('41574.00','4') [ RunTime:0.0002s ]
SQL: SHOW COLUMNS FROM `order_detail` [ RunTime:0.0034s ]
SQL: INSERT INTO `order_detail` (`product_id`,`name`,`nums`,`price`,`subtotal`,`users_id`,`order_id`) VALUES ('159','辣条抄豆角','1','556.00','556.00','4','3') [ RunTime:0.0002s ]
SQL: INSERT INTO `order_detail` (`product_id`,`name`,`nums`,`price`,`subtotal`,`users_id`,`order_id`) VALUES ('158','麻辣披萨','1','559.00','559.00','4','3') [ RunTime:0.0002s ]
SQL: INSERT INTO `order_detail` (`product_id`,`name`,`nums`,`price`,`subtotal`,`users_id`,`order_id`) VALUES ('157','三文鱼','1','998.00','998.00','4','3') [ RunTime:0.0003s ]
SQL: INSERT INTO `order_detail` (`product_id`,`name`,`nums`,`price`,`subtotal`,`users_id`,`order_id`) VALUES ('161','麻辣香虾','5','3333.00','16665.00','4','3') [ RunTime:0.0002s ]
SQL: INSERT INTO `order_detail` (`product_id`,`name`,`nums`,`price`,`subtotal`,`users_id`,`order_id`) VALUES ('165','辣条抄豆角','6','556.00','3336.00','4','3') [ RunTime:0.0003s ]
SQL: INSERT INTO `order_detail` (`product_id`,`name`,`nums`,`price`,`subtotal`,`users_id`,`order_id`) VALUES ('170','麻辣披萨','5','559.00','2795.00','4','3') [ RunTime:0.0002s ]
SQL: INSERT INTO `order_detail` (`product_id`,`name`,`nums`,`price`,`subtotal`,`users_id`,`order_id`) VALUES ('173','麻辣香虾','5','3333.00','16665.00','4','3') [ RunTime:0.0002s ]

[ 2017-11-30T15:36:57+08:00 ] ::1 /waimai/Home/Order/index.html
INFO: [ app_init ] --START--
INFO: Run Behavior\BuildLiteBehavior [ RunTime:0.000011s ]
INFO: [ app_init ] --END-- [ RunTime:0.000382s ]
INFO: [ app_begin ] --START--
INFO: Run Behavior\ReadHtmlCacheBehavior [ RunTime:0.000431s ]
INFO: [ app_begin ] --END-- [ RunTime:0.000475s ]
SQL: SHOW COLUMNS FROM `order_detail` [ RunTime:0.0056s ]
SQL: SELECT * FROM `order_detail` WHERE `order_id` = 3 AND `users_id` = 4  [ RunTime:0.0003s ]
SQL: SHOW COLUMNS FROM `order` [ RunTime:0.0046s ]
SQL: SELECT * FROM `order` WHERE `id` = 3 LIMIT 1   [ RunTime:0.0003s ]
SQL: SHOW COLUMNS FROM `deliveryaddress` [ RunTime:0.0041s ]
SQL: SELECT * FROM `deliveryaddress` WHERE `users_id` = 4  [ RunTime:0.0003s ]
INFO: [ view_parse ] --START--
INFO: [ template_filter ] --START--
INFO: Run Behavior\ContentReplaceBehavior [ RunTime:0.000165s ]
INFO: [ template_filter ] --END-- [ RunTime:0.000205s ]
INFO: Run Behavior\ParseTemplateBehavior [ RunTime:0.011107s ]
INFO: [ view_parse ] --END-- [ RunTime:0.011146s ]
INFO: [ view_filter ] --START--
INFO: Run Behavior\WriteHtmlCacheBehavior [ RunTime:0.000234s ]
INFO: [ view_filter ] --END-- [ RunTime:0.000261s ]
INFO: [ app_end ] --START--
INFO: Run Behavior\ShowPageTraceBehavior [ RunTime:0.000462s ]
INFO: [ app_end ] --END-- [ RunTime:0.000505s ]

[ 2017-11-30T15:37:19+08:00 ] ::1 /waimai/Home/Order/de_or
INFO: [ app_init ] --START--
INFO: Run Behavior\BuildLiteBehavior [ RunTime:0.000010s ]
INFO: [ app_init ] --END-- [ RunTime:0.000439s ]
INFO: [ app_begin ] --START--
INFO: Run Behavior\ReadHtmlCacheBehavior [ RunTime:0.000553s ]
INFO: [ app_begin ] --END-- [ RunTime:0.000603s ]
SQL: SHOW COLUMNS FROM `order` [ RunTime:0.0043s ]
SQL: DELETE FROM `order` WHERE `id` = 3 [ RunTime:0.0003s ]
NOTIC: [8] Undefined index: mapping_name E:\phpStudy\WWW\waimai\ThinkPHP\Library\Think\Model\RelationModel.class.php 第 259 行.
SQL: SHOW COLUMNS FROM `order_detail` [ RunTime:0.0039s ]
SQL: DELETE FROM `order_detail` WHERE `order_id` = 3 [ RunTime:0.0005s ]

[ 2017-11-30T15:41:35+08:00 ] ::1 /waimai/Home/Order/index.html
INFO: [ app_init ] --START--
INFO: Run Behavior\BuildLiteBehavior [ RunTime:0.000009s ]
INFO: [ app_init ] --END-- [ RunTime:0.000310s ]
INFO: [ app_begin ] --START--
INFO: Run Behavior\ReadHtmlCacheBehavior [ RunTime:0.000677s ]
INFO: [ app_begin ] --END-- [ RunTime:0.000759s ]
SQL: SHOW COLUMNS FROM `order_detail` [ RunTime:0.0055s ]
SQL: SELECT * FROM `order_detail` WHERE `order_id` = 3 AND `users_id` = 4  [ RunTime:0.0005s ]
SQL: SHOW COLUMNS FROM `order` [ RunTime:0.0038s ]
SQL: SELECT * FROM `order` WHERE `id` = 3 LIMIT 1   [ RunTime:0.0002s ]
SQL: SHOW COLUMNS FROM `deliveryaddress` [ RunTime:0.0037s ]
SQL: SELECT * FROM `deliveryaddress` WHERE `users_id` = 4  [ RunTime:0.0002s ]
INFO: [ view_parse ] --START--
INFO: [ template_filter ] --START--
INFO: Run Behavior\ContentReplaceBehavior [ RunTime:0.000143s ]
INFO: [ template_filter ] --END-- [ RunTime:0.000181s ]
INFO: Run Behavior\ParseTemplateBehavior [ RunTime:0.010876s ]
INFO: [ view_parse ] --END-- [ RunTime:0.010910s ]
INFO: [ view_filter ] --START--
INFO: Run Behavior\WriteHtmlCacheBehavior [ RunTime:0.000335s ]
INFO: [ view_filter ] --END-- [ RunTime:0.000371s ]
INFO: [ app_end ] --START--
INFO: Run Behavior\ShowPageTraceBehavior [ RunTime:0.000588s ]
INFO: [ app_end ] --END-- [ RunTime:0.000625s ]

[ 2017-11-30T15:41:37+08:00 ] ::1 /waimai/Home/Index/index.html
INFO: [ app_init ] --START--
INFO: Run Behavior\BuildLiteBehavior [ RunTime:0.000015s ]
INFO: [ app_init ] --END-- [ RunTime:0.000782s ]
INFO: [ app_begin ] --START--
INFO: Run Behavior\ReadHtmlCacheBehavior [ RunTime:0.000609s ]
INFO: [ app_begin ] --END-- [ RunTime:0.000672s ]
SQL: SHOW COLUMNS FROM `type` [ RunTime:0.0059s ]
SQL: SELECT * FROM `type`  [ RunTime:0.0003s ]
SQL: SHOW COLUMNS FROM `product` [ RunTime:0.0061s ]
SQL: SELECT * FROM `product` WHERE ( up_down=1 AND type_id='74' )  [ RunTime:0.0004s ]
SQL: SELECT * FROM `product` WHERE ( up_down=1 AND type_id='13' )  [ RunTime:0.0006s ]
SQL: SELECT * FROM `product` WHERE ( up_down=1 AND type_id='61' )  [ RunTime:0.0007s ]
SQL: SELECT * FROM `product` WHERE ( up_down=1 AND type_id='60' )  [ RunTime:0.0007s ]
SQL: SELECT * FROM `product` WHERE ( up_down=1 AND type_id='59' )  [ RunTime:0.0008s ]
INFO: [ view_parse ] --START--
INFO: [ template_filter ] --START--
INFO: Run Behavior\ContentReplaceBehavior [ RunTime:0.000162s ]
INFO: [ template_filter ] --END-- [ RunTime:0.000233s ]
INFO: Run Behavior\ParseTemplateBehavior [ RunTime:0.013057s ]
INFO: [ view_parse ] --END-- [ RunTime:0.013116s ]
INFO: [ view_filter ] --START--
INFO: Run Behavior\WriteHtmlCacheBehavior [ RunTime:0.000329s ]
INFO: [ view_filter ] --END-- [ RunTime:0.000367s ]
INFO: [ app_end ] --START--
INFO: Run Behavior\ShowPageTraceBehavior [ RunTime:0.000600s ]
INFO: [ app_end ] --END-- [ RunTime:0.000659s ]

[ 2017-11-30T15:41:44+08:00 ] ::1 /waimai/Home/Order/add_order_detail.html
INFO: [ app_init ] --START--
INFO: Run Behavior\BuildLiteBehavior [ RunTime:0.000011s ]
INFO: [ app_init ] --END-- [ RunTime:0.000407s ]
INFO: [ app_begin ] --START--
INFO: Run Behavior\ReadHtmlCacheBehavior [ RunTime:0.000602s ]
INFO: [ app_begin ] --END-- [ RunTime:0.000662s ]
SQL: SHOW COLUMNS FROM `order` [ RunTime:0.0043s ]
SQL: INSERT INTO `order` (`total`,`users_id`) VALUES ('4006.00','4') [ RunTime:0.0003s ]
SQL: SHOW COLUMNS FROM `order_detail` [ RunTime:0.0035s ]
SQL: INSERT INTO `order_detail` (`product_id`,`name`,`nums`,`price`,`subtotal`,`users_id`,`order_id`) VALUES ('164','麻辣披萨','2','559.00','1118.00','4','4') [ RunTime:0.0003s ]
SQL: INSERT INTO `order_detail` (`product_id`,`name`,`nums`,`price`,`subtotal`,`users_id`,`order_id`) VALUES ('165','辣条抄豆角','2','556.00','1112.00','4','4') [ RunTime:0.0002s ]
SQL: INSERT INTO `order_detail` (`product_id`,`name`,`nums`,`price`,`subtotal`,`users_id`,`order_id`) VALUES ('166','发财鸡','2','888.00','1776.00','4','4') [ RunTime:0.0002s ]

[ 2017-11-30T15:41:45+08:00 ] ::1 /waimai/Home/Order/index.html
INFO: [ app_init ] --START--
INFO: Run Behavior\BuildLiteBehavior [ RunTime:0.000011s ]
INFO: [ app_init ] --END-- [ RunTime:0.000395s ]
INFO: [ app_begin ] --START--
INFO: Run Behavior\ReadHtmlCacheBehavior [ RunTime:0.000497s ]
INFO: [ app_begin ] --END-- [ RunTime:0.000552s ]
SQL: SHOW COLUMNS FROM `order_detail` [ RunTime:0.0036s ]
SQL: SELECT * FROM `order_detail` WHERE `order_id` = 4 AND `users_id` = 4  [ RunTime:0.0004s ]
SQL: SHOW COLUMNS FROM `order` [ RunTime:0.0040s ]
SQL: SELECT * FROM `order` WHERE `id` = 4 LIMIT 1   [ RunTime:0.0005s ]
SQL: SHOW COLUMNS FROM `deliveryaddress` [ RunTime:0.0043s ]
SQL: SELECT * FROM `deliveryaddress` WHERE `users_id` = 4  [ RunTime:0.0002s ]
INFO: [ view_parse ] --START--
INFO: [ template_filter ] --START--
INFO: Run Behavior\ContentReplaceBehavior [ RunTime:0.000121s ]
INFO: [ template_filter ] --END-- [ RunTime:0.000149s ]
INFO: Run Behavior\ParseTemplateBehavior [ RunTime:0.007005s ]
INFO: [ view_parse ] --END-- [ RunTime:0.007042s ]
INFO: [ view_filter ] --START--
INFO: Run Behavior\WriteHtmlCacheBehavior [ RunTime:0.000210s ]
INFO: [ view_filter ] --END-- [ RunTime:0.000235s ]
INFO: [ app_end ] --START--
INFO: Run Behavior\ShowPageTraceBehavior [ RunTime:0.000430s ]
INFO: [ app_end ] --END-- [ RunTime:0.000468s ]

[ 2017-11-30T15:41:48+08:00 ] ::1 /waimai/Home/Order/de_or
INFO: [ app_init ] --START--
INFO: Run Behavior\BuildLiteBehavior [ RunTime:0.000010s ]
INFO: [ app_init ] --END-- [ RunTime:0.000363s ]
INFO: [ app_begin ] --START--
INFO: Run Behavior\ReadHtmlCacheBehavior [ RunTime:0.000467s ]
INFO: [ app_begin ] --END-- [ RunTime:0.000512s ]
SQL: SHOW COLUMNS FROM `order` [ RunTime:0.0038s ]
SQL: DELETE FROM `order` WHERE `id` = 4 [ RunTime:0.0003s ]
NOTIC: [8] Undefined index: mapping_name E:\phpStudy\WWW\waimai\ThinkPHP\Library\Think\Model\RelationModel.class.php 第 259 行.
SQL: SHOW COLUMNS FROM `order_detail` [ RunTime:0.0041s ]
SQL: DELETE FROM `order_detail` WHERE `order_id` = 4 [ RunTime:0.0003s ]

[ 2017-11-30T15:41:49+08:00 ] ::1 /waimai/Home/Index/index.html
INFO: [ app_init ] --START--
INFO: Run Behavior\BuildLiteBehavior [ RunTime:0.000045s ]
INFO: [ app_init ] --END-- [ RunTime:0.000569s ]
INFO: [ app_begin ] --START--
INFO: Run Behavior\ReadHtmlCacheBehavior [ RunTime:0.000479s ]
INFO: [ app_begin ] --END-- [ RunTime:0.000531s ]
SQL: SHOW COLUMNS FROM `type` [ RunTime:0.0042s ]
SQL: SELECT * FROM `type`  [ RunTime:0.0003s ]
SQL: SHOW COLUMNS FROM `product` [ RunTime:0.0055s ]
SQL: SELECT * FROM `product` WHERE ( up_down=1 AND type_id='74' )  [ RunTime:0.0004s ]
SQL: SELECT * FROM `product` WHERE ( up_down=1 AND type_id='13' )  [ RunTime:0.0005s ]
SQL: SELECT * FROM `product` WHERE ( up_down=1 AND type_id='61' )  [ RunTime:0.0003s ]
SQL: SELECT * FROM `product` WHERE ( up_down=1 AND type_id='60' )  [ RunTime:0.0003s ]
SQL: SELECT * FROM `product` WHERE ( up_down=1 AND type_id='59' )  [ RunTime:0.0003s ]
INFO: [ view_parse ] --START--
INFO: [ template_filter ] --START--
INFO: Run Behavior\ContentReplaceBehavior [ RunTime:0.000117s ]
INFO: [ template_filter ] --END-- [ RunTime:0.000166s ]
INFO: Run Behavior\ParseTemplateBehavior [ RunTime:0.010372s ]
INFO: [ view_parse ] --END-- [ RunTime:0.010425s ]
INFO: [ view_filter ] --START--
INFO: Run Behavior\WriteHtmlCacheBehavior [ RunTime:0.000257s ]
INFO: [ view_filter ] --END-- [ RunTime:0.000290s ]
INFO: [ app_end ] --START--
INFO: Run Behavior\ShowPageTraceBehavior [ RunTime:0.000686s ]
INFO: [ app_end ] --END-- [ RunTime:0.000738s ]

[ 2017-11-30T15:42:03+08:00 ] ::1 /waimai/Home/Index/index.html
INFO: [ app_init ] --START--
INFO: Run Behavior\BuildLiteBehavior [ RunTime:0.000012s ]
INFO: [ app_init ] --END-- [ RunTime:0.000416s ]
INFO: [ app_begin ] --START--
INFO: Run Behavior\ReadHtmlCacheBehavior [ RunTime:0.000491s ]
INFO: [ app_begin ] --END-- [ RunTime:0.000546s ]
SQL: SHOW COLUMNS FROM `type` [ RunTime:0.0035s ]
SQL: SELECT * FROM `type`  [ RunTime:0.0002s ]
SQL: SHOW COLUMNS FROM `product` [ RunTime:0.0039s ]
SQL: SELECT * FROM `product` WHERE ( up_down=1 AND type_id='74' )  [ RunTime:0.0004s ]
SQL: SELECT * FROM `product` WHERE ( up_down=1 AND type_id='13' )  [ RunTime:0.0004s ]
SQL: SELECT * FROM `product` WHERE ( up_down=1 AND type_id='61' )  [ RunTime:0.0003s ]
SQL: SELECT * FROM `product` WHERE ( up_down=1 AND type_id='60' )  [ RunTime:0.0002s ]
SQL: SELECT * FROM `product` WHERE ( up_down=1 AND type_id='59' )  [ RunTime:0.0003s ]
INFO: [ view_parse ] --START--
INFO: [ template_filter ] --START--
INFO: Run Behavior\ContentReplaceBehavior [ RunTime:0.000113s ]
INFO: [ template_filter ] --END-- [ RunTime:0.000151s ]
INFO: Run Behavior\ParseTemplateBehavior [ RunTime:0.007841s ]
INFO: [ view_parse ] --END-- [ RunTime:0.007912s ]
INFO: [ view_filter ] --START--
INFO: Run Behavior\WriteHtmlCacheBehavior [ RunTime:0.000351s ]
INFO: [ view_filter ] --END-- [ RunTime:0.000394s ]
INFO: [ app_end ] --START--
INFO: Run Behavior\ShowPageTraceBehavior [ RunTime:0.000618s ]
INFO: [ app_end ] --END-- [ RunTime:0.000687s ]

[ 2017-11-30T15:42:07+08:00 ] ::1 /waimai/Home/Order/add_order_detail.html
INFO: [ app_init ] --START--
INFO: Run Behavior\BuildLiteBehavior [ RunTime:0.000012s ]
INFO: [ app_init ] --END-- [ RunTime:0.000490s ]
INFO: [ app_begin ] --START--
INFO: Run Behavior\ReadHtmlCacheBehavior [ RunTime:0.000696s ]
INFO: [ app_begin ] --END-- [ RunTime:0.000783s ]
SQL: SHOW COLUMNS FROM `order` [ RunTime:0.0035s ]
SQL: INSERT INTO `order` (`total`,`users_id`) VALUES ('4331.00','4') [ RunTime:0.0002s ]
SQL: SHOW COLUMNS FROM `order_detail` [ RunTime:0.0035s ]
SQL: INSERT INTO `order_detail` (`product_id`,`name`,`nums`,`price`,`subtotal`,`users_id`,`order_id`) VALUES ('151','三文鱼','1','998.00','998.00','4','5') [ RunTime:0.0005s ]
SQL: INSERT INTO `order_detail` (`product_id`,`name`,`nums`,`price`,`subtotal`,`users_id`,`order_id`) VALUES ('167','麻辣香虾','1','3333.00','3333.00','4','5') [ RunTime:0.0003s ]

[ 2017-11-30T15:42:08+08:00 ] ::1 /waimai/Home/Order/index.html
INFO: [ app_init ] --START--
INFO: Run Behavior\BuildLiteBehavior [ RunTime:0.000011s ]
INFO: [ app_init ] --END-- [ RunTime:0.000402s ]
INFO: [ app_begin ] --START--
INFO: Run Behavior\ReadHtmlCacheBehavior [ RunTime:0.000488s ]
INFO: [ app_begin ] --END-- [ RunTime:0.000539s ]
SQL: SHOW COLUMNS FROM `order_detail` [ RunTime:0.0048s ]
SQL: SELECT * FROM `order_detail` WHERE `order_id` = 5 AND `users_id` = 4  [ RunTime:0.0003s ]
SQL: SHOW COLUMNS FROM `order` [ RunTime:0.0038s ]
SQL: SELECT * FROM `order` WHERE `id` = 5 LIMIT 1   [ RunTime:0.0002s ]
SQL: SHOW COLUMNS FROM `deliveryaddress` [ RunTime:0.0037s ]
SQL: SELECT * FROM `deliveryaddress` WHERE `users_id` = 4  [ RunTime:0.0003s ]
INFO: [ view_parse ] --START--
INFO: [ template_filter ] --START--
INFO: Run Behavior\ContentReplaceBehavior [ RunTime:0.000122s ]
INFO: [ template_filter ] --END-- [ RunTime:0.000165s ]
INFO: Run Behavior\ParseTemplateBehavior [ RunTime:0.007993s ]
INFO: [ view_parse ] --END-- [ RunTime:0.008031s ]
INFO: [ view_filter ] --START--
INFO: Run Behavior\WriteHtmlCacheBehavior [ RunTime:0.000199s ]
INFO: [ view_filter ] --END-- [ RunTime:0.000219s ]
INFO: [ app_end ] --START--
INFO: Run Behavior\ShowPageTraceBehavior [ RunTime:0.000365s ]
INFO: [ app_end ] --END-- [ RunTime:0.000392s ]

[ 2017-11-30T15:42:11+08:00 ] ::1 /waimai/Home/Order/de_or
INFO: [ app_init ] --START--
INFO: Run Behavior\BuildLiteBehavior [ RunTime:0.000012s ]
INFO: [ app_init ] --END-- [ RunTime:0.000497s ]
INFO: [ app_begin ] --START--
INFO: Run Behavior\ReadHtmlCacheBehavior [ RunTime:0.000476s ]
INFO: [ app_begin ] --END-- [ RunTime:0.000520s ]
SQL: SHOW COLUMNS FROM `order` [ RunTime:0.0044s ]
SQL: DELETE FROM `order` WHERE `id` = 5 [ RunTime:0.0002s ]
NOTIC: [8] Undefined index: mapping_name E:\phpStudy\WWW\waimai\ThinkPHP\Library\Think\Model\RelationModel.class.php 第 259 行.
SQL: SHOW COLUMNS FROM `order_detail` [ RunTime:0.0034s ]
SQL: DELETE FROM `order_detail` WHERE `order_id` = 5 [ RunTime:0.0005s ]

[ 2017-11-30T15:42:12+08:00 ] ::1 /waimai/Home/Index/index.html
INFO: [ app_init ] --START--
INFO: Run Behavior\BuildLiteBehavior [ RunTime:0.000010s ]
INFO: [ app_init ] --END-- [ RunTime:0.000364s ]
INFO: [ app_begin ] --START--
INFO: Run Behavior\ReadHtmlCacheBehavior [ RunTime:0.000448s ]
INFO: [ app_begin ] --END-- [ RunTime:0.000495s ]
SQL: SHOW COLUMNS FROM `type` [ RunTime:0.0032s ]
SQL: SELECT * FROM `type`  [ RunTime:0.0004s ]
SQL: SHOW COLUMNS FROM `product` [ RunTime:0.0039s ]
SQL: SELECT * FROM `product` WHERE ( up_down=1 AND type_id='74' )  [ RunTime:0.0003s ]
SQL: SELECT * FROM `product` WHERE ( up_down=1 AND type_id='13' )  [ RunTime:0.0006s ]
SQL: SELECT * FROM `product` WHERE ( up_down=1 AND type_id='61' )  [ RunTime:0.0003s ]
SQL: SELECT * FROM `product` WHERE ( up_down=1 AND type_id='60' )  [ RunTime:0.0002s ]
SQL: SELECT * FROM `product` WHERE ( up_down=1 AND type_id='59' )  [ RunTime:0.0002s ]
INFO: [ view_parse ] --START--
INFO: [ template_filter ] --START--
INFO: Run Behavior\ContentReplaceBehavior [ RunTime:0.000124s ]
INFO: [ template_filter ] --END-- [ RunTime:0.000181s ]
INFO: Run Behavior\ParseTemplateBehavior [ RunTime:0.008129s ]
INFO: [ view_parse ] --END-- [ RunTime:0.008169s ]
INFO: [ view_filter ] --START--
INFO: Run Behavior\WriteHtmlCacheBehavior [ RunTime:0.000262s ]
INFO: [ view_filter ] --END-- [ RunTime:0.000296s ]
INFO: [ app_end ] --START--
INFO: Run Behavior\ShowPageTraceBehavior [ RunTime:0.000522s ]
INFO: [ app_end ] --END-- [ RunTime:0.000568s ]

[ 2017-11-30T15:43:20+08:00 ] ::1 /waimai/Home/Index/member_index.html
INFO: [ app_init ] --START--
INFO: Run Behavior\BuildLiteBehavior [ RunTime:0.000007s ]
INFO: [ app_init ] --END-- [ RunTime:0.000275s ]
INFO: [ app_begin ] --START--
INFO: Run Behavior\ReadHtmlCacheBehavior [ RunTime:0.000349s ]
INFO: [ app_begin ] --END-- [ RunTime:0.000389s ]
ERR: 非法操作:member_index

