[ 2017-11-10T14:49:00+08:00 ] ::1 /waimai/Public/Uploads/product/thumb_5a02c8757b165.jppg
INFO: [ app_init ] --START--
INFO: Run Behavior\BuildLiteBehavior [ RunTime:0.000000s ]
INFO: [ app_init ] --END-- [ RunTime:0.000000s ]
ERR: 无法加载模块:Public

[ 2017-11-10T20:13:14+08:00 ] ::1 /waimai/css/common.css?v=2015-5-20
INFO: [ app_init ] --START--
INFO: Run Behavior\BuildLiteBehavior [ RunTime:0.000000s ]
INFO: [ app_init ] --END-- [ RunTime:0.000000s ]
ERR: 无法加载模块:Css

[ 2017-11-10T20:13:14+08:00 ] ::1 /waimai/css/menuPage.css?v=2015-5-20
INFO: [ app_init ] --START--
INFO: Run Behavior\BuildLiteBehavior [ RunTime:0.000000s ]
INFO: [ app_init ] --END-- [ RunTime:0.000000s ]
ERR: 无法加载模块:Css

[ 2017-11-10T20:13:14+08:00 ] ::1 /waimai/js/service.js
INFO: [ app_init ] --START--
INFO: Run Behavior\BuildLiteBehavior [ RunTime:0.000000s ]
INFO: [ app_init ] --END-- [ RunTime:0.000000s ]
ERR: 无法加载模块:Js

[ 2017-11-10T20:13:14+08:00 ] ::1 /waimai/js/menupage.js
INFO: [ app_init ] --START--
INFO: Run Behavior\BuildLiteBehavior [ RunTime:0.000000s ]
INFO: [ app_init ] --END-- [ RunTime:0.000000s ]
ERR: 无法加载模块:Js

[ 2017-11-10T20:13:14+08:00 ] ::1 /waimai/js/favorite.js
INFO: [ app_init ] --START--
INFO: Run Behavior\BuildLiteBehavior [ RunTime:0.000000s ]
INFO: [ app_init ] --END-- [ RunTime:0.000000s ]
ERR: 无法加载模块:Js

[ 2017-11-10T20:13:14+08:00 ] ::1 /waimai/images/scroll_top1.png
INFO: [ app_init ] --START--
INFO: Run Behavior\BuildLiteBehavior [ RunTime:0.000000s ]
INFO: [ app_init ] --END-- [ RunTime:0.000000s ]
ERR: 无法加载模块:Images

[ 2017-11-10T20:13:14+08:00 ] ::1 /waimai/images/scorll_feekback.png
INFO: [ app_init ] --START--
INFO: Run Behavior\BuildLiteBehavior [ RunTime:0.000000s ]
INFO: [ app_init ] --END-- [ RunTime:0.001000s ]
ERR: 无法加载模块:Images

[ 2017-11-10T20:13:14+08:00 ] ::1 /waimai/images/scroll_wx.png
INFO: [ app_init ] --START--
INFO: Run Behavior\BuildLiteBehavior [ RunTime:0.000000s ]
INFO: [ app_init ] --END-- [ RunTime:0.001000s ]
ERR: 无法加载模块:Images

[ 2017-11-10T20:13:15+08:00 ] ::1 /waimai/images/wx.png
INFO: [ app_init ] --START--
INFO: Run Behavior\BuildLiteBehavior [ RunTime:0.000000s ]
INFO: [ app_init ] --END-- [ RunTime:0.000000s ]
ERR: 无法加载模块:Images

[ 2017-11-10T20:13:15+08:00 ] ::1 /waimai/images/favicon.ico
INFO: [ app_init ] --START--
INFO: Run Behavior\BuildLiteBehavior [ RunTime:0.000000s ]
INFO: [ app_init ] --END-- [ RunTime:0.000000s ]
ERR: 无法加载模块:Images

[ 2017-11-10T20:13:15+08:00 ] ::1 /waimai/js/angular.min.js
INFO: [ app_init ] --START--
INFO: Run Behavior\BuildLiteBehavior [ RunTime:0.000000s ]
INFO: [ app_init ] --END-- [ RunTime:0.001000s ]
ERR: 无法加载模块:Js

[ 2017-11-10T20:13:15+08:00 ] ::1 /waimai/js/common.js
INFO: [ app_init ] --START--
INFO: Run Behavior\BuildLiteBehavior [ RunTime:0.000000s ]
INFO: [ app_init ] --END-- [ RunTime:0.000000s ]
ERR: 无法加载模块:Js

[ 2017-11-10T20:14:04+08:00 ] ::1 /waimai/images/favicon.ico
INFO: [ app_init ] --START--
INFO: Run Behavior\BuildLiteBehavior [ RunTime:0.000000s ]
INFO: [ app_init ] --END-- [ RunTime:0.000000s ]
ERR: 无法加载模块:Images

[ 2017-11-10T20:14:04+08:00 ] ::1 /waimai/images/wx.png
INFO: [ app_init ] --START--
INFO: Run Behavior\BuildLiteBehavior [ RunTime:0.000000s ]
INFO: [ app_init ] --END-- [ RunTime:0.000000s ]
ERR: 无法加载模块:Images

[ 2017-11-10T20:14:04+08:00 ] ::1 /waimai/images/scorll_feekback.png
INFO: [ app_init ] --START--
INFO: Run Behavior\BuildLiteBehavior [ RunTime:0.000000s ]
INFO: [ app_init ] --END-- [ RunTime:0.000000s ]
ERR: 无法加载模块:Images

[ 2017-11-10T20:14:04+08:00 ] ::1 /waimai/images/scroll_top1.png
INFO: [ app_init ] --START--
INFO: Run Behavior\BuildLiteBehavior [ RunTime:0.000000s ]
INFO: [ app_init ] --END-- [ RunTime:0.000000s ]
ERR: 无法加载模块:Images

[ 2017-11-10T20:14:04+08:00 ] ::1 /waimai/images/scroll_wx.png
INFO: [ app_init ] --START--
INFO: Run Behavior\BuildLiteBehavior [ RunTime:0.000000s ]
INFO: [ app_init ] --END-- [ RunTime:0.001000s ]
ERR: 无法加载模块:Images

[ 2017-11-10T20:14:04+08:00 ] ::1 /waimai/images/wx.png
INFO: [ app_init ] --START--
INFO: Run Behavior\BuildLiteBehavior [ RunTime:0.000000s ]
INFO: [ app_init ] --END-- [ RunTime:0.000000s ]
ERR: 无法加载模块:Images

[ 2017-11-10T20:17:17+08:00 ] ::1 /waimai/images/favicon.ico
INFO: [ app_init ] --START--
INFO: Run Behavior\BuildLiteBehavior [ RunTime:0.000000s ]
INFO: [ app_init ] --END-- [ RunTime:0.001000s ]
ERR: 无法加载模块:Images

[ 2017-11-10T20:17:17+08:00 ] ::1 /waimai/images/wx.png
INFO: [ app_init ] --START--
INFO: Run Behavior\BuildLiteBehavior [ RunTime:0.000000s ]
INFO: [ app_init ] --END-- [ RunTime:0.002001s ]
ERR: 无法加载模块:Images

[ 2017-11-10T20:17:17+08:00 ] ::1 /waimai/images/scroll_top1.png
INFO: [ app_init ] --START--
INFO: Run Behavior\BuildLiteBehavior [ RunTime:0.000000s ]
INFO: [ app_init ] --END-- [ RunTime:0.000000s ]
ERR: 无法加载模块:Images

[ 2017-11-10T20:17:17+08:00 ] ::1 /waimai/images/scroll_wx.png
INFO: [ app_init ] --START--
INFO: Run Behavior\BuildLiteBehavior [ RunTime:0.000000s ]
INFO: [ app_init ] --END-- [ RunTime:0.001000s ]
ERR: 无法加载模块:Images

[ 2017-11-10T20:17:17+08:00 ] ::1 /waimai/images/scorll_feekback.png
INFO: [ app_init ] --START--
INFO: Run Behavior\BuildLiteBehavior [ RunTime:0.000000s ]
INFO: [ app_init ] --END-- [ RunTime:0.000000s ]
ERR: 无法加载模块:Images

[ 2017-11-10T20:17:17+08:00 ] ::1 /waimai/images/wx.png
INFO: [ app_init ] --START--
INFO: Run Behavior\BuildLiteBehavior [ RunTime:0.000000s ]
INFO: [ app_init ] --END-- [ RunTime:0.000000s ]
ERR: 无法加载模块:Images

[ 2017-11-10T20:17:32+08:00 ] ::1 /waimai/images/wx.png
INFO: [ app_init ] --START--
INFO: Run Behavior\BuildLiteBehavior [ RunTime:0.000000s ]
INFO: [ app_init ] --END-- [ RunTime:0.001000s ]
ERR: 无法加载模块:Images

[ 2017-11-10T20:17:32+08:00 ] ::1 /waimai/images/scroll_top1.png
INFO: [ app_init ] --START--
INFO: Run Behavior\BuildLiteBehavior [ RunTime:0.000000s ]
INFO: [ app_init ] --END-- [ RunTime:0.000000s ]
ERR: 无法加载模块:Images

[ 2017-11-10T20:17:32+08:00 ] ::1 /waimai/images/favicon.ico
INFO: [ app_init ] --START--
INFO: Run Behavior\BuildLiteBehavior [ RunTime:0.000000s ]
INFO: [ app_init ] --END-- [ RunTime:0.001000s ]
ERR: 无法加载模块:Images

[ 2017-11-10T20:17:32+08:00 ] ::1 /waimai/images/wx.png
INFO: [ app_init ] --START--
INFO: Run Behavior\BuildLiteBehavior [ RunTime:0.000000s ]
INFO: [ app_init ] --END-- [ RunTime:0.001000s ]
ERR: 无法加载模块:Images

[ 2017-11-10T20:17:32+08:00 ] ::1 /waimai/images/scroll_top1.png
INFO: [ app_init ] --START--
INFO: Run Behavior\BuildLiteBehavior [ RunTime:0.000000s ]
INFO: [ app_init ] --END-- [ RunTime:0.001000s ]
ERR: 无法加载模块:Images

[ 2017-11-10T20:17:33+08:00 ] ::1 /waimai/images/scroll_wx.png
INFO: [ app_init ] --START--
INFO: Run Behavior\BuildLiteBehavior [ RunTime:0.000000s ]
INFO: [ app_init ] --END-- [ RunTime:0.000000s ]
ERR: 无法加载模块:Images

[ 2017-11-10T20:17:33+08:00 ] ::1 /waimai/images/scorll_feekback.png
INFO: [ app_init ] --START--
INFO: Run Behavior\BuildLiteBehavior [ RunTime:0.000000s ]
INFO: [ app_init ] --END-- [ RunTime:0.000000s ]
ERR: 无法加载模块:Images

[ 2017-11-10T20:18:37+08:00 ] ::1 /waimai/images/favicon.ico
INFO: [ app_init ] --START--
INFO: Run Behavior\BuildLiteBehavior [ RunTime:0.000000s ]
INFO: [ app_init ] --END-- [ RunTime:0.000000s ]
ERR: 无法加载模块:Images

[ 2017-11-10T20:18:37+08:00 ] ::1 /waimai/images/wx.png
INFO: [ app_init ] --START--
INFO: Run Behavior\BuildLiteBehavior [ RunTime:0.000000s ]
INFO: [ app_init ] --END-- [ RunTime:0.001000s ]
ERR: 无法加载模块:Images

[ 2017-11-10T20:18:37+08:00 ] ::1 /waimai/images/scroll_top1.png
INFO: [ app_init ] --START--
INFO: Run Behavior\BuildLiteBehavior [ RunTime:0.000000s ]
INFO: [ app_init ] --END-- [ RunTime:0.000000s ]
ERR: 无法加载模块:Images

[ 2017-11-10T20:18:37+08:00 ] ::1 /waimai/images/scroll_wx.png
INFO: [ app_init ] --START--
INFO: Run Behavior\BuildLiteBehavior [ RunTime:0.000000s ]
INFO: [ app_init ] --END-- [ RunTime:0.001000s ]
ERR: 无法加载模块:Images

[ 2017-11-10T20:18:37+08:00 ] ::1 /waimai/images/scorll_feekback.png
INFO: [ app_init ] --START--
INFO: Run Behavior\BuildLiteBehavior [ RunTime:0.000000s ]
INFO: [ app_init ] --END-- [ RunTime:0.001000s ]
ERR: 无法加载模块:Images

[ 2017-11-10T20:18:37+08:00 ] ::1 /waimai/images/wx.png
INFO: [ app_init ] --START--
INFO: Run Behavior\BuildLiteBehavior [ RunTime:0.000000s ]
INFO: [ app_init ] --END-- [ RunTime:0.000000s ]
ERR: 无法加载模块:Images

[ 2017-11-10T20:22:48+08:00 ] ::1 /waimai/images/favicon.ico
INFO: [ app_init ] --START--
INFO: Run Behavior\BuildLiteBehavior [ RunTime:0.000000s ]
INFO: [ app_init ] --END-- [ RunTime:0.000000s ]
ERR: 无法加载模块:Images

[ 2017-11-10T20:22:48+08:00 ] ::1 /waimai/images/scroll_top1.png
INFO: [ app_init ] --START--
INFO: Run Behavior\BuildLiteBehavior [ RunTime:0.000000s ]
INFO: [ app_init ] --END-- [ RunTime:0.001000s ]
ERR: 无法加载模块:Images

[ 2017-11-10T20:22:49+08:00 ] ::1 /waimai/images/scorll_feekback.png
INFO: [ app_init ] --START--
INFO: Run Behavior\BuildLiteBehavior [ RunTime:0.000000s ]
INFO: [ app_init ] --END-- [ RunTime:0.000000s ]
ERR: 无法加载模块:Images

[ 2017-11-10T20:22:49+08:00 ] ::1 /waimai/images/scroll_wx.png
INFO: [ app_init ] --START--
INFO: Run Behavior\BuildLiteBehavior [ RunTime:0.000000s ]
INFO: [ app_init ] --END-- [ RunTime:0.000000s ]
ERR: 无法加载模块:Images

[ 2017-11-10T20:22:49+08:00 ] ::1 /waimai/images/wx.png
INFO: [ app_init ] --START--
INFO: Run Behavior\BuildLiteBehavior [ RunTime:0.000000s ]
INFO: [ app_init ] --END-- [ RunTime:0.000000s ]
ERR: 无法加载模块:Images

[ 2017-11-10T21:26:46+08:00 ] ::1 /waimai/Public/Uploads/product/product/thumb_5a02c8d644c65.jpg?imageView2/1/w/202/h/202/
INFO: [ app_init ] --START--
INFO: Run Behavior\BuildLiteBehavior [ RunTime:0.000000s ]
INFO: [ app_init ] --END-- [ RunTime:0.001000s ]
ERR: 无法加载模块:Public

[ 2017-11-10T21:26:47+08:00 ] ::1 /waimai/Public/Uploads/product/product/thumb_5a02c90f86c28.jpg?imageView2/1/w/202/h/202/
INFO: [ app_init ] --START--
INFO: Run Behavior\BuildLiteBehavior [ RunTime:0.000000s ]
INFO: [ app_init ] --END-- [ RunTime:0.000000s ]
ERR: 无法加载模块:Public

[ 2017-11-10T21:26:47+08:00 ] ::1 /waimai/Public/Uploads/product/product/thumb_5a02c8757b165.jpg?imageView2/1/w/202/h/202/
INFO: [ app_init ] --START--
INFO: Run Behavior\BuildLiteBehavior [ RunTime:0.000000s ]
INFO: [ app_init ] --END-- [ RunTime:0.000000s ]
ERR: 无法加载模块:Public

[ 2017-11-10T21:26:47+08:00 ] ::1 /waimai/Public/Uploads/product/product/thumb_5a02c88f9eda5.jpg?imageView2/1/w/202/h/202/
INFO: [ app_init ] --START--
INFO: Run Behavior\BuildLiteBehavior [ RunTime:0.000000s ]
INFO: [ app_init ] --END-- [ RunTime:0.000000s ]
ERR: 无法加载模块:Public

[ 2017-11-10T21:26:47+08:00 ] ::1 /waimai/Public/Uploads/product/product/thumb_5a02c8b42b656.jpg?imageView2/1/w/202/h/202/
INFO: [ app_init ] --START--
INFO: Run Behavior\BuildLiteBehavior [ RunTime:0.000000s ]
INFO: [ app_init ] --END-- [ RunTime:0.000000s ]
ERR: 无法加载模块:Public

[ 2017-11-10T21:26:50+08:00 ] ::1 /waimai/Public/Uploads/product/product/thumb_5a02c8757b165.jpg?imageView2/1/w/202/h/202/
INFO: [ app_init ] --START--
INFO: Run Behavior\BuildLiteBehavior [ RunTime:0.000000s ]
INFO: [ app_init ] --END-- [ RunTime:0.001000s ]
ERR: 无法加载模块:Public

[ 2017-11-10T21:26:50+08:00 ] ::1 /waimai/Public/Uploads/product/product/thumb_5a02c90f86c28.jpg?imageView2/1/w/202/h/202/
INFO: [ app_init ] --START--
INFO: Run Behavior\BuildLiteBehavior [ RunTime:0.000000s ]
INFO: [ app_init ] --END-- [ RunTime:0.000000s ]
ERR: 无法加载模块:Public

[ 2017-11-10T21:26:50+08:00 ] ::1 /waimai/Public/Uploads/product/product/thumb_5a02c88f9eda5.jpg?imageView2/1/w/202/h/202/
INFO: [ app_init ] --START--
INFO: Run Behavior\BuildLiteBehavior [ RunTime:0.000000s ]
INFO: [ app_init ] --END-- [ RunTime:0.001000s ]
ERR: 无法加载模块:Public

[ 2017-11-10T21:27:25+08:00 ] ::1 /waimai/Public/Uploads/product/product/thumb_5a02c90f86c28.jpg
INFO: [ app_init ] --START--
INFO: Run Behavior\BuildLiteBehavior [ RunTime:0.000000s ]
INFO: [ app_init ] --END-- [ RunTime:0.000000s ]
ERR: 无法加载模块:Public

[ 2017-11-10T21:27:25+08:00 ] ::1 /waimai/Public/Uploads/product/product/thumb_5a02c8757b165.jpg
INFO: [ app_init ] --START--
INFO: Run Behavior\BuildLiteBehavior [ RunTime:0.000000s ]
INFO: [ app_init ] --END-- [ RunTime:0.000000s ]
ERR: 无法加载模块:Public

[ 2017-11-10T21:27:25+08:00 ] ::1 /waimai/Public/Uploads/product/product/thumb_5a02c8b42b656.jpg
INFO: [ app_init ] --START--
INFO: Run Behavior\BuildLiteBehavior [ RunTime:0.000000s ]
INFO: [ app_init ] --END-- [ RunTime:0.001000s ]
ERR: 无法加载模块:Public

[ 2017-11-10T21:27:25+08:00 ] ::1 /waimai/Public/Uploads/product/product/thumb_5a02c8d644c65.jpg
INFO: [ app_init ] --START--
INFO: Run Behavior\BuildLiteBehavior [ RunTime:0.000000s ]
INFO: [ app_init ] --END-- [ RunTime:0.001000s ]
ERR: 无法加载模块:Public

[ 2017-11-10T21:27:25+08:00 ] ::1 /waimai/Public/Uploads/product/product/thumb_5a02c90f86c28.jpg
INFO: [ app_init ] --START--
INFO: Run Behavior\BuildLiteBehavior [ RunTime:0.000000s ]
INFO: [ app_init ] --END-- [ RunTime:0.000000s ]
ERR: 无法加载模块:Public

[ 2017-11-10T21:27:25+08:00 ] ::1 /waimai/Public/Uploads/product/product/thumb_5a02c88f9eda5.jpg
INFO: [ app_init ] --START--
INFO: Run Behavior\BuildLiteBehavior [ RunTime:0.000000s ]
INFO: [ app_init ] --END-- [ RunTime:0.001000s ]
ERR: 无法加载模块:Public

[ 2017-11-10T21:27:25+08:00 ] ::1 /waimai/Public/Uploads/product/product/thumb_5a02c8757b165.jpg
INFO: [ app_init ] --START--
INFO: Run Behavior\BuildLiteBehavior [ RunTime:0.000000s ]
INFO: [ app_init ] --END-- [ RunTime:0.000000s ]
ERR: 无法加载模块:Public

[ 2017-11-10T21:27:25+08:00 ] ::1 /waimai/Public/Uploads/product/product/thumb_5a02c92f1723d.jpg
INFO: [ app_init ] --START--
INFO: Run Behavior\BuildLiteBehavior [ RunTime:0.000000s ]
INFO: [ app_init ] --END-- [ RunTime:0.001000s ]
ERR: 无法加载模块:Public

[ 2017-11-10T21:27:33+08:00 ] ::1 /waimai/Public/Uploads/product/product/thumb_5a02c88f9eda5.jpg?imageView2/1/w/202/h/202/
INFO: [ app_init ] --START--
INFO: Run Behavior\BuildLiteBehavior [ RunTime:0.000000s ]
INFO: [ app_init ] --END-- [ RunTime:0.000000s ]
ERR: 无法加载模块:Public

[ 2017-11-10T21:27:33+08:00 ] ::1 /waimai/Public/Uploads/product/product/thumb_5a02c90f86c28.jpg?imageView2/1/w/202/h/202/
INFO: [ app_init ] --START--
INFO: Run Behavior\BuildLiteBehavior [ RunTime:0.000000s ]
INFO: [ app_init ] --END-- [ RunTime:0.000000s ]
ERR: 无法加载模块:Public

[ 2017-11-10T21:27:33+08:00 ] ::1 /waimai/Public/Uploads/product/product/thumb_5a02c8757b165.jpg?imageView2/1/w/202/h/202/
INFO: [ app_init ] --START--
INFO: Run Behavior\BuildLiteBehavior [ RunTime:0.000000s ]
INFO: [ app_init ] --END-- [ RunTime:0.001000s ]
ERR: 无法加载模块:Public

[ 2017-11-10T21:27:34+08:00 ] ::1 /waimai/Public/Uploads/product/product/thumb_5a02c8d644c65.jpg?imageView2/1/w/202/h/202/
INFO: [ app_init ] --START--
INFO: Run Behavior\BuildLiteBehavior [ RunTime:0.000000s ]
INFO: [ app_init ] --END-- [ RunTime:0.000000s ]
ERR: 无法加载模块:Public

[ 2017-11-10T21:27:34+08:00 ] ::1 /waimai/Public/Uploads/product/product/thumb_5a02c90f86c28.jpg?imageView2/1/w/202/h/202/
INFO: [ app_init ] --START--
INFO: Run Behavior\BuildLiteBehavior [ RunTime:0.000000s ]
INFO: [ app_init ] --END-- [ RunTime:0.001000s ]
ERR: 无法加载模块:Public

[ 2017-11-10T21:27:34+08:00 ] ::1 /waimai/Public/Uploads/product/product/thumb_5a02c8b42b656.jpg?imageView2/1/w/202/h/202/
INFO: [ app_init ] --START--
INFO: Run Behavior\BuildLiteBehavior [ RunTime:0.000000s ]
INFO: [ app_init ] --END-- [ RunTime:0.001000s ]
ERR: 无法加载模块:Public

[ 2017-11-10T21:27:34+08:00 ] ::1 /waimai/Public/Uploads/product/product/thumb_5a02c8757b165.jpg?imageView2/1/w/202/h/202/
INFO: [ app_init ] --START--
INFO: Run Behavior\BuildLiteBehavior [ RunTime:0.000000s ]
INFO: [ app_init ] --END-- [ RunTime:0.000000s ]
ERR: 无法加载模块:Public

[ 2017-11-10T21:27:35+08:00 ] ::1 /waimai/Public/Uploads/product/product/thumb_5a02c88f9eda5.jpg?imageView2/1/w/202/h/202/
INFO: [ app_init ] --START--
INFO: Run Behavior\BuildLiteBehavior [ RunTime:0.000000s ]
INFO: [ app_init ] --END-- [ RunTime:0.001000s ]
ERR: 无法加载模块:Public

[ 2017-11-10T21:28:08+08:00 ] ::1 /waimai/Public/Uploads/product/product/thumb_5a02c8757b165.jpg
INFO: [ app_init ] --START--
INFO: Run Behavior\BuildLiteBehavior [ RunTime:0.000000s ]
INFO: [ app_init ] --END-- [ RunTime:0.003000s ]
ERR: 无法加载模块:Public

[ 2017-11-10T21:28:08+08:00 ] ::1 /waimai/Public/Uploads/product/product/thumb_5a02c8b42b656.jpg
INFO: [ app_init ] --START--
INFO: Run Behavior\BuildLiteBehavior [ RunTime:0.000000s ]
INFO: [ app_init ] --END-- [ RunTime:0.001000s ]
ERR: 无法加载模块:Public

[ 2017-11-10T21:28:08+08:00 ] ::1 /waimai/Public/Uploads/product/product/thumb_5a02c88f9eda5.jpg
INFO: [ app_init ] --START--
INFO: Run Behavior\BuildLiteBehavior [ RunTime:0.000000s ]
INFO: [ app_init ] --END-- [ RunTime:0.000000s ]
ERR: 无法加载模块:Public

[ 2017-11-10T21:28:08+08:00 ] ::1 /waimai/Public/Uploads/product/product/thumb_5a02c90f86c28.jpg
INFO: [ app_init ] --START--
INFO: Run Behavior\BuildLiteBehavior [ RunTime:0.000000s ]
INFO: [ app_init ] --END-- [ RunTime:0.001000s ]
ERR: 无法加载模块:Public

[ 2017-11-10T21:28:08+08:00 ] ::1 /waimai/Public/Uploads/product/product/thumb_5a02c92f1723d.jpg
INFO: [ app_init ] --START--
INFO: Run Behavior\BuildLiteBehavior [ RunTime:0.000000s ]
INFO: [ app_init ] --END-- [ RunTime:0.001000s ]
ERR: 无法加载模块:Public

[ 2017-11-10T21:28:09+08:00 ] ::1 /waimai/Public/Uploads/product/product/thumb_5a02c8d644c65.jpg
INFO: [ app_init ] --START--
INFO: Run Behavior\BuildLiteBehavior [ RunTime:0.000000s ]
INFO: [ app_init ] --END-- [ RunTime:0.000000s ]
ERR: 无法加载模块:Public

[ 2017-11-10T21:28:11+08:00 ] ::1 /waimai/Public/Uploads/product/product/5a02c88f9eda5.jpg?imageView2/1/w/202/h/202/
INFO: [ app_init ] --START--
INFO: Run Behavior\BuildLiteBehavior [ RunTime:0.000000s ]
INFO: [ app_init ] --END-- [ RunTime:0.000000s ]
ERR: 无法加载模块:Public

[ 2017-11-10T21:28:11+08:00 ] ::1 /waimai/Public/Uploads/product/product/5a02c8b42b656.jpg?imageView2/1/w/202/h/202/
INFO: [ app_init ] --START--
INFO: Run Behavior\BuildLiteBehavior [ RunTime:0.000000s ]
INFO: [ app_init ] --END-- [ RunTime:0.000000s ]
ERR: 无法加载模块:Public

[ 2017-11-10T21:28:11+08:00 ] ::1 /waimai/Public/Uploads/product/product/5a02c8757b165.jpg?imageView2/1/w/202/h/202/
INFO: [ app_init ] --START--
INFO: Run Behavior\BuildLiteBehavior [ RunTime:0.000000s ]
INFO: [ app_init ] --END-- [ RunTime:0.001000s ]
ERR: 无法加载模块:Public

[ 2017-11-10T21:28:12+08:00 ] ::1 /waimai/Public/Uploads/product/product/5a02c8d644c65.jpg?imageView2/1/w/202/h/202/
INFO: [ app_init ] --START--
INFO: Run Behavior\BuildLiteBehavior [ RunTime:0.000000s ]
INFO: [ app_init ] --END-- [ RunTime:0.000000s ]
ERR: 无法加载模块:Public

[ 2017-11-10T21:28:12+08:00 ] ::1 /waimai/Public/Uploads/product/product/5a02c8b42b656.jpg?imageView2/1/w/202/h/202/
INFO: [ app_init ] --START--
INFO: Run Behavior\BuildLiteBehavior [ RunTime:0.000000s ]
INFO: [ app_init ] --END-- [ RunTime:0.000000s ]
ERR: 无法加载模块:Public

[ 2017-11-10T21:28:12+08:00 ] ::1 /waimai/Public/Uploads/product/product/5a02c8757b165.jpg?imageView2/1/w/202/h/202/
INFO: [ app_init ] --START--
INFO: Run Behavior\BuildLiteBehavior [ RunTime:0.000000s ]
INFO: [ app_init ] --END-- [ RunTime:0.000000s ]
ERR: 无法加载模块:Public

[ 2017-11-10T21:28:12+08:00 ] ::1 /waimai/Public/Uploads/product/product/5a02c90f86c28.jpg?imageView2/1/w/202/h/202/
INFO: [ app_init ] --START--
INFO: Run Behavior\BuildLiteBehavior [ RunTime:0.000000s ]
INFO: [ app_init ] --END-- [ RunTime:0.000000s ]
ERR: 无法加载模块:Public

[ 2017-11-10T21:28:13+08:00 ] ::1 /waimai/Public/Uploads/product/product/5a02c90f86c28.jpg?imageView2/1/w/202/h/202/
INFO: [ app_init ] --START--
INFO: Run Behavior\BuildLiteBehavior [ RunTime:0.000000s ]
INFO: [ app_init ] --END-- [ RunTime:0.000000s ]
ERR: 无法加载模块:Public

[ 2017-11-10T21:28:13+08:00 ] ::1 /waimai/Public/Uploads/product/product/5a02c88f9eda5.jpg?imageView2/1/w/202/h/202/
INFO: [ app_init ] --START--
INFO: Run Behavior\BuildLiteBehavior [ RunTime:0.000000s ]
INFO: [ app_init ] --END-- [ RunTime:0.000000s ]
ERR: 无法加载模块:Public

[ 2017-11-10T21:28:13+08:00 ] ::1 /waimai/Public/Uploads/product/product/5a02c8b42b656.jpg?imageView2/1/w/202/h/202/
INFO: [ app_init ] --START--
INFO: Run Behavior\BuildLiteBehavior [ RunTime:0.000000s ]
INFO: [ app_init ] --END-- [ RunTime:0.000000s ]
ERR: 无法加载模块:Public

[ 2017-11-10T21:28:13+08:00 ] ::1 /waimai/Public/Uploads/product/product/5a02c8d644c65.jpg?imageView2/1/w/202/h/202/
INFO: [ app_init ] --START--
INFO: Run Behavior\BuildLiteBehavior [ RunTime:0.000000s ]
INFO: [ app_init ] --END-- [ RunTime:0.001000s ]
ERR: 无法加载模块:Public

[ 2017-11-10T21:28:14+08:00 ] ::1 /waimai/Public/Uploads/product/product/5a02c8757b165.jpg?imageView2/1/w/202/h/202/
INFO: [ app_init ] --START--
INFO: Run Behavior\BuildLiteBehavior [ RunTime:0.000000s ]
INFO: [ app_init ] --END-- [ RunTime:0.000000s ]
ERR: 无法加载模块:Public

[ 2017-11-10T21:28:16+08:00 ] ::1 /waimai/Public/Uploads/product/product/5a02c8757b165.jpg?imageView2/1/w/202/h/202/
INFO: [ app_init ] --START--
INFO: Run Behavior\BuildLiteBehavior [ RunTime:0.000000s ]
INFO: [ app_init ] --END-- [ RunTime:0.001000s ]
ERR: 无法加载模块:Public

[ 2017-11-10T21:28:19+08:00 ] ::1 /waimai/Public/Uploads/product/product/thumb_5a02c90f86c28.jpg
INFO: [ app_init ] --START--
INFO: Run Behavior\BuildLiteBehavior [ RunTime:0.000000s ]
INFO: [ app_init ] --END-- [ RunTime:0.000000s ]
ERR: 无法加载模块:Public

[ 2017-11-10T21:28:19+08:00 ] ::1 /waimai/Public/Uploads/product/product/thumb_5a02c92f1723d.jpg
INFO: [ app_init ] --START--
INFO: Run Behavior\BuildLiteBehavior [ RunTime:0.000000s ]
INFO: [ app_init ] --END-- [ RunTime:0.000000s ]
ERR: 无法加载模块:Public

[ 2017-11-10T21:28:19+08:00 ] ::1 /waimai/Public/Uploads/product/product/thumb_5a02c8d644c65.jpg
INFO: [ app_init ] --START--
INFO: Run Behavior\BuildLiteBehavior [ RunTime:0.000000s ]
INFO: [ app_init ] --END-- [ RunTime:0.001000s ]
ERR: 无法加载模块:Public

[ 2017-11-10T21:28:19+08:00 ] ::1 /waimai/Public/Uploads/product/product/thumb_5a02c8757b165.jpg
INFO: [ app_init ] --START--
INFO: Run Behavior\BuildLiteBehavior [ RunTime:0.000000s ]
INFO: [ app_init ] --END-- [ RunTime:0.000000s ]
ERR: 无法加载模块:Public

[ 2017-11-10T21:28:19+08:00 ] ::1 /waimai/Public/Uploads/product/product/thumb_5a02c88f9eda5.jpg
INFO: [ app_init ] --START--
INFO: Run Behavior\BuildLiteBehavior [ RunTime:0.000000s ]
INFO: [ app_init ] --END-- [ RunTime:0.000000s ]
ERR: 无法加载模块:Public

[ 2017-11-10T21:28:20+08:00 ] ::1 /waimai/Public/Uploads/product/product/5a02c8757b165.jpg?imageView2/1/w/202/h/202/
INFO: [ app_init ] --START--
INFO: Run Behavior\BuildLiteBehavior [ RunTime:0.000000s ]
INFO: [ app_init ] --END-- [ RunTime:0.000000s ]
ERR: 无法加载模块:Public

[ 2017-11-10T21:28:20+08:00 ] ::1 /waimai/Public/Uploads/product/product/5a02c88f9eda5.jpg?imageView2/1/w/202/h/202/
INFO: [ app_init ] --START--
INFO: Run Behavior\BuildLiteBehavior [ RunTime:0.000000s ]
INFO: [ app_init ] --END-- [ RunTime:0.001000s ]
ERR: 无法加载模块:Public

[ 2017-11-10T21:28:20+08:00 ] ::1 /waimai/Public/Uploads/product/product/5a02c90f86c28.jpg?imageView2/1/w/202/h/202/
INFO: [ app_init ] --START--
INFO: Run Behavior\BuildLiteBehavior [ RunTime:0.000000s ]
INFO: [ app_init ] --END-- [ RunTime:0.001000s ]
ERR: 无法加载模块:Public

[ 2017-11-10T21:28:20+08:00 ] ::1 /waimai/Public/Uploads/product/product/5a02c8b42b656.jpg?imageView2/1/w/202/h/202/
INFO: [ app_init ] --START--
INFO: Run Behavior\BuildLiteBehavior [ RunTime:0.000000s ]
INFO: [ app_init ] --END-- [ RunTime:0.001000s ]
ERR: 无法加载模块:Public

[ 2017-11-10T21:28:20+08:00 ] ::1 /waimai/Public/Uploads/product/product/5a02c8d644c65.jpg?imageView2/1/w/202/h/202/
INFO: [ app_init ] --START--
INFO: Run Behavior\BuildLiteBehavior [ RunTime:0.000000s ]
INFO: [ app_init ] --END-- [ RunTime:0.000000s ]
ERR: 无法加载模块:Public

[ 2017-11-10T21:28:20+08:00 ] ::1 /waimai/Public/Uploads/product/product/thumb_5a02c8b42b656.jpg
INFO: [ app_init ] --START--
INFO: Run Behavior\BuildLiteBehavior [ RunTime:0.000000s ]
INFO: [ app_init ] --END-- [ RunTime:0.000000s ]
ERR: 无法加载模块:Public

[ 2017-11-10T21:28:56+08:00 ] ::1 /waimai/Public/Uploads/product/product/thumb_5a02c8757b165.jpg
INFO: [ app_init ] --START--
INFO: Run Behavior\BuildLiteBehavior [ RunTime:0.000000s ]
INFO: [ app_init ] --END-- [ RunTime:0.000000s ]
ERR: 无法加载模块:Public

[ 2017-11-10T21:28:56+08:00 ] ::1 /waimai/Public/Uploads/product/product/thumb_5a02c88f9eda5.jpg
INFO: [ app_init ] --START--
INFO: Run Behavior\BuildLiteBehavior [ RunTime:0.000000s ]
INFO: [ app_init ] --END-- [ RunTime:0.000000s ]
ERR: 无法加载模块:Public

[ 2017-11-10T21:28:56+08:00 ] ::1 /waimai/Public/Uploads/product/product/thumb_5a02c90f86c28.jpg
INFO: [ app_init ] --START--
INFO: Run Behavior\BuildLiteBehavior [ RunTime:0.000000s ]
INFO: [ app_init ] --END-- [ RunTime:0.001000s ]
ERR: 无法加载模块:Public

[ 2017-11-10T21:28:56+08:00 ] ::1 /waimai/Public/Uploads/product/product/thumb_5a02c92f1723d.jpg
INFO: [ app_init ] --START--
INFO: Run Behavior\BuildLiteBehavior [ RunTime:0.000000s ]
INFO: [ app_init ] --END-- [ RunTime:0.001000s ]
ERR: 无法加载模块:Public

[ 2017-11-10T21:28:56+08:00 ] ::1 /waimai/Public/Uploads/product/product/thumb_5a02c8b42b656.jpg
INFO: [ app_init ] --START--
INFO: Run Behavior\BuildLiteBehavior [ RunTime:0.000000s ]
INFO: [ app_init ] --END-- [ RunTime:0.000000s ]
ERR: 无法加载模块:Public

[ 2017-11-10T21:28:57+08:00 ] ::1 /waimai/Public/Uploads/product/product/5a02c90f86c28.jpg?imageView2/1/w/202/h/202/
INFO: [ app_init ] --START--
INFO: Run Behavior\BuildLiteBehavior [ RunTime:0.000000s ]
INFO: [ app_init ] --END-- [ RunTime:0.001000s ]
ERR: 无法加载模块:Public

[ 2017-11-10T21:28:57+08:00 ] ::1 /waimai/Public/Uploads/product/product/5a02c8757b165.jpg?imageView2/1/w/202/h/202/
INFO: [ app_init ] --START--
INFO: Run Behavior\BuildLiteBehavior [ RunTime:0.000000s ]
INFO: [ app_init ] --END-- [ RunTime:0.001000s ]
ERR: 无法加载模块:Public

[ 2017-11-10T21:28:57+08:00 ] ::1 /waimai/Public/Uploads/product/product/5a02c88f9eda5.jpg?imageView2/1/w/202/h/202/
INFO: [ app_init ] --START--
INFO: Run Behavior\BuildLiteBehavior [ RunTime:0.000000s ]
INFO: [ app_init ] --END-- [ RunTime:0.001000s ]
ERR: 无法加载模块:Public

[ 2017-11-10T21:28:57+08:00 ] ::1 /waimai/Public/Uploads/product/product/5a02c8b42b656.jpg?imageView2/1/w/202/h/202/
INFO: [ app_init ] --START--
INFO: Run Behavior\BuildLiteBehavior [ RunTime:0.000000s ]
INFO: [ app_init ] --END-- [ RunTime:0.001000s ]
ERR: 无法加载模块:Public

[ 2017-11-10T21:28:57+08:00 ] ::1 /waimai/Public/Uploads/product/product/5a02c8d644c65.jpg?imageView2/1/w/202/h/202/
INFO: [ app_init ] --START--
INFO: Run Behavior\BuildLiteBehavior [ RunTime:0.000000s ]
INFO: [ app_init ] --END-- [ RunTime:0.000000s ]
ERR: 无法加载模块:Public

[ 2017-11-10T21:28:57+08:00 ] ::1 /waimai/Public/Uploads/product/product/thumb_5a02c8d644c65.jpg
INFO: [ app_init ] --START--
INFO: Run Behavior\BuildLiteBehavior [ RunTime:0.000000s ]
INFO: [ app_init ] --END-- [ RunTime:0.001000s ]
ERR: 无法加载模块:Public

[ 2017-11-10T21:28:59+08:00 ] ::1 /waimai/Public/Uploads/product/product/5a02c8757b165.jpg?imageView2/1/w/202/h/202/
INFO: [ app_init ] --START--
INFO: Run Behavior\BuildLiteBehavior [ RunTime:0.000000s ]
INFO: [ app_init ] --END-- [ RunTime:0.001000s ]
ERR: 无法加载模块:Public

[ 2017-11-10T21:28:59+08:00 ] ::1 /waimai/Public/Uploads/product/product/5a02c88f9eda5.jpg?imageView2/1/w/202/h/202/
INFO: [ app_init ] --START--
INFO: Run Behavior\BuildLiteBehavior [ RunTime:0.000000s ]
INFO: [ app_init ] --END-- [ RunTime:0.001000s ]
ERR: 无法加载模块:Public

[ 2017-11-10T21:29:01+08:00 ] ::1 /waimai/Public/Uploads/product/product/5a02c8757b165.jpg?imageView2/1/w/202/h/202/
INFO: [ app_init ] --START--
INFO: Run Behavior\BuildLiteBehavior [ RunTime:0.000000s ]
INFO: [ app_init ] --END-- [ RunTime:0.000000s ]
ERR: 无法加载模块:Public

[ 2017-11-10T21:29:01+08:00 ] ::1 /waimai/Public/Uploads/product/product/5a02c8d644c65.jpg?imageView2/1/w/202/h/202/
INFO: [ app_init ] --START--
INFO: Run Behavior\BuildLiteBehavior [ RunTime:0.000000s ]
INFO: [ app_init ] --END-- [ RunTime:0.001000s ]
ERR: 无法加载模块:Public

[ 2017-11-10T21:29:01+08:00 ] ::1 /waimai/Public/Uploads/product/product/5a02c90f86c28.jpg?imageView2/1/w/202/h/202/
INFO: [ app_init ] --START--
INFO: Run Behavior\BuildLiteBehavior [ RunTime:0.000000s ]
INFO: [ app_init ] --END-- [ RunTime:0.000000s ]
ERR: 无法加载模块:Public

[ 2017-11-10T21:43:29+08:00 ] ::1 /waimai/Public/Home/css/__PUBLIC__Home/images/night_bg.jpg
INFO: [ app_init ] --START--
INFO: Run Behavior\BuildLiteBehavior [ RunTime:0.000000s ]
INFO: [ app_init ] --END-- [ RunTime:0.000000s ]
ERR: 无法加载模块:Public

[ 2017-11-10T21:43:29+08:00 ] ::1 /waimai/Public/Home/css/__PUBLIC__Home/images/search_address_img.png
INFO: [ app_init ] --START--
INFO: Run Behavior\BuildLiteBehavior [ RunTime:0.000000s ]
INFO: [ app_init ] --END-- [ RunTime:0.000000s ]
ERR: 无法加载模块:Public

[ 2017-11-10T21:43:30+08:00 ] ::1 /waimai/Public/Home/css/__PUBLIC__Home/images/qq.png
INFO: [ app_init ] --START--
INFO: Run Behavior\BuildLiteBehavior [ RunTime:0.000000s ]
INFO: [ app_init ] --END-- [ RunTime:0.000000s ]
ERR: 无法加载模块:Public

[ 2017-11-10T21:43:30+08:00 ] ::1 /waimai/Public/Home/css/__PUBLIC__Home/images/warning.png
INFO: [ app_init ] --START--
INFO: Run Behavior\BuildLiteBehavior [ RunTime:0.000000s ]
INFO: [ app_init ] --END-- [ RunTime:0.000000s ]
ERR: 无法加载模块:Public

[ 2017-11-10T21:43:30+08:00 ] ::1 /waimai/Public/Home/css/__PUBLIC__Home/images/base_logo.png
INFO: [ app_init ] --START--
INFO: Run Behavior\BuildLiteBehavior [ RunTime:0.000000s ]
INFO: [ app_init ] --END-- [ RunTime:0.001000s ]
ERR: 无法加载模块:Public

[ 2017-11-10T21:43:30+08:00 ] ::1 /waimai/Public/Home/css/__PUBLIC__Home/images/icon.png
INFO: [ app_init ] --START--
INFO: Run Behavior\BuildLiteBehavior [ RunTime:0.000000s ]
INFO: [ app_init ] --END-- [ RunTime:0.000000s ]
ERR: 无法加载模块:Public

[ 2017-11-10T21:43:30+08:00 ] ::1 /waimai/Public/Home/css/__PUBLIC__Home/images/form_icon.png
INFO: [ app_init ] --START--
INFO: Run Behavior\BuildLiteBehavior [ RunTime:0.000000s ]
INFO: [ app_init ] --END-- [ RunTime:0.000000s ]
ERR: 无法加载模块:Public

[ 2017-11-10T21:43:30+08:00 ] ::1 /waimai/Public/Home/css/__PUBLIC__Home/images/success.png
INFO: [ app_init ] --START--
INFO: Run Behavior\BuildLiteBehavior [ RunTime:0.000000s ]
INFO: [ app_init ] --END-- [ RunTime:0.001000s ]
ERR: 无法加载模块:Public

[ 2017-11-10T21:43:30+08:00 ] ::1 /waimai/Public/Home/css/__PUBLIC__Home/images/day_bg.jpg
INFO: [ app_init ] --START--
INFO: Run Behavior\BuildLiteBehavior [ RunTime:0.000000s ]
INFO: [ app_init ] --END-- [ RunTime:0.000000s ]
ERR: 无法加载模块:Public

[ 2017-11-10T21:43:30+08:00 ] ::1 /waimai/Public/Home/css/__PUBLIC__Home/images/cz.jpg
INFO: [ app_init ] --START--
INFO: Run Behavior\BuildLiteBehavior [ RunTime:0.000000s ]
INFO: [ app_init ] --END-- [ RunTime:0.000000s ]
ERR: 无法加载模块:Public

[ 2017-11-10T21:43:30+08:00 ] ::1 /waimai/Public/Home/css/__PUBLIC__Home/images/iphone_icon.png
INFO: [ app_init ] --START--
INFO: Run Behavior\BuildLiteBehavior [ RunTime:0.000000s ]
INFO: [ app_init ] --END-- [ RunTime:0.001000s ]
ERR: 无法加载模块:Public

[ 2017-11-10T21:43:31+08:00 ] ::1 /waimai/Public/Home/css/__PUBLIC__Home/images/error.png
INFO: [ app_init ] --START--
INFO: Run Behavior\BuildLiteBehavior [ RunTime:0.000000s ]
INFO: [ app_init ] --END-- [ RunTime:0.000000s ]
ERR: 无法加载模块:Public

[ 2017-11-10T21:43:41+08:00 ] ::1 /waimai/index.html
INFO: [ app_init ] --START--
INFO: Run Behavior\BuildLiteBehavior [ RunTime:0.000000s ]
INFO: [ app_init ] --END-- [ RunTime:0.000000s ]
ERR: 无法加载模块:Index

[ 2017-11-10T21:43:43+08:00 ] ::1 /waimai/Public/Home/css/__PUBLIC__Home/images/day_repeat.jpg
INFO: [ app_init ] --START--
INFO: Run Behavior\BuildLiteBehavior [ RunTime:0.000000s ]
INFO: [ app_init ] --END-- [ RunTime:0.000000s ]
ERR: 无法加载模块:Public

