[ 2017-11-11T10:16:27+08:00 ] ::1 /waimai/shop_intro.html
INFO: [ app_init ] --START--
INFO: Run Behavior\BuildLiteBehavior [ RunTime:0.000000s ]
INFO: [ app_init ] --END-- [ RunTime:0.001000s ]
ERR: 无法加载模块:Shop_intro

[ 2017-11-11T12:08:49+08:00 ] ::1 /waimai/shop_intro.html
INFO: [ app_init ] --START--
INFO: Run Behavior\BuildLiteBehavior [ RunTime:0.000000s ]
INFO: [ app_init ] --END-- [ RunTime:0.000000s ]
ERR: 无法加载模块:Shop_intro

[ 2017-11-11T20:20:15+08:00 ] ::1 /waimai/shop_intro.html
INFO: [ app_init ] --START--
INFO: Run Behavior\BuildLiteBehavior [ RunTime:0.000000s ]
INFO: [ app_init ] --END-- [ RunTime:0.001000s ]
ERR: 无法加载模块:Shop_intro

[ 2017-11-11T20:20:57+08:00 ] ::1 /waimai/login.html?redirect_url=%2Fwaimai%2F
INFO: [ app_init ] --START--
INFO: Run Behavior\BuildLiteBehavior [ RunTime:0.000000s ]
INFO: [ app_init ] --END-- [ RunTime:0.000000s ]
ERR: 无法加载模块:Login

[ 2017-11-11T20:21:02+08:00 ] ::1 /waimai/login.html?redirect_url=%2Fwaimai%2F
INFO: [ app_init ] --START--
INFO: Run Behavior\BuildLiteBehavior [ RunTime:0.000000s ]
INFO: [ app_init ] --END-- [ RunTime:0.000000s ]
ERR: 无法加载模块:Login

[ 2017-11-11T20:21:42+08:00 ] ::1 /waimai/login.html?redirect_url=%2Fwaimai%2F
INFO: [ app_init ] --START--
INFO: Run Behavior\BuildLiteBehavior [ RunTime:0.000000s ]
INFO: [ app_init ] --END-- [ RunTime:0.000000s ]
ERR: 无法加载模块:Login

[ 2017-11-11T20:22:15+08:00 ] ::1 /waimai/login.html?redirect_url=%2Fwaimai%2F
INFO: [ app_init ] --START--
INFO: Run Behavior\BuildLiteBehavior [ RunTime:0.000000s ]
INFO: [ app_init ] --END-- [ RunTime:0.001000s ]
ERR: 无法加载模块:Login

[ 2017-11-11T20:22:19+08:00 ] ::1 /waimai/login.html?redirect_url=%2Fwaimai%2F
INFO: [ app_init ] --START--
INFO: Run Behavior\BuildLiteBehavior [ RunTime:0.000000s ]
INFO: [ app_init ] --END-- [ RunTime:0.000000s ]
ERR: 无法加载模块:Login

[ 2017-11-11T20:23:11+08:00 ] ::1 /waimai/login.html?redirect_url=%2Fwaimai%2F
INFO: [ app_init ] --START--
INFO: Run Behavior\BuildLiteBehavior [ RunTime:0.000000s ]
INFO: [ app_init ] --END-- [ RunTime:0.001000s ]
ERR: 无法加载模块:Login

[ 2017-11-11T20:23:17+08:00 ] ::1 /waimai/login.html?redirect_url=%2Fwaimai%2F
INFO: [ app_init ] --START--
INFO: Run Behavior\BuildLiteBehavior [ RunTime:0.000000s ]
INFO: [ app_init ] --END-- [ RunTime:0.001000s ]
ERR: 无法加载模块:Login

[ 2017-11-11T20:23:34+08:00 ] ::1 /waimai/login.html?redirect_url=%2Fwaimai%2F
INFO: [ app_init ] --START--
INFO: Run Behavior\BuildLiteBehavior [ RunTime:0.000000s ]
INFO: [ app_init ] --END-- [ RunTime:0.001000s ]
ERR: 无法加载模块:Login

[ 2017-11-11T20:23:38+08:00 ] ::1 /waimai/login.html?redirect_url=%2Fwaimai%2F
INFO: [ app_init ] --START--
INFO: Run Behavior\BuildLiteBehavior [ RunTime:0.000000s ]
INFO: [ app_init ] --END-- [ RunTime:0.000000s ]
ERR: 无法加载模块:Login

[ 2017-11-11T20:24:07+08:00 ] ::1 /waimai/login.html?redirect_url=%2Fwaimai%2F
INFO: [ app_init ] --START--
INFO: Run Behavior\BuildLiteBehavior [ RunTime:0.000000s ]
INFO: [ app_init ] --END-- [ RunTime:0.001000s ]
ERR: 无法加载模块:Login

[ 2017-11-11T20:24:12+08:00 ] ::1 /waimai/login.html?redirect_url=%2Fwaimai%2F
INFO: [ app_init ] --START--
INFO: Run Behavior\BuildLiteBehavior [ RunTime:0.000000s ]
INFO: [ app_init ] --END-- [ RunTime:0.000000s ]
ERR: 无法加载模块:Login

[ 2017-11-11T20:25:33+08:00 ] ::1 /waimai/login.html?redirect_url=%2Fwaimai%2F
INFO: [ app_init ] --START--
INFO: Run Behavior\BuildLiteBehavior [ RunTime:0.000000s ]
INFO: [ app_init ] --END-- [ RunTime:0.001000s ]
ERR: 无法加载模块:Login

[ 2017-11-11T20:25:39+08:00 ] ::1 /waimai/Login/login
INFO: [ app_init ] --START--
INFO: Run Behavior\BuildLiteBehavior [ RunTime:0.000000s ]
INFO: [ app_init ] --END-- [ RunTime:0.000000s ]
ERR: 无法加载模块:Login

[ 2017-11-11T20:25:52+08:00 ] ::1 /waimai/Login/login
INFO: [ app_init ] --START--
INFO: Run Behavior\BuildLiteBehavior [ RunTime:0.000000s ]
INFO: [ app_init ] --END-- [ RunTime:0.000000s ]
ERR: 无法加载模块:Login

[ 2017-11-11T20:37:38+08:00 ] ::1 /waimai/index.html
INFO: [ app_init ] --START--
INFO: Run Behavior\BuildLiteBehavior [ RunTime:0.000000s ]
INFO: [ app_init ] --END-- [ RunTime:0.001000s ]
ERR: 无法加载模块:Index

[ 2017-11-11T20:38:46+08:00 ] ::1 /waimai/member_index.html
INFO: [ app_init ] --START--
INFO: Run Behavior\BuildLiteBehavior [ RunTime:0.000000s ]
INFO: [ app_init ] --END-- [ RunTime:0.001000s ]
ERR: 无法加载模块:Member_index

[ 2017-11-11T20:38:49+08:00 ] ::1 /waimai/member_index.html
INFO: [ app_init ] --START--
INFO: Run Behavior\BuildLiteBehavior [ RunTime:0.000000s ]
INFO: [ app_init ] --END-- [ RunTime:0.001000s ]
ERR: 无法加载模块:Member_index

[ 2017-11-11T20:39:17+08:00 ] ::1 /waimai/member_index.html
INFO: [ app_init ] --START--
INFO: Run Behavior\BuildLiteBehavior [ RunTime:0.000000s ]
INFO: [ app_init ] --END-- [ RunTime:0.000000s ]
ERR: 无法加载模块:Member_index

[ 2017-11-11T20:39:21+08:00 ] ::1 /waimai/login.html?redirect_url=%2Fwaimai%2F
INFO: [ app_init ] --START--
INFO: Run Behavior\BuildLiteBehavior [ RunTime:0.000000s ]
INFO: [ app_init ] --END-- [ RunTime:0.000000s ]
ERR: 无法加载模块:Login

[ 2017-11-11T20:42:20+08:00 ] ::1 /waimai/member_index.html
INFO: [ app_init ] --START--
INFO: Run Behavior\BuildLiteBehavior [ RunTime:0.000000s ]
INFO: [ app_init ] --END-- [ RunTime:0.000000s ]
ERR: 无法加载模块:Member_index

[ 2017-11-11T20:42:38+08:00 ] ::1 /waimai/member_index.html
INFO: [ app_init ] --START--
INFO: Run Behavior\BuildLiteBehavior [ RunTime:0.000000s ]
INFO: [ app_init ] --END-- [ RunTime:0.001000s ]
ERR: 无法加载模块:Member_index

