[ 2017-11-08T17:01:09+08:00 ] ::1 /waimai/admin/admin
INFO: [ app_init ] --START--
INFO: Run Behavior\BuildLiteBehavior [ RunTime:0.000000s ]
INFO: [ app_init ] --END-- [ RunTime:0.000000s ]
INFO: [ app_begin ] --START--
INFO: Run Behavior\ReadHtmlCacheBehavior [ RunTime:0.000000s ]
INFO: [ app_begin ] --END-- [ RunTime:0.000000s ]
INFO: [ view_parse ] --START--
INFO: [ template_filter ] --START--
INFO: Run Behavior\ContentReplaceBehavior [ RunTime:0.001000s ]
INFO: [ template_filter ] --END-- [ RunTime:0.001000s ]
INFO: Run Behavior\ParseTemplateBehavior [ RunTime:0.015001s ]
INFO: [ view_parse ] --END-- [ RunTime:0.015001s ]
INFO: [ view_filter ] --START--
INFO: Run Behavior\WriteHtmlCacheBehavior [ RunTime:0.000000s ]
INFO: [ view_filter ] --END-- [ RunTime:0.000000s ]

[ 2017-11-08T17:01:12+08:00 ] ::1 /waimai/Admin/Login/index.html
INFO: [ app_init ] --START--
INFO: Run Behavior\BuildLiteBehavior [ RunTime:0.000000s ]
INFO: [ app_init ] --END-- [ RunTime:0.000000s ]
INFO: [ app_begin ] --START--
INFO: Run Behavior\ReadHtmlCacheBehavior [ RunTime:0.000000s ]
INFO: [ app_begin ] --END-- [ RunTime:0.000000s ]
SQL: SHOW COLUMNS FROM `admin` [ RunTime:0.1080s ]
INFO: [ view_parse ] --START--
INFO: [ template_filter ] --START--
INFO: Run Behavior\ContentReplaceBehavior [ RunTime:0.001000s ]
INFO: [ template_filter ] --END-- [ RunTime:0.001000s ]
NOTIC: [8] Undefined variable: oldusername E:\phpStudy\WWW\waimai\Application\Runtime\Cache\Admin\32ec6c906c117a7c2bf504769276d87a.php 第 48 行.
NOTIC: [8] Undefined variable: oldpassword E:\phpStudy\WWW\waimai\Application\Runtime\Cache\Admin\32ec6c906c117a7c2bf504769276d87a.php 第 54 行.
INFO: Run Behavior\ParseTemplateBehavior [ RunTime:0.034002s ]
INFO: [ view_parse ] --END-- [ RunTime:0.034002s ]
INFO: [ view_filter ] --START--
INFO: Run Behavior\WriteHtmlCacheBehavior [ RunTime:0.000000s ]
INFO: [ view_filter ] --END-- [ RunTime:0.000000s ]
INFO: [ app_end ] --START--
INFO: Run Behavior\ShowPageTraceBehavior [ RunTime:0.001000s ]
INFO: [ app_end ] --END-- [ RunTime:0.001000s ]

[ 2017-11-08T17:01:13+08:00 ] ::1 /waimai/Admin/Login/verify_c.html
INFO: [ app_init ] --START--
INFO: Run Behavior\BuildLiteBehavior [ RunTime:0.000000s ]
INFO: [ app_init ] --END-- [ RunTime:0.000000s ]
INFO: [ app_begin ] --START--
INFO: Run Behavior\ReadHtmlCacheBehavior [ RunTime:0.000000s ]
INFO: [ app_begin ] --END-- [ RunTime:0.000000s ]
SQL: SHOW COLUMNS FROM `admin` [ RunTime:0.0060s ]
INFO: [ app_end ] --START--
INFO: Run Behavior\ShowPageTraceBehavior [ RunTime:0.000000s ]
INFO: [ app_end ] --END-- [ RunTime:0.000000s ]

[ 2017-11-08T17:01:31+08:00 ] ::1 /waimai/Admin/Login/login_in.html
INFO: [ app_init ] --START--
INFO: Run Behavior\BuildLiteBehavior [ RunTime:0.000000s ]
INFO: [ app_init ] --END-- [ RunTime:0.000000s ]
INFO: [ app_begin ] --START--
INFO: Run Behavior\ReadHtmlCacheBehavior [ RunTime:0.000000s ]
INFO: [ app_begin ] --END-- [ RunTime:0.000000s ]
SQL: SHOW COLUMNS FROM `admin` [ RunTime:0.0060s ]
NOTIC: [8] Undefined variable: id E:\phpStudy\WWW\waimai\Application\Admin\Controller\LoginController.class.php 第 47 行.
SQL: SELECT * FROM `admin` WHERE `username` = 'admin' LIMIT 1   [ RunTime:0.0000s ]
SQL: UPDATE `admin` SET `lasttime`='2017-11-05 13:25:44',`newtime`='2017-11-08 17:01:31',`ip`='0.0.0.0',`login_count`=login_count+1 WHERE `id` = 1 [ RunTime:0.0010s ]
INFO: [ view_parse ] --START--
INFO: [ template_filter ] --START--
INFO: Run Behavior\ContentReplaceBehavior [ RunTime:0.000000s ]
INFO: [ template_filter ] --END-- [ RunTime:0.000000s ]
INFO: Run Behavior\ParseTemplateBehavior [ RunTime:0.005001s ]
INFO: [ view_parse ] --END-- [ RunTime:0.005001s ]
INFO: [ view_filter ] --START--
INFO: Run Behavior\WriteHtmlCacheBehavior [ RunTime:0.001000s ]
INFO: [ view_filter ] --END-- [ RunTime:0.001000s ]

[ 2017-11-08T17:01:34+08:00 ] ::1 /waimai/Admin/Admin/index.html
INFO: [ app_init ] --START--
INFO: Run Behavior\BuildLiteBehavior [ RunTime:0.000000s ]
INFO: [ app_init ] --END-- [ RunTime:0.000000s ]
INFO: [ app_begin ] --START--
INFO: Run Behavior\ReadHtmlCacheBehavior [ RunTime:0.000000s ]
INFO: [ app_begin ] --END-- [ RunTime:0.000000s ]
SQL: SHOW COLUMNS FROM `admin` [ RunTime:0.0050s ]
INFO: [ view_parse ] --START--
INFO: [ template_filter ] --START--
INFO: Run Behavior\ContentReplaceBehavior [ RunTime:0.000000s ]
INFO: [ template_filter ] --END-- [ RunTime:0.000000s ]
INFO: Run Behavior\ParseTemplateBehavior [ RunTime:0.030002s ]
INFO: [ view_parse ] --END-- [ RunTime:0.030002s ]
INFO: [ view_filter ] --START--
INFO: Run Behavior\WriteHtmlCacheBehavior [ RunTime:0.000000s ]
INFO: [ view_filter ] --END-- [ RunTime:0.000000s ]
INFO: [ app_end ] --START--
INFO: Run Behavior\ShowPageTraceBehavior [ RunTime:0.001000s ]
INFO: [ app_end ] --END-- [ RunTime:0.001000s ]

[ 2017-11-08T17:01:35+08:00 ] ::1 /waimai/Admin/Admin/welcome.html
INFO: [ app_init ] --START--
INFO: Run Behavior\BuildLiteBehavior [ RunTime:0.000000s ]
INFO: [ app_init ] --END-- [ RunTime:0.000000s ]
INFO: [ app_begin ] --START--
INFO: Run Behavior\ReadHtmlCacheBehavior [ RunTime:0.000000s ]
INFO: [ app_begin ] --END-- [ RunTime:0.000000s ]
SQL: SHOW COLUMNS FROM `admin` [ RunTime:0.0050s ]
SQL: SELECT * FROM `admin` LIMIT 1   [ RunTime:0.0000s ]
INFO: [ view_parse ] --START--
INFO: [ template_filter ] --START--
INFO: Run Behavior\ContentReplaceBehavior [ RunTime:0.000000s ]
INFO: [ template_filter ] --END-- [ RunTime:0.000000s ]
INFO: Run Behavior\ParseTemplateBehavior [ RunTime:0.064004s ]
INFO: [ view_parse ] --END-- [ RunTime:0.064004s ]
INFO: [ view_filter ] --START--
INFO: Run Behavior\WriteHtmlCacheBehavior [ RunTime:0.000000s ]
INFO: [ view_filter ] --END-- [ RunTime:0.000000s ]
INFO: [ app_end ] --START--
INFO: Run Behavior\ShowPageTraceBehavior [ RunTime:0.000000s ]
INFO: [ app_end ] --END-- [ RunTime:0.000000s ]

[ 2017-11-08T17:01:41+08:00 ] ::1 /waimai/Admin/Product/index.html
INFO: [ app_init ] --START--
INFO: Run Behavior\BuildLiteBehavior [ RunTime:0.000000s ]
INFO: [ app_init ] --END-- [ RunTime:0.000000s ]
INFO: [ app_begin ] --START--
INFO: Run Behavior\ReadHtmlCacheBehavior [ RunTime:0.001000s ]
INFO: [ app_begin ] --END-- [ RunTime:0.001000s ]
SQL: SHOW COLUMNS FROM `type` [ RunTime:0.0800s ]
SQL: SHOW COLUMNS FROM `product` [ RunTime:0.0310s ]
SQL: SELECT * FROM `product`  [ RunTime:0.0060s ]
SQL: SHOW COLUMNS FROM `type` [ RunTime:0.0070s ]
SQL: SELECT * FROM `type` WHERE ( 1=1 AND type_id='13' ) LIMIT 1   [ RunTime:0.0070s ]
SQL: SELECT * FROM `type` WHERE ( 1=1 AND type_id='13' ) LIMIT 1   [ RunTime:0.0000s ]
SQL: SELECT * FROM `type` WHERE ( 1=1 AND type_id='13' ) LIMIT 1   [ RunTime:0.0000s ]
SQL: SELECT * FROM `type` WHERE ( 1=1 AND type_id='13' ) LIMIT 1   [ RunTime:0.0010s ]
SQL: SELECT * FROM `type` WHERE ( 1=1 AND type_id='13' ) LIMIT 1   [ RunTime:0.0000s ]
SQL: SELECT * FROM `type` WHERE ( 1=1 AND type_id='13' ) LIMIT 1   [ RunTime:0.0000s ]
SQL: SELECT * FROM `type` WHERE ( 1=1 AND type_id='13' ) LIMIT 1   [ RunTime:0.0010s ]
SQL: SELECT * FROM `type` WHERE ( 1=1 AND type_id='13' ) LIMIT 1   [ RunTime:0.0000s ]
SQL: SELECT * FROM `type` WHERE ( 1=1 AND type_id='13' ) LIMIT 1   [ RunTime:0.0000s ]
SQL: SELECT * FROM `type` WHERE ( 1=1 AND type_id='13' ) LIMIT 1   [ RunTime:0.0000s ]
SQL: SELECT * FROM `type` WHERE ( 1=1 AND type_id='13' ) LIMIT 1   [ RunTime:0.0010s ]
SQL: SELECT * FROM `type` WHERE ( 1=1 AND type_id='13' ) LIMIT 1   [ RunTime:0.0000s ]
SQL: SELECT * FROM `type` WHERE ( 1=1 AND type_id='13' ) LIMIT 1   [ RunTime:0.0000s ]
SQL: SELECT * FROM `type` WHERE ( 1=1 AND type_id='13' ) LIMIT 1   [ RunTime:0.0000s ]
SQL: SELECT * FROM `type` WHERE ( 1=1 AND type_id='13' ) LIMIT 1   [ RunTime:0.0000s ]
SQL: SELECT * FROM `type` WHERE ( 1=1 AND type_id='13' ) LIMIT 1   [ RunTime:0.0000s ]
SQL: SELECT * FROM `type` WHERE ( 1=1 AND type_id='13' ) LIMIT 1   [ RunTime:0.0000s ]
SQL: SELECT * FROM `type` WHERE ( 1=1 AND type_id='13' ) LIMIT 1   [ RunTime:0.0010s ]
SQL: SELECT * FROM `type` WHERE ( 1=1 AND type_id='13' ) LIMIT 1   [ RunTime:0.0000s ]
INFO: [ view_parse ] --START--
INFO: [ template_filter ] --START--
INFO: Run Behavior\ContentReplaceBehavior [ RunTime:0.000000s ]
INFO: [ template_filter ] --END-- [ RunTime:0.000000s ]
INFO: Run Behavior\ParseTemplateBehavior [ RunTime:0.011001s ]
INFO: [ view_parse ] --END-- [ RunTime:0.011001s ]
INFO: [ view_filter ] --START--
INFO: Run Behavior\WriteHtmlCacheBehavior [ RunTime:0.001000s ]
INFO: [ view_filter ] --END-- [ RunTime:0.001000s ]
INFO: [ app_end ] --START--
INFO: Run Behavior\ShowPageTraceBehavior [ RunTime:0.000000s ]
INFO: [ app_end ] --END-- [ RunTime:0.000000s ]

[ 2017-11-08T17:02:11+08:00 ] ::1 /waimai/Admin/Product/index.html
INFO: [ app_init ] --START--
INFO: Run Behavior\BuildLiteBehavior [ RunTime:0.000000s ]
INFO: [ app_init ] --END-- [ RunTime:0.001000s ]
INFO: [ app_begin ] --START--
INFO: Run Behavior\ReadHtmlCacheBehavior [ RunTime:0.001000s ]
INFO: [ app_begin ] --END-- [ RunTime:0.001000s ]
SQL: SHOW COLUMNS FROM `type` [ RunTime:0.0050s ]
SQL: SHOW COLUMNS FROM `product` [ RunTime:0.0050s ]
SQL: SELECT * FROM `product`  [ RunTime:0.0010s ]
SQL: SHOW COLUMNS FROM `type` [ RunTime:0.0050s ]
SQL: SELECT * FROM `type` WHERE ( 1=1 AND type_id='13' ) LIMIT 1   [ RunTime:0.0000s ]
SQL: SELECT * FROM `type` WHERE ( 1=1 AND type_id='13' ) LIMIT 1   [ RunTime:0.0000s ]
SQL: SELECT * FROM `type` WHERE ( 1=1 AND type_id='13' ) LIMIT 1   [ RunTime:0.0000s ]
SQL: SELECT * FROM `type` WHERE ( 1=1 AND type_id='13' ) LIMIT 1   [ RunTime:0.0000s ]
SQL: SELECT * FROM `type` WHERE ( 1=1 AND type_id='13' ) LIMIT 1   [ RunTime:0.0000s ]
SQL: SELECT * FROM `type` WHERE ( 1=1 AND type_id='13' ) LIMIT 1   [ RunTime:0.0000s ]
SQL: SELECT * FROM `type` WHERE ( 1=1 AND type_id='13' ) LIMIT 1   [ RunTime:0.0010s ]
SQL: SELECT * FROM `type` WHERE ( 1=1 AND type_id='13' ) LIMIT 1   [ RunTime:0.0000s ]
SQL: SELECT * FROM `type` WHERE ( 1=1 AND type_id='13' ) LIMIT 1   [ RunTime:0.0000s ]
SQL: SELECT * FROM `type` WHERE ( 1=1 AND type_id='13' ) LIMIT 1   [ RunTime:0.0010s ]
SQL: SELECT * FROM `type` WHERE ( 1=1 AND type_id='13' ) LIMIT 1   [ RunTime:0.0000s ]
SQL: SELECT * FROM `type` WHERE ( 1=1 AND type_id='13' ) LIMIT 1   [ RunTime:0.0000s ]
SQL: SELECT * FROM `type` WHERE ( 1=1 AND type_id='13' ) LIMIT 1   [ RunTime:0.0000s ]
SQL: SELECT * FROM `type` WHERE ( 1=1 AND type_id='13' ) LIMIT 1   [ RunTime:0.0010s ]
SQL: SELECT * FROM `type` WHERE ( 1=1 AND type_id='13' ) LIMIT 1   [ RunTime:0.0000s ]
SQL: SELECT * FROM `type` WHERE ( 1=1 AND type_id='13' ) LIMIT 1   [ RunTime:0.0000s ]
SQL: SELECT * FROM `type` WHERE ( 1=1 AND type_id='13' ) LIMIT 1   [ RunTime:0.0000s ]
SQL: SELECT * FROM `type` WHERE ( 1=1 AND type_id='13' ) LIMIT 1   [ RunTime:0.0010s ]
SQL: SELECT * FROM `type` WHERE ( 1=1 AND type_id='13' ) LIMIT 1   [ RunTime:0.0000s ]
INFO: [ view_parse ] --START--
INFO: [ template_filter ] --START--
INFO: Run Behavior\ContentReplaceBehavior [ RunTime:0.000000s ]
INFO: [ template_filter ] --END-- [ RunTime:0.000000s ]
INFO: Run Behavior\ParseTemplateBehavior [ RunTime:0.006000s ]
INFO: [ view_parse ] --END-- [ RunTime:0.006000s ]
INFO: [ view_filter ] --START--
INFO: Run Behavior\WriteHtmlCacheBehavior [ RunTime:0.000000s ]
INFO: [ view_filter ] --END-- [ RunTime:0.000000s ]
INFO: [ app_end ] --START--
INFO: Run Behavior\ShowPageTraceBehavior [ RunTime:0.000000s ]
INFO: [ app_end ] --END-- [ RunTime:0.000000s ]

[ 2017-11-08T17:02:46+08:00 ] ::1 /waimai/Admin/Product/index.html
INFO: [ app_init ] --START--
INFO: Run Behavior\BuildLiteBehavior [ RunTime:0.000000s ]
INFO: [ app_init ] --END-- [ RunTime:0.000000s ]
INFO: [ app_begin ] --START--
INFO: Run Behavior\ReadHtmlCacheBehavior [ RunTime:0.000000s ]
INFO: [ app_begin ] --END-- [ RunTime:0.000000s ]
SQL: SHOW COLUMNS FROM `type` [ RunTime:0.0050s ]
SQL: SHOW COLUMNS FROM `product` [ RunTime:0.0060s ]
SQL: SELECT * FROM `product`  [ RunTime:0.0000s ]
SQL: SHOW COLUMNS FROM `type` [ RunTime:0.0060s ]
SQL: SELECT * FROM `type` WHERE ( 1=1 AND type_id='13' ) LIMIT 1   [ RunTime:0.0000s ]
SQL: SELECT * FROM `type` WHERE ( 1=1 AND type_id='13' ) LIMIT 1   [ RunTime:0.0010s ]
SQL: SELECT * FROM `type` WHERE ( 1=1 AND type_id='13' ) LIMIT 1   [ RunTime:0.0000s ]
SQL: SELECT * FROM `type` WHERE ( 1=1 AND type_id='13' ) LIMIT 1   [ RunTime:0.0000s ]
SQL: SELECT * FROM `type` WHERE ( 1=1 AND type_id='13' ) LIMIT 1   [ RunTime:0.0010s ]
SQL: SELECT * FROM `type` WHERE ( 1=1 AND type_id='13' ) LIMIT 1   [ RunTime:0.0000s ]
SQL: SELECT * FROM `type` WHERE ( 1=1 AND type_id='13' ) LIMIT 1   [ RunTime:0.0000s ]
SQL: SELECT * FROM `type` WHERE ( 1=1 AND type_id='13' ) LIMIT 1   [ RunTime:0.0000s ]
SQL: SELECT * FROM `type` WHERE ( 1=1 AND type_id='13' ) LIMIT 1   [ RunTime:0.0010s ]
SQL: SELECT * FROM `type` WHERE ( 1=1 AND type_id='13' ) LIMIT 1   [ RunTime:0.0000s ]
SQL: SELECT * FROM `type` WHERE ( 1=1 AND type_id='13' ) LIMIT 1   [ RunTime:0.0000s ]
SQL: SELECT * FROM `type` WHERE ( 1=1 AND type_id='13' ) LIMIT 1   [ RunTime:0.0010s ]
SQL: SELECT * FROM `type` WHERE ( 1=1 AND type_id='13' ) LIMIT 1   [ RunTime:0.0000s ]
SQL: SELECT * FROM `type` WHERE ( 1=1 AND type_id='13' ) LIMIT 1   [ RunTime:0.0000s ]
SQL: SELECT * FROM `type` WHERE ( 1=1 AND type_id='13' ) LIMIT 1   [ RunTime:0.0000s ]
SQL: SELECT * FROM `type` WHERE ( 1=1 AND type_id='13' ) LIMIT 1   [ RunTime:0.0010s ]
SQL: SELECT * FROM `type` WHERE ( 1=1 AND type_id='13' ) LIMIT 1   [ RunTime:0.0000s ]
SQL: SELECT * FROM `type` WHERE ( 1=1 AND type_id='13' ) LIMIT 1   [ RunTime:0.0000s ]
SQL: SELECT * FROM `type` WHERE ( 1=1 AND type_id='13' ) LIMIT 1   [ RunTime:0.0000s ]
INFO: [ view_parse ] --START--
INFO: [ template_filter ] --START--
INFO: Run Behavior\ContentReplaceBehavior [ RunTime:0.000000s ]
INFO: [ template_filter ] --END-- [ RunTime:0.000000s ]
INFO: Run Behavior\ParseTemplateBehavior [ RunTime:0.006001s ]
INFO: [ view_parse ] --END-- [ RunTime:0.006001s ]
INFO: [ view_filter ] --START--
INFO: Run Behavior\WriteHtmlCacheBehavior [ RunTime:0.000000s ]
INFO: [ view_filter ] --END-- [ RunTime:0.000000s ]
INFO: [ app_end ] --START--
INFO: Run Behavior\ShowPageTraceBehavior [ RunTime:0.001000s ]
INFO: [ app_end ] --END-- [ RunTime:0.001000s ]

[ 2017-11-08T17:02:50+08:00 ] ::1 /waimai/Admin/Product/product_del_all
INFO: [ app_init ] --START--
INFO: Run Behavior\BuildLiteBehavior [ RunTime:0.000000s ]
INFO: [ app_init ] --END-- [ RunTime:0.000000s ]
INFO: [ app_begin ] --START--
INFO: Run Behavior\ReadHtmlCacheBehavior [ RunTime:0.001000s ]
INFO: [ app_begin ] --END-- [ RunTime:0.001000s ]
SQL: SHOW COLUMNS FROM `type` [ RunTime:0.0060s ]
SQL: SHOW COLUMNS FROM `product` [ RunTime:0.0060s ]
SQL: SELECT * FROM `product` WHERE `id` = 150  [ RunTime:0.0010s ]
SQL: DELETE FROM `product` WHERE `id` = 150 [ RunTime:0.0000s ]

[ 2017-11-08T17:02:52+08:00 ] ::1 /waimai/Admin/Product/product_del_all
INFO: [ app_init ] --START--
INFO: Run Behavior\BuildLiteBehavior [ RunTime:0.000000s ]
INFO: [ app_init ] --END-- [ RunTime:0.001000s ]
INFO: [ app_begin ] --START--
INFO: Run Behavior\ReadHtmlCacheBehavior [ RunTime:0.001000s ]
INFO: [ app_begin ] --END-- [ RunTime:0.001000s ]
SQL: SHOW COLUMNS FROM `type` [ RunTime:0.0050s ]
SQL: SHOW COLUMNS FROM `product` [ RunTime:0.0060s ]
SQL: SELECT * FROM `product` WHERE `id` = 144  [ RunTime:0.0000s ]
SQL: DELETE FROM `product` WHERE `id` = 144 [ RunTime:0.0000s ]

[ 2017-11-08T17:02:53+08:00 ] ::1 /waimai/Admin/Product/product_del_all
INFO: [ app_init ] --START--
INFO: Run Behavior\BuildLiteBehavior [ RunTime:0.000000s ]
INFO: [ app_init ] --END-- [ RunTime:0.001000s ]
INFO: [ app_begin ] --START--
INFO: Run Behavior\ReadHtmlCacheBehavior [ RunTime:0.000000s ]
INFO: [ app_begin ] --END-- [ RunTime:0.000000s ]
SQL: SHOW COLUMNS FROM `type` [ RunTime:0.0050s ]
SQL: SHOW COLUMNS FROM `product` [ RunTime:0.0050s ]
SQL: SELECT * FROM `product` WHERE `id` = 146  [ RunTime:0.0000s ]
SQL: DELETE FROM `product` WHERE `id` = 146 [ RunTime:0.0000s ]

[ 2017-11-08T17:02:54+08:00 ] ::1 /waimai/Admin/Product/product_del_all
INFO: [ app_init ] --START--
INFO: Run Behavior\BuildLiteBehavior [ RunTime:0.000000s ]
INFO: [ app_init ] --END-- [ RunTime:0.001000s ]
INFO: [ app_begin ] --START--
INFO: Run Behavior\ReadHtmlCacheBehavior [ RunTime:0.001000s ]
INFO: [ app_begin ] --END-- [ RunTime:0.001000s ]
SQL: SHOW COLUMNS FROM `type` [ RunTime:0.0050s ]
SQL: SHOW COLUMNS FROM `product` [ RunTime:0.0060s ]
SQL: SELECT * FROM `product` WHERE `id` = 147  [ RunTime:0.0000s ]
SQL: DELETE FROM `product` WHERE `id` = 147 [ RunTime:0.0000s ]

[ 2017-11-08T17:02:55+08:00 ] ::1 /waimai/Admin/Product/product_del_all
INFO: [ app_init ] --START--
INFO: Run Behavior\BuildLiteBehavior [ RunTime:0.000000s ]
INFO: [ app_init ] --END-- [ RunTime:0.000000s ]
INFO: [ app_begin ] --START--
INFO: Run Behavior\ReadHtmlCacheBehavior [ RunTime:0.000000s ]
INFO: [ app_begin ] --END-- [ RunTime:0.000000s ]
SQL: SHOW COLUMNS FROM `type` [ RunTime:0.0080s ]
SQL: SHOW COLUMNS FROM `product` [ RunTime:0.0050s ]
SQL: SELECT * FROM `product` WHERE `id` = 145  [ RunTime:0.0010s ]
SQL: DELETE FROM `product` WHERE `id` = 145 [ RunTime:0.0000s ]

[ 2017-11-08T17:02:56+08:00 ] ::1 /waimai/Admin/Product/product_del_all
INFO: [ app_init ] --START--
INFO: Run Behavior\BuildLiteBehavior [ RunTime:0.000000s ]
INFO: [ app_init ] --END-- [ RunTime:0.001000s ]
INFO: [ app_begin ] --START--
INFO: Run Behavior\ReadHtmlCacheBehavior [ RunTime:0.001000s ]
INFO: [ app_begin ] --END-- [ RunTime:0.001000s ]
SQL: SHOW COLUMNS FROM `type` [ RunTime:0.0060s ]
SQL: SHOW COLUMNS FROM `product` [ RunTime:0.0050s ]
SQL: SELECT * FROM `product` WHERE `id` = 149  [ RunTime:0.0000s ]
SQL: DELETE FROM `product` WHERE `id` = 149 [ RunTime:0.0000s ]

[ 2017-11-08T17:02:57+08:00 ] ::1 /waimai/Admin/Product/product_del_all
INFO: [ app_init ] --START--
INFO: Run Behavior\BuildLiteBehavior [ RunTime:0.000000s ]
INFO: [ app_init ] --END-- [ RunTime:0.000000s ]
INFO: [ app_begin ] --START--
INFO: Run Behavior\ReadHtmlCacheBehavior [ RunTime:0.001000s ]
INFO: [ app_begin ] --END-- [ RunTime:0.001000s ]
SQL: SHOW COLUMNS FROM `type` [ RunTime:0.0050s ]
SQL: SHOW COLUMNS FROM `product` [ RunTime:0.0060s ]
SQL: SELECT * FROM `product` WHERE `id` = 148  [ RunTime:0.0000s ]
SQL: DELETE FROM `product` WHERE `id` = 148 [ RunTime:0.0000s ]

[ 2017-11-08T17:02:58+08:00 ] ::1 /waimai/Admin/Product/product_del_all
INFO: [ app_init ] --START--
INFO: Run Behavior\BuildLiteBehavior [ RunTime:0.000000s ]
INFO: [ app_init ] --END-- [ RunTime:0.000000s ]
INFO: [ app_begin ] --START--
INFO: Run Behavior\ReadHtmlCacheBehavior [ RunTime:0.001000s ]
INFO: [ app_begin ] --END-- [ RunTime:0.001000s ]
SQL: SHOW COLUMNS FROM `type` [ RunTime:0.0060s ]
SQL: SHOW COLUMNS FROM `product` [ RunTime:0.0060s ]
SQL: SELECT * FROM `product` WHERE `id` = 143  [ RunTime:0.0000s ]
SQL: DELETE FROM `product` WHERE `id` = 143 [ RunTime:0.0000s ]

[ 2017-11-08T17:02:59+08:00 ] ::1 /waimai/Admin/Product/product_del_all
INFO: [ app_init ] --START--
INFO: Run Behavior\BuildLiteBehavior [ RunTime:0.000000s ]
INFO: [ app_init ] --END-- [ RunTime:0.001000s ]
INFO: [ app_begin ] --START--
INFO: Run Behavior\ReadHtmlCacheBehavior [ RunTime:0.001001s ]
INFO: [ app_begin ] --END-- [ RunTime:0.001001s ]
SQL: SHOW COLUMNS FROM `type` [ RunTime:0.0060s ]
SQL: SHOW COLUMNS FROM `product` [ RunTime:0.0050s ]
SQL: SELECT * FROM `product` WHERE `id` = 142  [ RunTime:0.0010s ]
SQL: DELETE FROM `product` WHERE `id` = 142 [ RunTime:0.0000s ]

[ 2017-11-08T17:03:00+08:00 ] ::1 /waimai/Admin/Product/product_del_all
INFO: [ app_init ] --START--
INFO: Run Behavior\BuildLiteBehavior [ RunTime:0.000000s ]
INFO: [ app_init ] --END-- [ RunTime:0.001000s ]
INFO: [ app_begin ] --START--
INFO: Run Behavior\ReadHtmlCacheBehavior [ RunTime:0.001000s ]
INFO: [ app_begin ] --END-- [ RunTime:0.001000s ]
SQL: SHOW COLUMNS FROM `type` [ RunTime:0.0070s ]
SQL: SHOW COLUMNS FROM `product` [ RunTime:0.0060s ]
SQL: SELECT * FROM `product` WHERE `id` = 141  [ RunTime:0.0000s ]
SQL: DELETE FROM `product` WHERE `id` = 141 [ RunTime:0.0010s ]

[ 2017-11-08T17:03:01+08:00 ] ::1 /waimai/Admin/Product/product_del_all
INFO: [ app_init ] --START--
INFO: Run Behavior\BuildLiteBehavior [ RunTime:0.000000s ]
INFO: [ app_init ] --END-- [ RunTime:0.000000s ]
INFO: [ app_begin ] --START--
INFO: Run Behavior\ReadHtmlCacheBehavior [ RunTime:0.001000s ]
INFO: [ app_begin ] --END-- [ RunTime:0.001000s ]
SQL: SHOW COLUMNS FROM `type` [ RunTime:0.0060s ]
SQL: SHOW COLUMNS FROM `product` [ RunTime:0.0060s ]
SQL: SELECT * FROM `product` WHERE `id` = 140  [ RunTime:0.0000s ]
SQL: DELETE FROM `product` WHERE `id` = 140 [ RunTime:0.0000s ]

[ 2017-11-08T17:03:02+08:00 ] ::1 /waimai/Admin/Product/product_del_all
INFO: [ app_init ] --START--
INFO: Run Behavior\BuildLiteBehavior [ RunTime:0.000000s ]
INFO: [ app_init ] --END-- [ RunTime:0.001000s ]
INFO: [ app_begin ] --START--
INFO: Run Behavior\ReadHtmlCacheBehavior [ RunTime:0.001000s ]
INFO: [ app_begin ] --END-- [ RunTime:0.001000s ]
SQL: SHOW COLUMNS FROM `type` [ RunTime:0.0070s ]
SQL: SHOW COLUMNS FROM `product` [ RunTime:0.0060s ]
SQL: SELECT * FROM `product` WHERE `id` = 139  [ RunTime:0.0000s ]
SQL: DELETE FROM `product` WHERE `id` = 139 [ RunTime:0.0000s ]

[ 2017-11-08T17:03:03+08:00 ] ::1 /waimai/Admin/Product/product_del_all
INFO: [ app_init ] --START--
INFO: Run Behavior\BuildLiteBehavior [ RunTime:0.000000s ]
INFO: [ app_init ] --END-- [ RunTime:0.001000s ]
INFO: [ app_begin ] --START--
INFO: Run Behavior\ReadHtmlCacheBehavior [ RunTime:0.001000s ]
INFO: [ app_begin ] --END-- [ RunTime:0.001000s ]
SQL: SHOW COLUMNS FROM `type` [ RunTime:0.0060s ]
SQL: SHOW COLUMNS FROM `product` [ RunTime:0.0050s ]
SQL: SELECT * FROM `product` WHERE `id` = 138  [ RunTime:0.0000s ]
SQL: DELETE FROM `product` WHERE `id` = 138 [ RunTime:0.0000s ]

[ 2017-11-08T17:03:04+08:00 ] ::1 /waimai/Admin/Product/product_del_all
INFO: [ app_init ] --START--
INFO: Run Behavior\BuildLiteBehavior [ RunTime:0.000000s ]
INFO: [ app_init ] --END-- [ RunTime:0.001000s ]
INFO: [ app_begin ] --START--
INFO: Run Behavior\ReadHtmlCacheBehavior [ RunTime:0.001000s ]
INFO: [ app_begin ] --END-- [ RunTime:0.001000s ]
SQL: SHOW COLUMNS FROM `type` [ RunTime:0.0050s ]
SQL: SHOW COLUMNS FROM `product` [ RunTime:0.0070s ]
SQL: SELECT * FROM `product` WHERE `id` = 137  [ RunTime:0.0000s ]
SQL: DELETE FROM `product` WHERE `id` = 137 [ RunTime:0.0000s ]

[ 2017-11-08T17:03:05+08:00 ] ::1 /waimai/Admin/Product/product_del_all
INFO: [ app_init ] --START--
INFO: Run Behavior\BuildLiteBehavior [ RunTime:0.000000s ]
INFO: [ app_init ] --END-- [ RunTime:0.001000s ]
INFO: [ app_begin ] --START--
INFO: Run Behavior\ReadHtmlCacheBehavior [ RunTime:0.001000s ]
INFO: [ app_begin ] --END-- [ RunTime:0.001000s ]
SQL: SHOW COLUMNS FROM `type` [ RunTime:0.0070s ]
SQL: SHOW COLUMNS FROM `product` [ RunTime:0.0060s ]
SQL: SELECT * FROM `product` WHERE `id` = 136  [ RunTime:0.0010s ]
SQL: DELETE FROM `product` WHERE `id` = 136 [ RunTime:0.0000s ]

[ 2017-11-08T17:03:06+08:00 ] ::1 /waimai/Admin/Product/product_del_all
INFO: [ app_init ] --START--
INFO: Run Behavior\BuildLiteBehavior [ RunTime:0.000000s ]
INFO: [ app_init ] --END-- [ RunTime:0.001000s ]
INFO: [ app_begin ] --START--
INFO: Run Behavior\ReadHtmlCacheBehavior [ RunTime:0.001000s ]
INFO: [ app_begin ] --END-- [ RunTime:0.001000s ]
SQL: SHOW COLUMNS FROM `type` [ RunTime:0.0050s ]
SQL: SHOW COLUMNS FROM `product` [ RunTime:0.0050s ]
SQL: SELECT * FROM `product` WHERE `id` = 135  [ RunTime:0.0000s ]
SQL: DELETE FROM `product` WHERE `id` = 135 [ RunTime:0.0000s ]

[ 2017-11-08T17:03:07+08:00 ] ::1 /waimai/Admin/Product/product_del_all
INFO: [ app_init ] --START--
INFO: Run Behavior\BuildLiteBehavior [ RunTime:0.000000s ]
INFO: [ app_init ] --END-- [ RunTime:0.000000s ]
INFO: [ app_begin ] --START--
INFO: Run Behavior\ReadHtmlCacheBehavior [ RunTime:0.001000s ]
INFO: [ app_begin ] --END-- [ RunTime:0.001000s ]
SQL: SHOW COLUMNS FROM `type` [ RunTime:0.0060s ]
SQL: SHOW COLUMNS FROM `product` [ RunTime:0.0060s ]
SQL: SELECT * FROM `product` WHERE `id` = 134  [ RunTime:0.0010s ]
SQL: DELETE FROM `product` WHERE `id` = 134 [ RunTime:0.0000s ]

[ 2017-11-08T17:03:08+08:00 ] ::1 /waimai/Admin/Product/product_del_all
INFO: [ app_init ] --START--
INFO: Run Behavior\BuildLiteBehavior [ RunTime:0.000000s ]
INFO: [ app_init ] --END-- [ RunTime:0.001000s ]
INFO: [ app_begin ] --START--
INFO: Run Behavior\ReadHtmlCacheBehavior [ RunTime:0.001000s ]
INFO: [ app_begin ] --END-- [ RunTime:0.001000s ]
SQL: SHOW COLUMNS FROM `type` [ RunTime:0.0060s ]
SQL: SHOW COLUMNS FROM `product` [ RunTime:0.0060s ]
SQL: SELECT * FROM `product` WHERE `id` = 133  [ RunTime:0.0010s ]
SQL: DELETE FROM `product` WHERE `id` = 133 [ RunTime:0.0000s ]

[ 2017-11-08T17:03:09+08:00 ] ::1 /waimai/Admin/Product/product_del_all
INFO: [ app_init ] --START--
INFO: Run Behavior\BuildLiteBehavior [ RunTime:0.000000s ]
INFO: [ app_init ] --END-- [ RunTime:0.000000s ]
INFO: [ app_begin ] --START--
INFO: Run Behavior\ReadHtmlCacheBehavior [ RunTime:0.001001s ]
INFO: [ app_begin ] --END-- [ RunTime:0.001001s ]
SQL: SHOW COLUMNS FROM `type` [ RunTime:0.0060s ]
SQL: SHOW COLUMNS FROM `product` [ RunTime:0.0060s ]
SQL: SELECT * FROM `product` WHERE `id` = 132  [ RunTime:0.0000s ]
SQL: DELETE FROM `product` WHERE `id` = 132 [ RunTime:0.0010s ]

[ 2017-11-08T17:03:14+08:00 ] ::1 /waimai/Admin/Product/index.html
INFO: [ app_init ] --START--
INFO: Run Behavior\BuildLiteBehavior [ RunTime:0.000000s ]
INFO: [ app_init ] --END-- [ RunTime:0.001000s ]
INFO: [ app_begin ] --START--
INFO: Run Behavior\ReadHtmlCacheBehavior [ RunTime:0.000000s ]
INFO: [ app_begin ] --END-- [ RunTime:0.000000s ]
SQL: SHOW COLUMNS FROM `type` [ RunTime:0.0050s ]
SQL: SHOW COLUMNS FROM `product` [ RunTime:0.0050s ]
SQL: SELECT * FROM `product`  [ RunTime:0.0010s ]
INFO: [ view_parse ] --START--
INFO: [ template_filter ] --START--
INFO: Run Behavior\ContentReplaceBehavior [ RunTime:0.000000s ]
INFO: [ template_filter ] --END-- [ RunTime:0.000000s ]
NOTIC: [8] Undefined variable: vo E:\phpStudy\WWW\waimai\Application\Runtime\Cache\Admin\34e4b095905075aaede5ee9039415509.php 第 176 行.
NOTIC: [8] Undefined variable: vo E:\phpStudy\WWW\waimai\Application\Runtime\Cache\Admin\34e4b095905075aaede5ee9039415509.php 第 195 行.
INFO: Run Behavior\ParseTemplateBehavior [ RunTime:0.007001s ]
INFO: [ view_parse ] --END-- [ RunTime:0.007001s ]
INFO: [ view_filter ] --START--
INFO: Run Behavior\WriteHtmlCacheBehavior [ RunTime:0.001000s ]
INFO: [ view_filter ] --END-- [ RunTime:0.001000s ]
INFO: [ app_end ] --START--
INFO: Run Behavior\ShowPageTraceBehavior [ RunTime:0.000000s ]
INFO: [ app_end ] --END-- [ RunTime:0.000000s ]

[ 2017-11-08T17:03:19+08:00 ] ::1 /waimai/Admin/Product/product_add_cp
INFO: [ app_init ] --START--
INFO: Run Behavior\BuildLiteBehavior [ RunTime:0.000000s ]
INFO: [ app_init ] --END-- [ RunTime:0.001001s ]
INFO: [ app_begin ] --START--
INFO: Run Behavior\ReadHtmlCacheBehavior [ RunTime:0.001000s ]
INFO: [ app_begin ] --END-- [ RunTime:0.001000s ]
SQL: SHOW COLUMNS FROM `type` [ RunTime:0.0050s ]
SQL: SHOW COLUMNS FROM `product` [ RunTime:0.0070s ]
SQL: SELECT * FROM `type`  [ RunTime:0.0000s ]
INFO: [ view_parse ] --START--
INFO: [ template_filter ] --START--
INFO: Run Behavior\ContentReplaceBehavior [ RunTime:0.000000s ]
INFO: [ template_filter ] --END-- [ RunTime:0.001000s ]
INFO: Run Behavior\ParseTemplateBehavior [ RunTime:0.067004s ]
INFO: [ view_parse ] --END-- [ RunTime:0.067004s ]
INFO: [ view_filter ] --START--
INFO: Run Behavior\WriteHtmlCacheBehavior [ RunTime:0.000000s ]
INFO: [ view_filter ] --END-- [ RunTime:0.000000s ]
INFO: [ app_end ] --START--
INFO: Run Behavior\ShowPageTraceBehavior [ RunTime:0.001000s ]
INFO: [ app_end ] --END-- [ RunTime:0.001000s ]

[ 2017-11-08T17:03:49+08:00 ] ::1 /waimai/Admin/Product/pictured_add_cp_in
INFO: [ app_init ] --START--
INFO: Run Behavior\BuildLiteBehavior [ RunTime:0.000000s ]
INFO: [ app_init ] --END-- [ RunTime:0.001000s ]
INFO: [ app_begin ] --START--
INFO: Run Behavior\ReadHtmlCacheBehavior [ RunTime:0.001000s ]
INFO: [ app_begin ] --END-- [ RunTime:0.001000s ]
SQL: SHOW COLUMNS FROM `type` [ RunTime:0.0050s ]
SQL: SHOW COLUMNS FROM `product` [ RunTime:0.0060s ]
NOTIC: [2] call_user_func() expects parameter 1 to be a valid callback, no array or string given E:\phpStudy\WWW\waimai\ThinkPHP\Library\Think\Upload.class.php 第 170 行.
SQL: INSERT INTO `product` (`name`,`price`,`type_id`,`picture`,`thumb`) VALUES ('三文鱼','998','13','product/5a02c8757b165.jpg','product/thumb_5a02c8757b165.jpg') [ RunTime:0.0010s ]
INFO: [ view_parse ] --START--
INFO: [ template_filter ] --START--
INFO: Run Behavior\ContentReplaceBehavior [ RunTime:0.000000s ]
INFO: [ template_filter ] --END-- [ RunTime:0.000000s ]
INFO: Run Behavior\ParseTemplateBehavior [ RunTime:0.005000s ]
INFO: [ view_parse ] --END-- [ RunTime:0.005000s ]
INFO: [ view_filter ] --START--
INFO: Run Behavior\WriteHtmlCacheBehavior [ RunTime:0.000000s ]
INFO: [ view_filter ] --END-- [ RunTime:0.000000s ]
INFO: [ app_end ] --START--
INFO: Run Behavior\ShowPageTraceBehavior [ RunTime:0.001000s ]
INFO: [ app_end ] --END-- [ RunTime:0.001000s ]

[ 2017-11-08T17:03:51+08:00 ] ::1 /waimai/Admin/Product/index.html
INFO: [ app_init ] --START--
INFO: Run Behavior\BuildLiteBehavior [ RunTime:0.000000s ]
INFO: [ app_init ] --END-- [ RunTime:0.000000s ]
INFO: [ app_begin ] --START--
INFO: Run Behavior\ReadHtmlCacheBehavior [ RunTime:0.000000s ]
INFO: [ app_begin ] --END-- [ RunTime:0.000000s ]
SQL: SHOW COLUMNS FROM `type` [ RunTime:0.0060s ]
SQL: SHOW COLUMNS FROM `product` [ RunTime:0.0060s ]
SQL: SELECT * FROM `product`  [ RunTime:0.0000s ]
SQL: SHOW COLUMNS FROM `type` [ RunTime:0.0060s ]
SQL: SELECT * FROM `type` WHERE ( 1=1 AND type_id='13' ) LIMIT 1   [ RunTime:0.0010s ]
INFO: [ view_parse ] --START--
INFO: [ template_filter ] --START--
INFO: Run Behavior\ContentReplaceBehavior [ RunTime:0.001000s ]
INFO: [ template_filter ] --END-- [ RunTime:0.001000s ]
INFO: Run Behavior\ParseTemplateBehavior [ RunTime:0.006000s ]
INFO: [ view_parse ] --END-- [ RunTime:0.006000s ]
INFO: [ view_filter ] --START--
INFO: Run Behavior\WriteHtmlCacheBehavior [ RunTime:0.001000s ]
INFO: [ view_filter ] --END-- [ RunTime:0.001000s ]
INFO: [ app_end ] --START--
INFO: Run Behavior\ShowPageTraceBehavior [ RunTime:0.000000s ]
INFO: [ app_end ] --END-- [ RunTime:0.000000s ]

[ 2017-11-08T17:03:54+08:00 ] ::1 /waimai/Admin/Product/product_add_cp
INFO: [ app_init ] --START--
INFO: Run Behavior\BuildLiteBehavior [ RunTime:0.000000s ]
INFO: [ app_init ] --END-- [ RunTime:0.000000s ]
INFO: [ app_begin ] --START--
INFO: Run Behavior\ReadHtmlCacheBehavior [ RunTime:0.001000s ]
INFO: [ app_begin ] --END-- [ RunTime:0.001000s ]
SQL: SHOW COLUMNS FROM `type` [ RunTime:0.0060s ]
SQL: SHOW COLUMNS FROM `product` [ RunTime:0.0060s ]
SQL: SELECT * FROM `type`  [ RunTime:0.0000s ]
INFO: [ view_parse ] --START--
INFO: [ template_filter ] --START--
INFO: Run Behavior\ContentReplaceBehavior [ RunTime:0.000000s ]
INFO: [ template_filter ] --END-- [ RunTime:0.000000s ]
INFO: Run Behavior\ParseTemplateBehavior [ RunTime:0.005000s ]
INFO: [ view_parse ] --END-- [ RunTime:0.005000s ]
INFO: [ view_filter ] --START--
INFO: Run Behavior\WriteHtmlCacheBehavior [ RunTime:0.001000s ]
INFO: [ view_filter ] --END-- [ RunTime:0.001000s ]
INFO: [ app_end ] --START--
INFO: Run Behavior\ShowPageTraceBehavior [ RunTime:0.000000s ]
INFO: [ app_end ] --END-- [ RunTime:0.000000s ]

[ 2017-11-08T17:04:15+08:00 ] ::1 /waimai/Admin/Product/pictured_add_cp_in
INFO: [ app_init ] --START--
INFO: Run Behavior\BuildLiteBehavior [ RunTime:0.000000s ]
INFO: [ app_init ] --END-- [ RunTime:0.000000s ]
INFO: [ app_begin ] --START--
INFO: Run Behavior\ReadHtmlCacheBehavior [ RunTime:0.001000s ]
INFO: [ app_begin ] --END-- [ RunTime:0.001000s ]
SQL: SHOW COLUMNS FROM `type` [ RunTime:0.0060s ]
SQL: SHOW COLUMNS FROM `product` [ RunTime:0.0060s ]
NOTIC: [2] call_user_func() expects parameter 1 to be a valid callback, no array or string given E:\phpStudy\WWW\waimai\ThinkPHP\Library\Think\Upload.class.php 第 170 行.
SQL: INSERT INTO `product` (`name`,`price`,`type_id`,`picture`,`thumb`) VALUES ('麻辣披萨','559','13','product/5a02c88f9eda5.jpg','product/thumb_5a02c88f9eda5.jpg') [ RunTime:0.0000s ]
INFO: [ view_parse ] --START--
INFO: [ template_filter ] --START--
INFO: Run Behavior\ContentReplaceBehavior [ RunTime:0.000000s ]
INFO: [ template_filter ] --END-- [ RunTime:0.000000s ]
INFO: Run Behavior\ParseTemplateBehavior [ RunTime:0.006000s ]
INFO: [ view_parse ] --END-- [ RunTime:0.006000s ]
INFO: [ view_filter ] --START--
INFO: Run Behavior\WriteHtmlCacheBehavior [ RunTime:0.000000s ]
INFO: [ view_filter ] --END-- [ RunTime:0.000000s ]
INFO: [ app_end ] --START--
INFO: Run Behavior\ShowPageTraceBehavior [ RunTime:0.001000s ]
INFO: [ app_end ] --END-- [ RunTime:0.001000s ]

[ 2017-11-08T17:04:17+08:00 ] ::1 /waimai/Admin/Product/index.html
INFO: [ app_init ] --START--
INFO: Run Behavior\BuildLiteBehavior [ RunTime:0.000000s ]
INFO: [ app_init ] --END-- [ RunTime:0.001000s ]
INFO: [ app_begin ] --START--
INFO: Run Behavior\ReadHtmlCacheBehavior [ RunTime:0.001000s ]
INFO: [ app_begin ] --END-- [ RunTime:0.001000s ]
SQL: SHOW COLUMNS FROM `type` [ RunTime:0.0050s ]
SQL: SHOW COLUMNS FROM `product` [ RunTime:0.0050s ]
SQL: SELECT * FROM `product`  [ RunTime:0.0010s ]
SQL: SHOW COLUMNS FROM `type` [ RunTime:0.0050s ]
SQL: SELECT * FROM `type` WHERE ( 1=1 AND type_id='13' ) LIMIT 1   [ RunTime:0.0000s ]
SQL: SELECT * FROM `type` WHERE ( 1=1 AND type_id='13' ) LIMIT 1   [ RunTime:0.0000s ]
INFO: [ view_parse ] --START--
INFO: [ template_filter ] --START--
INFO: Run Behavior\ContentReplaceBehavior [ RunTime:0.000000s ]
INFO: [ template_filter ] --END-- [ RunTime:0.000000s ]
INFO: Run Behavior\ParseTemplateBehavior [ RunTime:0.006001s ]
INFO: [ view_parse ] --END-- [ RunTime:0.006001s ]
INFO: [ view_filter ] --START--
INFO: Run Behavior\WriteHtmlCacheBehavior [ RunTime:0.001000s ]
INFO: [ view_filter ] --END-- [ RunTime:0.001000s ]
INFO: [ app_end ] --START--
INFO: Run Behavior\ShowPageTraceBehavior [ RunTime:0.000000s ]
INFO: [ app_end ] --END-- [ RunTime:0.000000s ]

[ 2017-11-08T17:04:20+08:00 ] ::1 /waimai/Admin/Product/product_add_cp
INFO: [ app_init ] --START--
INFO: Run Behavior\BuildLiteBehavior [ RunTime:0.000000s ]
INFO: [ app_init ] --END-- [ RunTime:0.000000s ]
INFO: [ app_begin ] --START--
INFO: Run Behavior\ReadHtmlCacheBehavior [ RunTime:0.001000s ]
INFO: [ app_begin ] --END-- [ RunTime:0.001000s ]
SQL: SHOW COLUMNS FROM `type` [ RunTime:0.0050s ]
SQL: SHOW COLUMNS FROM `product` [ RunTime:0.0070s ]
SQL: SELECT * FROM `type`  [ RunTime:0.0000s ]
INFO: [ view_parse ] --START--
INFO: [ template_filter ] --START--
INFO: Run Behavior\ContentReplaceBehavior [ RunTime:0.000000s ]
INFO: [ template_filter ] --END-- [ RunTime:0.000000s ]
INFO: Run Behavior\ParseTemplateBehavior [ RunTime:0.005000s ]
INFO: [ view_parse ] --END-- [ RunTime:0.005000s ]
INFO: [ view_filter ] --START--
INFO: Run Behavior\WriteHtmlCacheBehavior [ RunTime:0.001000s ]
INFO: [ view_filter ] --END-- [ RunTime:0.001000s ]
INFO: [ app_end ] --START--
INFO: Run Behavior\ShowPageTraceBehavior [ RunTime:0.000000s ]
INFO: [ app_end ] --END-- [ RunTime:0.000000s ]

[ 2017-11-08T17:04:52+08:00 ] ::1 /waimai/Admin/Product/pictured_add_cp_in
INFO: [ app_init ] --START--
INFO: Run Behavior\BuildLiteBehavior [ RunTime:0.000000s ]
INFO: [ app_init ] --END-- [ RunTime:0.000000s ]
INFO: [ app_begin ] --START--
INFO: Run Behavior\ReadHtmlCacheBehavior [ RunTime:0.000000s ]
INFO: [ app_begin ] --END-- [ RunTime:0.000000s ]
SQL: SHOW COLUMNS FROM `type` [ RunTime:0.0050s ]
SQL: SHOW COLUMNS FROM `product` [ RunTime:0.0060s ]
NOTIC: [2] call_user_func() expects parameter 1 to be a valid callback, no array or string given E:\phpStudy\WWW\waimai\ThinkPHP\Library\Think\Upload.class.php 第 170 行.
SQL: INSERT INTO `product` (`name`,`price`,`type_id`,`picture`,`thumb`) VALUES ('辣条抄豆角','556','13','product/5a02c8b42b656.jpg','product/thumb_5a02c8b42b656.jpg') [ RunTime:0.0000s ]
INFO: [ view_parse ] --START--
INFO: [ template_filter ] --START--
INFO: Run Behavior\ContentReplaceBehavior [ RunTime:0.000000s ]
INFO: [ template_filter ] --END-- [ RunTime:0.000000s ]
INFO: Run Behavior\ParseTemplateBehavior [ RunTime:0.005000s ]
INFO: [ view_parse ] --END-- [ RunTime:0.005000s ]
INFO: [ view_filter ] --START--
INFO: Run Behavior\WriteHtmlCacheBehavior [ RunTime:0.001000s ]
INFO: [ view_filter ] --END-- [ RunTime:0.001000s ]
INFO: [ app_end ] --START--
INFO: Run Behavior\ShowPageTraceBehavior [ RunTime:0.000000s ]
INFO: [ app_end ] --END-- [ RunTime:0.000000s ]

[ 2017-11-08T17:04:54+08:00 ] ::1 /waimai/Admin/Product/index.html
INFO: [ app_init ] --START--
INFO: Run Behavior\BuildLiteBehavior [ RunTime:0.000000s ]
INFO: [ app_init ] --END-- [ RunTime:0.000000s ]
INFO: [ app_begin ] --START--
INFO: Run Behavior\ReadHtmlCacheBehavior [ RunTime:0.000000s ]
INFO: [ app_begin ] --END-- [ RunTime:0.000000s ]
SQL: SHOW COLUMNS FROM `type` [ RunTime:0.0050s ]
SQL: SHOW COLUMNS FROM `product` [ RunTime:0.0060s ]
SQL: SELECT * FROM `product`  [ RunTime:0.0000s ]
SQL: SHOW COLUMNS FROM `type` [ RunTime:0.0050s ]
SQL: SELECT * FROM `type` WHERE ( 1=1 AND type_id='13' ) LIMIT 1   [ RunTime:0.0010s ]
SQL: SELECT * FROM `type` WHERE ( 1=1 AND type_id='13' ) LIMIT 1   [ RunTime:0.0000s ]
SQL: SELECT * FROM `type` WHERE ( 1=1 AND type_id='13' ) LIMIT 1   [ RunTime:0.0000s ]
INFO: [ view_parse ] --START--
INFO: [ template_filter ] --START--
INFO: Run Behavior\ContentReplaceBehavior [ RunTime:0.000000s ]
INFO: [ template_filter ] --END-- [ RunTime:0.000000s ]
INFO: Run Behavior\ParseTemplateBehavior [ RunTime:0.007000s ]
INFO: [ view_parse ] --END-- [ RunTime:0.007000s ]
INFO: [ view_filter ] --START--
INFO: Run Behavior\WriteHtmlCacheBehavior [ RunTime:0.000000s ]
INFO: [ view_filter ] --END-- [ RunTime:0.000000s ]
INFO: [ app_end ] --START--
INFO: Run Behavior\ShowPageTraceBehavior [ RunTime:0.001000s ]
INFO: [ app_end ] --END-- [ RunTime:0.001000s ]

[ 2017-11-08T17:04:56+08:00 ] ::1 /waimai/Admin/Product/product_add_cp
INFO: [ app_init ] --START--
INFO: Run Behavior\BuildLiteBehavior [ RunTime:0.000000s ]
INFO: [ app_init ] --END-- [ RunTime:0.000000s ]
INFO: [ app_begin ] --START--
INFO: Run Behavior\ReadHtmlCacheBehavior [ RunTime:0.001000s ]
INFO: [ app_begin ] --END-- [ RunTime:0.001000s ]
SQL: SHOW COLUMNS FROM `type` [ RunTime:0.0050s ]
SQL: SHOW COLUMNS FROM `product` [ RunTime:0.0060s ]
SQL: SELECT * FROM `type`  [ RunTime:0.0000s ]
INFO: [ view_parse ] --START--
INFO: [ template_filter ] --START--
INFO: Run Behavior\ContentReplaceBehavior [ RunTime:0.001000s ]
INFO: [ template_filter ] --END-- [ RunTime:0.001000s ]
INFO: Run Behavior\ParseTemplateBehavior [ RunTime:0.006001s ]
INFO: [ view_parse ] --END-- [ RunTime:0.006001s ]
INFO: [ view_filter ] --START--
INFO: Run Behavior\WriteHtmlCacheBehavior [ RunTime:0.000000s ]
INFO: [ view_filter ] --END-- [ RunTime:0.000000s ]
INFO: [ app_end ] --START--
INFO: Run Behavior\ShowPageTraceBehavior [ RunTime:0.001000s ]
INFO: [ app_end ] --END-- [ RunTime:0.001000s ]

[ 2017-11-08T17:05:26+08:00 ] ::1 /waimai/Admin/Product/pictured_add_cp_in
INFO: [ app_init ] --START--
INFO: Run Behavior\BuildLiteBehavior [ RunTime:0.000000s ]
INFO: [ app_init ] --END-- [ RunTime:0.000000s ]
INFO: [ app_begin ] --START--
INFO: Run Behavior\ReadHtmlCacheBehavior [ RunTime:0.001000s ]
INFO: [ app_begin ] --END-- [ RunTime:0.001000s ]
SQL: SHOW COLUMNS FROM `type` [ RunTime:0.0050s ]
SQL: SHOW COLUMNS FROM `product` [ RunTime:0.0050s ]
NOTIC: [2] call_user_func() expects parameter 1 to be a valid callback, no array or string given E:\phpStudy\WWW\waimai\ThinkPHP\Library\Think\Upload.class.php 第 170 行.
SQL: INSERT INTO `product` (`name`,`price`,`type_id`,`picture`,`thumb`) VALUES ('发财鸡','888','13','product/5a02c8d644c65.jpg','product/thumb_5a02c8d644c65.jpg') [ RunTime:0.0010s ]
INFO: [ view_parse ] --START--
INFO: [ template_filter ] --START--
INFO: Run Behavior\ContentReplaceBehavior [ RunTime:0.000000s ]
INFO: [ template_filter ] --END-- [ RunTime:0.000000s ]
INFO: Run Behavior\ParseTemplateBehavior [ RunTime:0.005001s ]
INFO: [ view_parse ] --END-- [ RunTime:0.005001s ]
INFO: [ view_filter ] --START--
INFO: Run Behavior\WriteHtmlCacheBehavior [ RunTime:0.000000s ]
INFO: [ view_filter ] --END-- [ RunTime:0.000000s ]
INFO: [ app_end ] --START--
INFO: Run Behavior\ShowPageTraceBehavior [ RunTime:0.001000s ]
INFO: [ app_end ] --END-- [ RunTime:0.001000s ]

[ 2017-11-08T17:05:28+08:00 ] ::1 /waimai/Admin/Product/index.html
INFO: [ app_init ] --START--
INFO: Run Behavior\BuildLiteBehavior [ RunTime:0.000000s ]
INFO: [ app_init ] --END-- [ RunTime:0.001000s ]
INFO: [ app_begin ] --START--
INFO: Run Behavior\ReadHtmlCacheBehavior [ RunTime:0.000000s ]
INFO: [ app_begin ] --END-- [ RunTime:0.000000s ]
SQL: SHOW COLUMNS FROM `type` [ RunTime:0.0050s ]
SQL: SHOW COLUMNS FROM `product` [ RunTime:0.0060s ]
SQL: SELECT * FROM `product`  [ RunTime:0.0000s ]
SQL: SHOW COLUMNS FROM `type` [ RunTime:0.0050s ]
SQL: SELECT * FROM `type` WHERE ( 1=1 AND type_id='13' ) LIMIT 1   [ RunTime:0.0000s ]
SQL: SELECT * FROM `type` WHERE ( 1=1 AND type_id='13' ) LIMIT 1   [ RunTime:0.0000s ]
SQL: SELECT * FROM `type` WHERE ( 1=1 AND type_id='13' ) LIMIT 1   [ RunTime:0.0000s ]
SQL: SELECT * FROM `type` WHERE ( 1=1 AND type_id='13' ) LIMIT 1   [ RunTime:0.0000s ]
INFO: [ view_parse ] --START--
INFO: [ template_filter ] --START--
INFO: Run Behavior\ContentReplaceBehavior [ RunTime:0.000000s ]
INFO: [ template_filter ] --END-- [ RunTime:0.000000s ]
INFO: Run Behavior\ParseTemplateBehavior [ RunTime:0.007000s ]
INFO: [ view_parse ] --END-- [ RunTime:0.007000s ]
INFO: [ view_filter ] --START--
INFO: Run Behavior\WriteHtmlCacheBehavior [ RunTime:0.000000s ]
INFO: [ view_filter ] --END-- [ RunTime:0.000000s ]
INFO: [ app_end ] --START--
INFO: Run Behavior\ShowPageTraceBehavior [ RunTime:0.000000s ]
INFO: [ app_end ] --END-- [ RunTime:0.000000s ]

[ 2017-11-08T17:05:43+08:00 ] ::1 /waimai/Admin/Product/product_add_cp
INFO: [ app_init ] --START--
INFO: Run Behavior\BuildLiteBehavior [ RunTime:0.000000s ]
INFO: [ app_init ] --END-- [ RunTime:0.000000s ]
INFO: [ app_begin ] --START--
INFO: Run Behavior\ReadHtmlCacheBehavior [ RunTime:0.000000s ]
INFO: [ app_begin ] --END-- [ RunTime:0.000000s ]
SQL: SHOW COLUMNS FROM `type` [ RunTime:0.0070s ]
SQL: SHOW COLUMNS FROM `product` [ RunTime:0.0110s ]
SQL: SELECT * FROM `type`  [ RunTime:0.0000s ]
INFO: [ view_parse ] --START--
INFO: [ template_filter ] --START--
INFO: Run Behavior\ContentReplaceBehavior [ RunTime:0.000000s ]
INFO: [ template_filter ] --END-- [ RunTime:0.000000s ]
INFO: Run Behavior\ParseTemplateBehavior [ RunTime:0.009001s ]
INFO: [ view_parse ] --END-- [ RunTime:0.009001s ]
INFO: [ view_filter ] --START--
INFO: Run Behavior\WriteHtmlCacheBehavior [ RunTime:0.000000s ]
INFO: [ view_filter ] --END-- [ RunTime:0.000000s ]
INFO: [ app_end ] --START--
INFO: Run Behavior\ShowPageTraceBehavior [ RunTime:0.001000s ]
INFO: [ app_end ] --END-- [ RunTime:0.001000s ]

[ 2017-11-08T17:06:23+08:00 ] ::1 /waimai/Admin/Product/pictured_add_cp_in
INFO: [ app_init ] --START--
INFO: Run Behavior\BuildLiteBehavior [ RunTime:0.000000s ]
INFO: [ app_init ] --END-- [ RunTime:0.000000s ]
INFO: [ app_begin ] --START--
INFO: Run Behavior\ReadHtmlCacheBehavior [ RunTime:0.000000s ]
INFO: [ app_begin ] --END-- [ RunTime:0.000000s ]
SQL: SHOW COLUMNS FROM `type` [ RunTime:0.0050s ]
SQL: SHOW COLUMNS FROM `product` [ RunTime:0.0050s ]
NOTIC: [2] call_user_func() expects parameter 1 to be a valid callback, no array or string given E:\phpStudy\WWW\waimai\ThinkPHP\Library\Think\Upload.class.php 第 170 行.
SQL: INSERT INTO `product` (`name`,`price`,`type_id`,`picture`,`thumb`) VALUES ('麻辣香虾','3333','13','product/5a02c90f86c28.jpg','product/thumb_5a02c90f86c28.jpg') [ RunTime:0.0010s ]
INFO: [ view_parse ] --START--
INFO: [ template_filter ] --START--
INFO: Run Behavior\ContentReplaceBehavior [ RunTime:0.000000s ]
INFO: [ template_filter ] --END-- [ RunTime:0.000000s ]
INFO: Run Behavior\ParseTemplateBehavior [ RunTime:0.005000s ]
INFO: [ view_parse ] --END-- [ RunTime:0.005000s ]
INFO: [ view_filter ] --START--
INFO: Run Behavior\WriteHtmlCacheBehavior [ RunTime:0.001000s ]
INFO: [ view_filter ] --END-- [ RunTime:0.001000s ]
INFO: [ app_end ] --START--
INFO: Run Behavior\ShowPageTraceBehavior [ RunTime:0.000000s ]
INFO: [ app_end ] --END-- [ RunTime:0.000000s ]

[ 2017-11-08T17:06:25+08:00 ] ::1 /waimai/Admin/Product/index.html
INFO: [ app_init ] --START--
INFO: Run Behavior\BuildLiteBehavior [ RunTime:0.000000s ]
INFO: [ app_init ] --END-- [ RunTime:0.000000s ]
INFO: [ app_begin ] --START--
INFO: Run Behavior\ReadHtmlCacheBehavior [ RunTime:0.000000s ]
INFO: [ app_begin ] --END-- [ RunTime:0.000000s ]
SQL: SHOW COLUMNS FROM `type` [ RunTime:0.0050s ]
SQL: SHOW COLUMNS FROM `product` [ RunTime:0.0060s ]
SQL: SELECT * FROM `product`  [ RunTime:0.0000s ]
SQL: SHOW COLUMNS FROM `type` [ RunTime:0.0060s ]
SQL: SELECT * FROM `type` WHERE ( 1=1 AND type_id='13' ) LIMIT 1   [ RunTime:0.0000s ]
SQL: SELECT * FROM `type` WHERE ( 1=1 AND type_id='13' ) LIMIT 1   [ RunTime:0.0010s ]
SQL: SELECT * FROM `type` WHERE ( 1=1 AND type_id='13' ) LIMIT 1   [ RunTime:0.0000s ]
SQL: SELECT * FROM `type` WHERE ( 1=1 AND type_id='13' ) LIMIT 1   [ RunTime:0.0000s ]
SQL: SELECT * FROM `type` WHERE ( 1=1 AND type_id='13' ) LIMIT 1   [ RunTime:0.0000s ]
INFO: [ view_parse ] --START--
INFO: [ template_filter ] --START--
INFO: Run Behavior\ContentReplaceBehavior [ RunTime:0.000000s ]
INFO: [ template_filter ] --END-- [ RunTime:0.000000s ]
INFO: Run Behavior\ParseTemplateBehavior [ RunTime:0.007001s ]
INFO: [ view_parse ] --END-- [ RunTime:0.007001s ]
INFO: [ view_filter ] --START--
INFO: Run Behavior\WriteHtmlCacheBehavior [ RunTime:0.000000s ]
INFO: [ view_filter ] --END-- [ RunTime:0.000000s ]
INFO: [ app_end ] --START--
INFO: Run Behavior\ShowPageTraceBehavior [ RunTime:0.001000s ]
INFO: [ app_end ] --END-- [ RunTime:0.001000s ]

[ 2017-11-08T17:06:30+08:00 ] ::1 /waimai/Admin/Product/product_add_cp
INFO: [ app_init ] --START--
INFO: Run Behavior\BuildLiteBehavior [ RunTime:0.000000s ]
INFO: [ app_init ] --END-- [ RunTime:0.001001s ]
INFO: [ app_begin ] --START--
INFO: Run Behavior\ReadHtmlCacheBehavior [ RunTime:0.001000s ]
INFO: [ app_begin ] --END-- [ RunTime:0.001000s ]
SQL: SHOW COLUMNS FROM `type` [ RunTime:0.0070s ]
SQL: SHOW COLUMNS FROM `product` [ RunTime:0.0070s ]
SQL: SELECT * FROM `type`  [ RunTime:0.0000s ]
INFO: [ view_parse ] --START--
INFO: [ template_filter ] --START--
INFO: Run Behavior\ContentReplaceBehavior [ RunTime:0.000000s ]
INFO: [ template_filter ] --END-- [ RunTime:0.000000s ]
INFO: Run Behavior\ParseTemplateBehavior [ RunTime:0.006000s ]
INFO: [ view_parse ] --END-- [ RunTime:0.006000s ]
INFO: [ view_filter ] --START--
INFO: Run Behavior\WriteHtmlCacheBehavior [ RunTime:0.000000s ]
INFO: [ view_filter ] --END-- [ RunTime:0.000000s ]
INFO: [ app_end ] --START--
INFO: Run Behavior\ShowPageTraceBehavior [ RunTime:0.000000s ]
INFO: [ app_end ] --END-- [ RunTime:0.001000s ]

[ 2017-11-08T17:06:55+08:00 ] ::1 /waimai/Admin/Product/pictured_add_cp_in
INFO: [ app_init ] --START--
INFO: Run Behavior\BuildLiteBehavior [ RunTime:0.000000s ]
INFO: [ app_init ] --END-- [ RunTime:0.001001s ]
INFO: [ app_begin ] --START--
INFO: Run Behavior\ReadHtmlCacheBehavior [ RunTime:0.001000s ]
INFO: [ app_begin ] --END-- [ RunTime:0.001000s ]
SQL: SHOW COLUMNS FROM `type` [ RunTime:0.0050s ]
SQL: SHOW COLUMNS FROM `product` [ RunTime:0.0050s ]
NOTIC: [2] call_user_func() expects parameter 1 to be a valid callback, no array or string given E:\phpStudy\WWW\waimai\ThinkPHP\Library\Think\Upload.class.php 第 170 行.
SQL: INSERT INTO `product` (`name`,`price`,`type_id`,`picture`,`thumb`) VALUES ('豆丁豆丁','11111','59','product/5a02c92f1723d.jpg','product/thumb_5a02c92f1723d.jpg') [ RunTime:0.0010s ]
INFO: [ view_parse ] --START--
INFO: [ template_filter ] --START--
INFO: Run Behavior\ContentReplaceBehavior [ RunTime:0.000000s ]
INFO: [ template_filter ] --END-- [ RunTime:0.000000s ]
INFO: Run Behavior\ParseTemplateBehavior [ RunTime:0.006000s ]
INFO: [ view_parse ] --END-- [ RunTime:0.006000s ]
INFO: [ view_filter ] --START--
INFO: Run Behavior\WriteHtmlCacheBehavior [ RunTime:0.000000s ]
INFO: [ view_filter ] --END-- [ RunTime:0.000000s ]
INFO: [ app_end ] --START--
INFO: Run Behavior\ShowPageTraceBehavior [ RunTime:0.001000s ]
INFO: [ app_end ] --END-- [ RunTime:0.001000s ]

[ 2017-11-08T17:06:57+08:00 ] ::1 /waimai/Admin/Product/index.html
INFO: [ app_init ] --START--
INFO: Run Behavior\BuildLiteBehavior [ RunTime:0.000000s ]
INFO: [ app_init ] --END-- [ RunTime:0.000000s ]
INFO: [ app_begin ] --START--
INFO: Run Behavior\ReadHtmlCacheBehavior [ RunTime:0.000000s ]
INFO: [ app_begin ] --END-- [ RunTime:0.000000s ]
SQL: SHOW COLUMNS FROM `type` [ RunTime:0.0060s ]
SQL: SHOW COLUMNS FROM `product` [ RunTime:0.0060s ]
SQL: SELECT * FROM `product`  [ RunTime:0.0000s ]
SQL: SHOW COLUMNS FROM `type` [ RunTime:0.0050s ]
SQL: SELECT * FROM `type` WHERE ( 1=1 AND type_id='13' ) LIMIT 1   [ RunTime:0.0010s ]
SQL: SELECT * FROM `type` WHERE ( 1=1 AND type_id='13' ) LIMIT 1   [ RunTime:0.0000s ]
SQL: SELECT * FROM `type` WHERE ( 1=1 AND type_id='13' ) LIMIT 1   [ RunTime:0.0000s ]
SQL: SELECT * FROM `type` WHERE ( 1=1 AND type_id='13' ) LIMIT 1   [ RunTime:0.0000s ]
SQL: SELECT * FROM `type` WHERE ( 1=1 AND type_id='13' ) LIMIT 1   [ RunTime:0.0000s ]
SQL: SELECT * FROM `type` WHERE ( 1=1 AND type_id='59' ) LIMIT 1   [ RunTime:0.0000s ]
INFO: [ view_parse ] --START--
INFO: [ template_filter ] --START--
INFO: Run Behavior\ContentReplaceBehavior [ RunTime:0.000000s ]
INFO: [ template_filter ] --END-- [ RunTime:0.000000s ]
INFO: Run Behavior\ParseTemplateBehavior [ RunTime:0.007000s ]
INFO: [ view_parse ] --END-- [ RunTime:0.007000s ]
INFO: [ view_filter ] --START--
INFO: Run Behavior\WriteHtmlCacheBehavior [ RunTime:0.000000s ]
INFO: [ view_filter ] --END-- [ RunTime:0.000000s ]
INFO: [ app_end ] --START--
INFO: Run Behavior\ShowPageTraceBehavior [ RunTime:0.001000s ]
INFO: [ app_end ] --END-- [ RunTime:0.001000s ]

[ 2017-11-08T17:10:42+08:00 ] ::1 /waimai/Admin/Product/index.html
INFO: [ app_init ] --START--
INFO: Run Behavior\BuildLiteBehavior [ RunTime:0.000000s ]
INFO: [ app_init ] --END-- [ RunTime:0.001000s ]
INFO: [ app_begin ] --START--
INFO: Run Behavior\ReadHtmlCacheBehavior [ RunTime:0.000000s ]
INFO: [ app_begin ] --END-- [ RunTime:0.000000s ]
SQL: SHOW COLUMNS FROM `type` [ RunTime:0.0050s ]
SQL: SHOW COLUMNS FROM `product` [ RunTime:0.0050s ]
SQL: SELECT * FROM `product`  [ RunTime:0.0010s ]
SQL: SHOW COLUMNS FROM `type` [ RunTime:0.0050s ]
SQL: SELECT * FROM `type` WHERE ( 1=1 AND type_id='13' ) LIMIT 1   [ RunTime:0.0000s ]
SQL: SELECT * FROM `type` WHERE ( 1=1 AND type_id='13' ) LIMIT 1   [ RunTime:0.0000s ]
SQL: SELECT * FROM `type` WHERE ( 1=1 AND type_id='13' ) LIMIT 1   [ RunTime:0.0000s ]
SQL: SELECT * FROM `type` WHERE ( 1=1 AND type_id='13' ) LIMIT 1   [ RunTime:0.0000s ]
SQL: SELECT * FROM `type` WHERE ( 1=1 AND type_id='13' ) LIMIT 1   [ RunTime:0.0000s ]
SQL: SELECT * FROM `type` WHERE ( 1=1 AND type_id='13' ) LIMIT 1   [ RunTime:0.0000s ]
SQL: SELECT * FROM `type` WHERE ( 1=1 AND type_id='59' ) LIMIT 1   [ RunTime:0.0010s ]
SQL: SELECT * FROM `type` WHERE ( 1=1 AND type_id='13' ) LIMIT 1   [ RunTime:0.0000s ]
SQL: SELECT * FROM `type` WHERE ( 1=1 AND type_id='13' ) LIMIT 1   [ RunTime:0.0000s ]
SQL: SELECT * FROM `type` WHERE ( 1=1 AND type_id='13' ) LIMIT 1   [ RunTime:0.0010s ]
SQL: SELECT * FROM `type` WHERE ( 1=1 AND type_id='13' ) LIMIT 1   [ RunTime:0.0000s ]
SQL: SELECT * FROM `type` WHERE ( 1=1 AND type_id='13' ) LIMIT 1   [ RunTime:0.0000s ]
SQL: SELECT * FROM `type` WHERE ( 1=1 AND type_id='59' ) LIMIT 1   [ RunTime:0.0010s ]
SQL: SELECT * FROM `type` WHERE ( 1=1 AND type_id='13' ) LIMIT 1   [ RunTime:0.0000s ]
SQL: SELECT * FROM `type` WHERE ( 1=1 AND type_id='13' ) LIMIT 1   [ RunTime:0.0000s ]
SQL: SELECT * FROM `type` WHERE ( 1=1 AND type_id='13' ) LIMIT 1   [ RunTime:0.0000s ]
SQL: SELECT * FROM `type` WHERE ( 1=1 AND type_id='13' ) LIMIT 1   [ RunTime:0.0010s ]
SQL: SELECT * FROM `type` WHERE ( 1=1 AND type_id='59' ) LIMIT 1   [ RunTime:0.0000s ]
SQL: SELECT * FROM `type` WHERE ( 1=1 AND type_id='13' ) LIMIT 1   [ RunTime:0.0000s ]
SQL: SELECT * FROM `type` WHERE ( 1=1 AND type_id='13' ) LIMIT 1   [ RunTime:0.0010s ]
SQL: SELECT * FROM `type` WHERE ( 1=1 AND type_id='13' ) LIMIT 1   [ RunTime:0.0000s ]
SQL: SELECT * FROM `type` WHERE ( 1=1 AND type_id='13' ) LIMIT 1   [ RunTime:0.0000s ]
SQL: SELECT * FROM `type` WHERE ( 1=1 AND type_id='13' ) LIMIT 1   [ RunTime:0.0000s ]
SQL: SELECT * FROM `type` WHERE ( 1=1 AND type_id='59' ) LIMIT 1   [ RunTime:0.0010s ]
SQL: SELECT * FROM `type` WHERE ( 1=1 AND type_id='13' ) LIMIT 1   [ RunTime:0.0000s ]
SQL: SELECT * FROM `type` WHERE ( 1=1 AND type_id='13' ) LIMIT 1   [ RunTime:0.0000s ]
SQL: SELECT * FROM `type` WHERE ( 1=1 AND type_id='13' ) LIMIT 1   [ RunTime:0.0000s ]
SQL: SELECT * FROM `type` WHERE ( 1=1 AND type_id='13' ) LIMIT 1   [ RunTime:0.0010s ]
SQL: SELECT * FROM `type` WHERE ( 1=1 AND type_id='13' ) LIMIT 1   [ RunTime:0.0000s ]
SQL: SELECT * FROM `type` WHERE ( 1=1 AND type_id='13' ) LIMIT 1   [ RunTime:0.0000s ]
SQL: SELECT * FROM `type` WHERE ( 1=1 AND type_id='59' ) LIMIT 1   [ RunTime:0.0000s ]
SQL: SELECT * FROM `type` WHERE ( 1=1 AND type_id='13' ) LIMIT 1   [ RunTime:0.0010s ]
SQL: SELECT * FROM `type` WHERE ( 1=1 AND type_id='13' ) LIMIT 1   [ RunTime:0.0000s ]
SQL: SELECT * FROM `type` WHERE ( 1=1 AND type_id='13' ) LIMIT 1   [ RunTime:0.0000s ]
SQL: SELECT * FROM `type` WHERE ( 1=1 AND type_id='13' ) LIMIT 1   [ RunTime:0.0000s ]
SQL: SELECT * FROM `type` WHERE ( 1=1 AND type_id='13' ) LIMIT 1   [ RunTime:0.0000s ]
SQL: SELECT * FROM `type` WHERE ( 1=1 AND type_id='59' ) LIMIT 1   [ RunTime:0.0010s ]
SQL: SELECT * FROM `type` WHERE ( 1=1 AND type_id='13' ) LIMIT 1   [ RunTime:0.0000s ]
SQL: SELECT * FROM `type` WHERE ( 1=1 AND type_id='13' ) LIMIT 1   [ RunTime:0.0000s ]
SQL: SELECT * FROM `type` WHERE ( 1=1 AND type_id='13' ) LIMIT 1   [ RunTime:0.0000s ]
SQL: SELECT * FROM `type` WHERE ( 1=1 AND type_id='13' ) LIMIT 1   [ RunTime:0.0000s ]
SQL: SELECT * FROM `type` WHERE ( 1=1 AND type_id='59' ) LIMIT 1   [ RunTime:0.0000s ]
SQL: SELECT * FROM `type` WHERE ( 1=1 AND type_id='13' ) LIMIT 1   [ RunTime:0.0000s ]
SQL: SELECT * FROM `type` WHERE ( 1=1 AND type_id='13' ) LIMIT 1   [ RunTime:0.0000s ]
SQL: SELECT * FROM `type` WHERE ( 1=1 AND type_id='13' ) LIMIT 1   [ RunTime:0.0000s ]
SQL: SELECT * FROM `type` WHERE ( 1=1 AND type_id='13' ) LIMIT 1   [ RunTime:0.0010s ]
SQL: SELECT * FROM `type` WHERE ( 1=1 AND type_id='13' ) LIMIT 1   [ RunTime:0.0000s ]
SQL: SELECT * FROM `type` WHERE ( 1=1 AND type_id='59' ) LIMIT 1   [ RunTime:0.0000s ]
INFO: [ view_parse ] --START--
INFO: [ template_filter ] --START--
INFO: Run Behavior\ContentReplaceBehavior [ RunTime:0.000000s ]
INFO: [ template_filter ] --END-- [ RunTime:0.000000s ]
INFO: Run Behavior\ParseTemplateBehavior [ RunTime:0.007001s ]
INFO: [ view_parse ] --END-- [ RunTime:0.007001s ]
INFO: [ view_filter ] --START--
INFO: Run Behavior\WriteHtmlCacheBehavior [ RunTime:0.000000s ]
INFO: [ view_filter ] --END-- [ RunTime:0.000000s ]
INFO: [ app_end ] --START--
INFO: Run Behavior\ShowPageTraceBehavior [ RunTime:0.001000s ]
INFO: [ app_end ] --END-- [ RunTime:0.001000s ]

[ 2017-11-08T17:11:04+08:00 ] ::1 /waimai/Admin/Type/index.html
INFO: [ app_init ] --START--
INFO: Run Behavior\BuildLiteBehavior [ RunTime:0.000000s ]
INFO: [ app_init ] --END-- [ RunTime:0.001000s ]
INFO: [ app_begin ] --START--
INFO: Run Behavior\ReadHtmlCacheBehavior [ RunTime:0.001000s ]
INFO: [ app_begin ] --END-- [ RunTime:0.001000s ]
SQL: SHOW COLUMNS FROM `type` [ RunTime:0.0050s ]
SQL: SELECT * FROM `type` ORDER BY type_id  [ RunTime:0.0000s ]
INFO: [ view_parse ] --START--
INFO: [ template_filter ] --START--
INFO: Run Behavior\ContentReplaceBehavior [ RunTime:0.000000s ]
INFO: [ template_filter ] --END-- [ RunTime:0.000000s ]
INFO: Run Behavior\ParseTemplateBehavior [ RunTime:0.018001s ]
INFO: [ view_parse ] --END-- [ RunTime:0.018001s ]
INFO: [ view_filter ] --START--
INFO: Run Behavior\WriteHtmlCacheBehavior [ RunTime:0.000000s ]
INFO: [ view_filter ] --END-- [ RunTime:0.000000s ]
INFO: [ app_end ] --START--
INFO: Run Behavior\ShowPageTraceBehavior [ RunTime:0.001000s ]
INFO: [ app_end ] --END-- [ RunTime:0.001000s ]

[ 2017-11-08T17:11:15+08:00 ] ::1 /waimai/Admin/Type/type_add_cp
INFO: [ app_init ] --START--
INFO: Run Behavior\BuildLiteBehavior [ RunTime:0.000000s ]
INFO: [ app_init ] --END-- [ RunTime:0.000000s ]
INFO: [ app_begin ] --START--
INFO: Run Behavior\ReadHtmlCacheBehavior [ RunTime:0.000000s ]
INFO: [ app_begin ] --END-- [ RunTime:0.000000s ]
SQL: SHOW COLUMNS FROM `type` [ RunTime:0.0070s ]
INFO: [ view_parse ] --START--
INFO: [ template_filter ] --START--
INFO: Run Behavior\ContentReplaceBehavior [ RunTime:0.000000s ]
INFO: [ template_filter ] --END-- [ RunTime:0.001000s ]
INFO: Run Behavior\ParseTemplateBehavior [ RunTime:0.085005s ]
INFO: [ view_parse ] --END-- [ RunTime:0.085005s ]
INFO: [ view_filter ] --START--
INFO: Run Behavior\WriteHtmlCacheBehavior [ RunTime:0.000000s ]
INFO: [ view_filter ] --END-- [ RunTime:0.000000s ]
INFO: [ app_end ] --START--
INFO: Run Behavior\ShowPageTraceBehavior [ RunTime:0.001000s ]
INFO: [ app_end ] --END-- [ RunTime:0.001000s ]

[ 2017-11-08T17:11:36+08:00 ] ::1 /waimai/Admin/Type/type_add_cp_in
INFO: [ app_init ] --START--
INFO: Run Behavior\BuildLiteBehavior [ RunTime:0.000000s ]
INFO: [ app_init ] --END-- [ RunTime:0.000000s ]
INFO: [ app_begin ] --START--
INFO: Run Behavior\ReadHtmlCacheBehavior [ RunTime:0.000000s ]
INFO: [ app_begin ] --END-- [ RunTime:0.000000s ]
SQL: SHOW COLUMNS FROM `type` [ RunTime:0.0050s ]
NOTIC: [8] Undefined index: validate E:\phpStudy\WWW\waimai\ThinkPHP\Library\Think\Model.class.php 第 1185 行.
NOTIC: [8] Undefined index: auto E:\phpStudy\WWW\waimai\ThinkPHP\Library\Think\Model.class.php 第 1128 行.
SQL: INSERT INTO `type` (`type_name`) VALUES ('优惠套餐') [ RunTime:0.0000s ]

[ 2017-11-08T17:11:37+08:00 ] ::1 /waimai/Admin/Type/index.html
INFO: [ app_init ] --START--
INFO: Run Behavior\BuildLiteBehavior [ RunTime:0.000000s ]
INFO: [ app_init ] --END-- [ RunTime:0.000000s ]
INFO: [ app_begin ] --START--
INFO: Run Behavior\ReadHtmlCacheBehavior [ RunTime:0.001000s ]
INFO: [ app_begin ] --END-- [ RunTime:0.001000s ]
SQL: SHOW COLUMNS FROM `type` [ RunTime:0.0050s ]
SQL: SELECT * FROM `type` ORDER BY type_id  [ RunTime:0.0000s ]
INFO: [ view_parse ] --START--
INFO: [ template_filter ] --START--
INFO: Run Behavior\ContentReplaceBehavior [ RunTime:0.000000s ]
INFO: [ template_filter ] --END-- [ RunTime:0.000000s ]
INFO: Run Behavior\ParseTemplateBehavior [ RunTime:0.006000s ]
INFO: [ view_parse ] --END-- [ RunTime:0.006000s ]
INFO: [ view_filter ] --START--
INFO: Run Behavior\WriteHtmlCacheBehavior [ RunTime:0.000000s ]
INFO: [ view_filter ] --END-- [ RunTime:0.000000s ]
INFO: [ app_end ] --START--
INFO: Run Behavior\ShowPageTraceBehavior [ RunTime:0.000000s ]
INFO: [ app_end ] --END-- [ RunTime:0.000000s ]

