[ 2017-11-17T17:57:26+08:00 ] ::1 /waimai/admin/admin
INFO: [ app_init ] --START--
INFO: Run Behavior\BuildLiteBehavior [ RunTime:0.000000s ]
INFO: [ app_init ] --END-- [ RunTime:0.000000s ]
INFO: [ app_begin ] --START--
INFO: Run Behavior\ReadHtmlCacheBehavior [ RunTime:0.000000s ]
INFO: [ app_begin ] --END-- [ RunTime:0.000000s ]
INFO: [ view_parse ] --START--
INFO: [ template_filter ] --START--
INFO: Run Behavior\ContentReplaceBehavior [ RunTime:0.000000s ]
INFO: [ template_filter ] --END-- [ RunTime:0.000000s ]
INFO: Run Behavior\ParseTemplateBehavior [ RunTime:0.016001s ]
INFO: [ view_parse ] --END-- [ RunTime:0.016001s ]
INFO: [ view_filter ] --START--
INFO: Run Behavior\WriteHtmlCacheBehavior [ RunTime:0.000000s ]
INFO: [ view_filter ] --END-- [ RunTime:0.000000s ]

[ 2017-11-17T17:57:30+08:00 ] ::1 /waimai/Admin/Login/index.html
INFO: [ app_init ] --START--
INFO: Run Behavior\BuildLiteBehavior [ RunTime:0.000000s ]
INFO: [ app_init ] --END-- [ RunTime:0.001000s ]
INFO: [ app_begin ] --START--
INFO: Run Behavior\ReadHtmlCacheBehavior [ RunTime:0.000000s ]
INFO: [ app_begin ] --END-- [ RunTime:0.000000s ]
SQL: SHOW COLUMNS FROM `admin` [ RunTime:0.1020s ]
INFO: [ view_parse ] --START--
INFO: [ template_filter ] --START--
INFO: Run Behavior\ContentReplaceBehavior [ RunTime:0.003000s ]
INFO: [ template_filter ] --END-- [ RunTime:0.003000s ]
NOTIC: [8] Undefined variable: oldusername E:\phpStudy\WWW\waimai\Application\Runtime\Cache\Admin\32ec6c906c117a7c2bf504769276d87a.php 第 48 行.
NOTIC: [8] Undefined variable: oldpassword E:\phpStudy\WWW\waimai\Application\Runtime\Cache\Admin\32ec6c906c117a7c2bf504769276d87a.php 第 54 行.
INFO: Run Behavior\ParseTemplateBehavior [ RunTime:0.044002s ]
INFO: [ view_parse ] --END-- [ RunTime:0.044002s ]
INFO: [ view_filter ] --START--
INFO: Run Behavior\WriteHtmlCacheBehavior [ RunTime:0.000000s ]
INFO: [ view_filter ] --END-- [ RunTime:0.000000s ]
INFO: [ app_end ] --START--
INFO: Run Behavior\ShowPageTraceBehavior [ RunTime:0.001000s ]
INFO: [ app_end ] --END-- [ RunTime:0.001000s ]

[ 2017-11-17T17:57:31+08:00 ] ::1 /waimai/Admin/Login/verify_c.html
INFO: [ app_init ] --START--
INFO: Run Behavior\BuildLiteBehavior [ RunTime:0.000000s ]
INFO: [ app_init ] --END-- [ RunTime:0.001000s ]
INFO: [ app_begin ] --START--
INFO: Run Behavior\ReadHtmlCacheBehavior [ RunTime:0.001000s ]
INFO: [ app_begin ] --END-- [ RunTime:0.001000s ]
SQL: SHOW COLUMNS FROM `admin` [ RunTime:0.0070s ]
INFO: [ app_end ] --START--
INFO: Run Behavior\ShowPageTraceBehavior [ RunTime:0.001000s ]
INFO: [ app_end ] --END-- [ RunTime:0.001000s ]

[ 2017-11-17T17:57:44+08:00 ] ::1 /waimai/Admin/Login/login_in.html
INFO: [ app_init ] --START--
INFO: Run Behavior\BuildLiteBehavior [ RunTime:0.000000s ]
INFO: [ app_init ] --END-- [ RunTime:0.000000s ]
INFO: [ app_begin ] --START--
INFO: Run Behavior\ReadHtmlCacheBehavior [ RunTime:0.001000s ]
INFO: [ app_begin ] --END-- [ RunTime:0.001000s ]
SQL: SHOW COLUMNS FROM `admin` [ RunTime:0.0070s ]
NOTIC: [8] Undefined variable: id E:\phpStudy\WWW\waimai\Application\Admin\Controller\LoginController.class.php 第 47 行.
INFO: [ view_parse ] --START--
INFO: [ template_filter ] --START--
INFO: Run Behavior\ContentReplaceBehavior [ RunTime:0.000000s ]
INFO: [ template_filter ] --END-- [ RunTime:0.000000s ]
INFO: Run Behavior\ParseTemplateBehavior [ RunTime:0.006000s ]
INFO: [ view_parse ] --END-- [ RunTime:0.006000s ]
INFO: [ view_filter ] --START--
INFO: Run Behavior\WriteHtmlCacheBehavior [ RunTime:0.000000s ]
INFO: [ view_filter ] --END-- [ RunTime:0.000000s ]

[ 2017-11-17T17:57:46+08:00 ] ::1 /waimai/Admin/Login/index.html
INFO: [ app_init ] --START--
INFO: Run Behavior\BuildLiteBehavior [ RunTime:0.000000s ]
INFO: [ app_init ] --END-- [ RunTime:0.001000s ]
INFO: [ app_begin ] --START--
INFO: Run Behavior\ReadHtmlCacheBehavior [ RunTime:0.001000s ]
INFO: [ app_begin ] --END-- [ RunTime:0.001000s ]
SQL: SHOW COLUMNS FROM `admin` [ RunTime:0.0070s ]
INFO: [ view_parse ] --START--
INFO: [ template_filter ] --START--
INFO: Run Behavior\ContentReplaceBehavior [ RunTime:0.000000s ]
INFO: [ template_filter ] --END-- [ RunTime:0.000000s ]
INFO: Run Behavior\ParseTemplateBehavior [ RunTime:0.007000s ]
INFO: [ view_parse ] --END-- [ RunTime:0.007000s ]
INFO: [ view_filter ] --START--
INFO: Run Behavior\WriteHtmlCacheBehavior [ RunTime:0.000000s ]
INFO: [ view_filter ] --END-- [ RunTime:0.000000s ]
INFO: [ app_end ] --START--
INFO: Run Behavior\ShowPageTraceBehavior [ RunTime:0.001000s ]
INFO: [ app_end ] --END-- [ RunTime:0.001000s ]

[ 2017-11-17T17:57:47+08:00 ] ::1 /waimai/Admin/Login/verify_c.html
INFO: [ app_init ] --START--
INFO: Run Behavior\BuildLiteBehavior [ RunTime:0.000000s ]
INFO: [ app_init ] --END-- [ RunTime:0.000000s ]
INFO: [ app_begin ] --START--
INFO: Run Behavior\ReadHtmlCacheBehavior [ RunTime:0.002000s ]
INFO: [ app_begin ] --END-- [ RunTime:0.002000s ]
SQL: SHOW COLUMNS FROM `admin` [ RunTime:0.0080s ]
INFO: [ app_end ] --START--
INFO: Run Behavior\ShowPageTraceBehavior [ RunTime:0.001000s ]
INFO: [ app_end ] --END-- [ RunTime:0.001000s ]

[ 2017-11-17T17:57:52+08:00 ] ::1 /waimai/Admin/Login/verify_c.html?0.3930364192711151
INFO: [ app_init ] --START--
INFO: Run Behavior\BuildLiteBehavior [ RunTime:0.000000s ]
INFO: [ app_init ] --END-- [ RunTime:0.000000s ]
INFO: [ app_begin ] --START--
INFO: Run Behavior\ReadHtmlCacheBehavior [ RunTime:0.000000s ]
INFO: [ app_begin ] --END-- [ RunTime:0.000000s ]
SQL: SHOW COLUMNS FROM `admin` [ RunTime:0.0070s ]
INFO: [ app_end ] --START--
INFO: Run Behavior\ShowPageTraceBehavior [ RunTime:0.000000s ]
INFO: [ app_end ] --END-- [ RunTime:0.000000s ]

[ 2017-11-17T17:57:53+08:00 ] ::1 /waimai/Admin/Login/verify_c.html?0.34987311140084754
INFO: [ app_init ] --START--
INFO: Run Behavior\BuildLiteBehavior [ RunTime:0.000000s ]
INFO: [ app_init ] --END-- [ RunTime:0.000000s ]
INFO: [ app_begin ] --START--
INFO: Run Behavior\ReadHtmlCacheBehavior [ RunTime:0.000000s ]
INFO: [ app_begin ] --END-- [ RunTime:0.000000s ]
SQL: SHOW COLUMNS FROM `admin` [ RunTime:0.0070s ]
INFO: [ app_end ] --START--
INFO: Run Behavior\ShowPageTraceBehavior [ RunTime:0.001000s ]
INFO: [ app_end ] --END-- [ RunTime:0.001000s ]

[ 2017-11-17T17:58:03+08:00 ] ::1 /waimai/Admin/Login/login_in.html
INFO: [ app_init ] --START--
INFO: Run Behavior\BuildLiteBehavior [ RunTime:0.000000s ]
INFO: [ app_init ] --END-- [ RunTime:0.001000s ]
INFO: [ app_begin ] --START--
INFO: Run Behavior\ReadHtmlCacheBehavior [ RunTime:0.001000s ]
INFO: [ app_begin ] --END-- [ RunTime:0.001000s ]
SQL: SHOW COLUMNS FROM `admin` [ RunTime:0.0070s ]
NOTIC: [8] Undefined variable: id E:\phpStudy\WWW\waimai\Application\Admin\Controller\LoginController.class.php 第 47 行.
SQL: SELECT * FROM `admin` WHERE `username` = 'admin' LIMIT 1   [ RunTime:0.0000s ]
SQL: UPDATE `admin` SET `lasttime`='2017-11-14 19:20:26',`newtime`='2017-11-17 17:58:03',`ip`='0.0.0.0',`login_count`=login_count+1 WHERE `id` = 1 [ RunTime:0.0000s ]
INFO: [ view_parse ] --START--
INFO: [ template_filter ] --START--
INFO: Run Behavior\ContentReplaceBehavior [ RunTime:0.000000s ]
INFO: [ template_filter ] --END-- [ RunTime:0.000000s ]
INFO: Run Behavior\ParseTemplateBehavior [ RunTime:0.006000s ]
INFO: [ view_parse ] --END-- [ RunTime:0.006000s ]
INFO: [ view_filter ] --START--
INFO: Run Behavior\WriteHtmlCacheBehavior [ RunTime:0.000000s ]
INFO: [ view_filter ] --END-- [ RunTime:0.000000s ]

[ 2017-11-17T17:58:05+08:00 ] ::1 /waimai/Admin/Admin/index.html
INFO: [ app_init ] --START--
INFO: Run Behavior\BuildLiteBehavior [ RunTime:0.000000s ]
INFO: [ app_init ] --END-- [ RunTime:0.001001s ]
INFO: [ app_begin ] --START--
INFO: Run Behavior\ReadHtmlCacheBehavior [ RunTime:0.000000s ]
INFO: [ app_begin ] --END-- [ RunTime:0.000000s ]
SQL: SHOW COLUMNS FROM `admin` [ RunTime:0.0070s ]
INFO: [ view_parse ] --START--
INFO: [ template_filter ] --START--
INFO: Run Behavior\ContentReplaceBehavior [ RunTime:0.000000s ]
INFO: [ template_filter ] --END-- [ RunTime:0.000000s ]
INFO: Run Behavior\ParseTemplateBehavior [ RunTime:0.039002s ]
INFO: [ view_parse ] --END-- [ RunTime:0.039002s ]
INFO: [ view_filter ] --START--
INFO: Run Behavior\WriteHtmlCacheBehavior [ RunTime:0.000000s ]
INFO: [ view_filter ] --END-- [ RunTime:0.000000s ]
INFO: [ app_end ] --START--
INFO: Run Behavior\ShowPageTraceBehavior [ RunTime:0.001000s ]
INFO: [ app_end ] --END-- [ RunTime:0.001000s ]

[ 2017-11-17T17:58:06+08:00 ] ::1 /waimai/Admin/Admin/welcome.html
INFO: [ app_init ] --START--
INFO: Run Behavior\BuildLiteBehavior [ RunTime:0.000000s ]
INFO: [ app_init ] --END-- [ RunTime:0.000000s ]
INFO: [ app_begin ] --START--
INFO: Run Behavior\ReadHtmlCacheBehavior [ RunTime:0.000000s ]
INFO: [ app_begin ] --END-- [ RunTime:0.000000s ]
SQL: SHOW COLUMNS FROM `admin` [ RunTime:0.0080s ]
SQL: SELECT * FROM `admin` LIMIT 1   [ RunTime:0.0000s ]
INFO: [ view_parse ] --START--
INFO: [ template_filter ] --START--
INFO: Run Behavior\ContentReplaceBehavior [ RunTime:0.000000s ]
INFO: [ template_filter ] --END-- [ RunTime:0.000000s ]
INFO: Run Behavior\ParseTemplateBehavior [ RunTime:0.054003s ]
INFO: [ view_parse ] --END-- [ RunTime:0.054003s ]
INFO: [ view_filter ] --START--
INFO: Run Behavior\WriteHtmlCacheBehavior [ RunTime:0.000000s ]
INFO: [ view_filter ] --END-- [ RunTime:0.000000s ]
INFO: [ app_end ] --START--
INFO: Run Behavior\ShowPageTraceBehavior [ RunTime:0.000000s ]
INFO: [ app_end ] --END-- [ RunTime:0.000000s ]

[ 2017-11-17T17:58:12+08:00 ] ::1 /waimai/Admin/Product/index.html
INFO: [ app_init ] --START--
INFO: Run Behavior\BuildLiteBehavior [ RunTime:0.000000s ]
INFO: [ app_init ] --END-- [ RunTime:0.000000s ]
INFO: [ app_begin ] --START--
INFO: Run Behavior\ReadHtmlCacheBehavior [ RunTime:0.000000s ]
INFO: [ app_begin ] --END-- [ RunTime:0.000000s ]
SQL: SHOW COLUMNS FROM `type` [ RunTime:0.0070s ]
SQL: SHOW COLUMNS FROM `product` [ RunTime:0.0080s ]
SQL: SELECT * FROM `product`  [ RunTime:0.0000s ]
SQL: SHOW COLUMNS FROM `type` [ RunTime:0.0070s ]
SQL: SELECT * FROM `type` WHERE ( 1=1 AND type_id='13' ) LIMIT 1   [ RunTime:0.0000s ]
SQL: SELECT * FROM `type` WHERE ( 1=1 AND type_id='13' ) LIMIT 1   [ RunTime:0.0000s ]
SQL: SELECT * FROM `type` WHERE ( 1=1 AND type_id='13' ) LIMIT 1   [ RunTime:0.0010s ]
SQL: SELECT * FROM `type` WHERE ( 1=1 AND type_id='13' ) LIMIT 1   [ RunTime:0.0000s ]
SQL: SELECT * FROM `type` WHERE ( 1=1 AND type_id='13' ) LIMIT 1   [ RunTime:0.0000s ]
SQL: SELECT * FROM `type` WHERE ( 1=1 AND type_id='13' ) LIMIT 1   [ RunTime:0.0000s ]
SQL: SELECT * FROM `type` WHERE ( 1=1 AND type_id='59' ) LIMIT 1   [ RunTime:0.0000s ]
SQL: SELECT * FROM `type` WHERE ( 1=1 AND type_id='13' ) LIMIT 1   [ RunTime:0.0000s ]
SQL: SELECT * FROM `type` WHERE ( 1=1 AND type_id='13' ) LIMIT 1   [ RunTime:0.0000s ]
SQL: SELECT * FROM `type` WHERE ( 1=1 AND type_id='13' ) LIMIT 1   [ RunTime:0.0010s ]
SQL: SELECT * FROM `type` WHERE ( 1=1 AND type_id='13' ) LIMIT 1   [ RunTime:0.0000s ]
SQL: SELECT * FROM `type` WHERE ( 1=1 AND type_id='13' ) LIMIT 1   [ RunTime:0.0000s ]
SQL: SELECT * FROM `type` WHERE ( 1=1 AND type_id='59' ) LIMIT 1   [ RunTime:0.0000s ]
SQL: SELECT * FROM `type` WHERE ( 1=1 AND type_id='13' ) LIMIT 1   [ RunTime:0.0010s ]
SQL: SELECT * FROM `type` WHERE ( 1=1 AND type_id='13' ) LIMIT 1   [ RunTime:0.0000s ]
SQL: SELECT * FROM `type` WHERE ( 1=1 AND type_id='13' ) LIMIT 1   [ RunTime:0.0000s ]
SQL: SELECT * FROM `type` WHERE ( 1=1 AND type_id='13' ) LIMIT 1   [ RunTime:0.0000s ]
SQL: SELECT * FROM `type` WHERE ( 1=1 AND type_id='59' ) LIMIT 1   [ RunTime:0.0010s ]
SQL: SELECT * FROM `type` WHERE ( 1=1 AND type_id='13' ) LIMIT 1   [ RunTime:0.0000s ]
SQL: SELECT * FROM `type` WHERE ( 1=1 AND type_id='13' ) LIMIT 1   [ RunTime:0.0000s ]
SQL: SELECT * FROM `type` WHERE ( 1=1 AND type_id='13' ) LIMIT 1   [ RunTime:0.0000s ]
SQL: SELECT * FROM `type` WHERE ( 1=1 AND type_id='13' ) LIMIT 1   [ RunTime:0.0000s ]
SQL: SELECT * FROM `type` WHERE ( 1=1 AND type_id='13' ) LIMIT 1   [ RunTime:0.0000s ]
SQL: SELECT * FROM `type` WHERE ( 1=1 AND type_id='59' ) LIMIT 1   [ RunTime:0.0000s ]
SQL: SELECT * FROM `type` WHERE ( 1=1 AND type_id='13' ) LIMIT 1   [ RunTime:0.0010s ]
SQL: SELECT * FROM `type` WHERE ( 1=1 AND type_id='13' ) LIMIT 1   [ RunTime:0.0000s ]
SQL: SELECT * FROM `type` WHERE ( 1=1 AND type_id='13' ) LIMIT 1   [ RunTime:0.0000s ]
SQL: SELECT * FROM `type` WHERE ( 1=1 AND type_id='13' ) LIMIT 1   [ RunTime:0.0000s ]
SQL: SELECT * FROM `type` WHERE ( 1=1 AND type_id='13' ) LIMIT 1   [ RunTime:0.0010s ]
SQL: SELECT * FROM `type` WHERE ( 1=1 AND type_id='13' ) LIMIT 1   [ RunTime:0.0000s ]
SQL: SELECT * FROM `type` WHERE ( 1=1 AND type_id='59' ) LIMIT 1   [ RunTime:0.0000s ]
SQL: SELECT * FROM `type` WHERE ( 1=1 AND type_id='13' ) LIMIT 1   [ RunTime:0.0000s ]
SQL: SELECT * FROM `type` WHERE ( 1=1 AND type_id='13' ) LIMIT 1   [ RunTime:0.0000s ]
SQL: SELECT * FROM `type` WHERE ( 1=1 AND type_id='13' ) LIMIT 1   [ RunTime:0.0000s ]
SQL: SELECT * FROM `type` WHERE ( 1=1 AND type_id='13' ) LIMIT 1   [ RunTime:0.0010s ]
SQL: SELECT * FROM `type` WHERE ( 1=1 AND type_id='13' ) LIMIT 1   [ RunTime:0.0000s ]
SQL: SELECT * FROM `type` WHERE ( 1=1 AND type_id='59' ) LIMIT 1   [ RunTime:0.0000s ]
SQL: SELECT * FROM `type` WHERE ( 1=1 AND type_id='13' ) LIMIT 1   [ RunTime:0.0000s ]
SQL: SELECT * FROM `type` WHERE ( 1=1 AND type_id='13' ) LIMIT 1   [ RunTime:0.0000s ]
SQL: SELECT * FROM `type` WHERE ( 1=1 AND type_id='13' ) LIMIT 1   [ RunTime:0.0010s ]
SQL: SELECT * FROM `type` WHERE ( 1=1 AND type_id='13' ) LIMIT 1   [ RunTime:0.0000s ]
SQL: SELECT * FROM `type` WHERE ( 1=1 AND type_id='59' ) LIMIT 1   [ RunTime:0.0000s ]
SQL: SELECT * FROM `type` WHERE ( 1=1 AND type_id='13' ) LIMIT 1   [ RunTime:0.0000s ]
SQL: SELECT * FROM `type` WHERE ( 1=1 AND type_id='13' ) LIMIT 1   [ RunTime:0.0000s ]
SQL: SELECT * FROM `type` WHERE ( 1=1 AND type_id='13' ) LIMIT 1   [ RunTime:0.0010s ]
SQL: SELECT * FROM `type` WHERE ( 1=1 AND type_id='13' ) LIMIT 1   [ RunTime:0.0000s ]
SQL: SELECT * FROM `type` WHERE ( 1=1 AND type_id='13' ) LIMIT 1   [ RunTime:0.0000s ]
SQL: SELECT * FROM `type` WHERE ( 1=1 AND type_id='59' ) LIMIT 1   [ RunTime:0.0000s ]
INFO: [ view_parse ] --START--
INFO: [ template_filter ] --START--
INFO: Run Behavior\ContentReplaceBehavior [ RunTime:0.000000s ]
INFO: [ template_filter ] --END-- [ RunTime:0.000000s ]
INFO: Run Behavior\ParseTemplateBehavior [ RunTime:0.071005s ]
INFO: [ view_parse ] --END-- [ RunTime:0.071005s ]
INFO: [ view_filter ] --START--
INFO: Run Behavior\WriteHtmlCacheBehavior [ RunTime:0.001000s ]
INFO: [ view_filter ] --END-- [ RunTime:0.001000s ]
INFO: [ app_end ] --START--
INFO: Run Behavior\ShowPageTraceBehavior [ RunTime:0.001000s ]
INFO: [ app_end ] --END-- [ RunTime:0.001000s ]

[ 2017-11-17T18:05:09+08:00 ] ::1 /waimai/admin/admin
INFO: [ app_init ] --START--
INFO: Run Behavior\BuildLiteBehavior [ RunTime:0.000000s ]
INFO: [ app_init ] --END-- [ RunTime:0.001000s ]
INFO: [ app_begin ] --START--
INFO: Run Behavior\ReadHtmlCacheBehavior [ RunTime:0.000000s ]
INFO: [ app_begin ] --END-- [ RunTime:0.000000s ]
INFO: [ view_parse ] --START--
INFO: [ template_filter ] --START--
INFO: Run Behavior\ContentReplaceBehavior [ RunTime:0.000000s ]
INFO: [ template_filter ] --END-- [ RunTime:0.000000s ]
INFO: Run Behavior\ParseTemplateBehavior [ RunTime:0.008001s ]
INFO: [ view_parse ] --END-- [ RunTime:0.008001s ]
INFO: [ view_filter ] --START--
INFO: Run Behavior\WriteHtmlCacheBehavior [ RunTime:0.000000s ]
INFO: [ view_filter ] --END-- [ RunTime:0.000000s ]

[ 2017-11-17T18:05:12+08:00 ] ::1 /waimai/Admin/Login/index.html
INFO: [ app_init ] --START--
INFO: Run Behavior\BuildLiteBehavior [ RunTime:0.000000s ]
INFO: [ app_init ] --END-- [ RunTime:0.001000s ]
INFO: [ app_begin ] --START--
INFO: Run Behavior\ReadHtmlCacheBehavior [ RunTime:0.001000s ]
INFO: [ app_begin ] --END-- [ RunTime:0.001000s ]
SQL: SHOW COLUMNS FROM `admin` [ RunTime:0.0060s ]
INFO: [ view_parse ] --START--
INFO: [ template_filter ] --START--
INFO: Run Behavior\ContentReplaceBehavior [ RunTime:0.000000s ]
INFO: [ template_filter ] --END-- [ RunTime:0.000000s ]
NOTIC: [8] Undefined variable: oldusername E:\phpStudy\WWW\waimai\Application\Runtime\Cache\Admin\32ec6c906c117a7c2bf504769276d87a.php 第 48 行.
NOTIC: [8] Undefined variable: oldpassword E:\phpStudy\WWW\waimai\Application\Runtime\Cache\Admin\32ec6c906c117a7c2bf504769276d87a.php 第 54 行.
INFO: Run Behavior\ParseTemplateBehavior [ RunTime:0.006001s ]
INFO: [ view_parse ] --END-- [ RunTime:0.006001s ]
INFO: [ view_filter ] --START--
INFO: Run Behavior\WriteHtmlCacheBehavior [ RunTime:0.000000s ]
INFO: [ view_filter ] --END-- [ RunTime:0.000000s ]
INFO: [ app_end ] --START--
INFO: Run Behavior\ShowPageTraceBehavior [ RunTime:0.001000s ]
INFO: [ app_end ] --END-- [ RunTime:0.001000s ]

